Log file open, 04/21/19 23:20:17
LogWindows: Failed to load 'aqProf.dll' (GetLastError=126)
LogWindows: File 'aqProf.dll' does not exist
LogWindows: Failed to load 'VtuneApi.dll' (GetLastError=126)
LogWindows: File 'VtuneApi.dll' does not exist
LogWindows: Failed to load 'VtuneApi32e.dll' (GetLastError=126)
LogWindows: File 'VtuneApi32e.dll' does not exist
LogConsoleResponse: Display: Failed to find resolution value strings in scalability ini. Falling back to default.
LogInit: Display: Running engine for game: demo2
LogPakFile: Registered encryption key '00000000000000000000000000000000': 0 pak files mounted, 0 remain pending
LogPlatformFile: Not using cached read wrapper
LogTaskGraph: Started task graph with 5 named threads and 14 total threads with 3 sets of task threads.
LogStats: Stats thread started at 0.169024
LogD3D11RHI: Loaded GFSDK_Aftermath_Lib.x64.dll
LogICUInternationalization: ICU TimeZone Detection - Raw Offset: -5:00, Platform Override: ''
LogPluginManager: Mounting plugin Paper2D
LogPluginManager: Mounting plugin AISupport
LogPluginManager: Mounting plugin LightPropagationVolume
LogPluginManager: Mounting plugin OpenCVLensDistortion
LogPluginManager: Mounting plugin ActorLayerUtilities
LogPluginManager: Mounting plugin CLionSourceCodeAccess
LogPluginManager: Mounting plugin CodeLiteSourceCodeAccess
LogPluginManager: Mounting plugin GitSourceControl
LogPluginManager: Mounting plugin KDevelopSourceCodeAccess
LogPluginManager: Mounting plugin NullSourceCodeAccess
LogPluginManager: Mounting plugin PerforceSourceControl
LogPluginManager: Mounting plugin SubversionSourceControl
LogPluginManager: Mounting plugin UObjectPlugin
LogPluginManager: Mounting plugin VisualStudioCodeSourceCodeAccess
LogPluginManager: Mounting plugin VisualStudioSourceCodeAccess
LogPluginManager: Mounting plugin XCodeSourceCodeAccess
LogPluginManager: Mounting plugin AssetManagerEditor
LogPluginManager: Mounting plugin CryptoKeys
LogPluginManager: Mounting plugin DataValidation
LogPluginManager: Mounting plugin FacialAnimation
LogPluginManager: Mounting plugin GameplayTagsEditor
LogPluginManager: Mounting plugin MacGraphicsSwitching
LogPluginManager: Mounting plugin MeshEditor
LogPluginManager: Mounting plugin MobileLauncherProfileWizard
LogPluginManager: Mounting plugin PluginBrowser
LogPluginManager: Mounting plugin SpeedTreeImporter
LogPluginManager: Mounting plugin DatasmithContent
LogPluginManager: Mounting plugin VariantManagerContent
LogPluginManager: Mounting plugin AlembicImporter
LogPluginManager: Mounting plugin AppleImageUtils
LogPluginManager: Mounting plugin AppleVision
LogPluginManager: Mounting plugin BackChannel
LogPluginManager: Mounting plugin CharacterAI
LogPluginManager: Mounting plugin GeometryCache
LogPluginManager: Mounting plugin HTML5Networking
LogPluginManager: Mounting plugin ProxyLODPlugin
LogPluginManager: Mounting plugin MagicLeap
LogPluginManager: Mounting plugin MagicLeapMedia
LogPluginManager: Mounting plugin AndroidMedia
LogPluginManager: Mounting plugin AvfMedia
LogPluginManager: Mounting plugin ImgMedia
LogPluginManager: Mounting plugin LinearTimecode
LogPluginManager: Mounting plugin MediaCompositing
LogPluginManager: Mounting plugin MediaPlayerEditor
LogPluginManager: Mounting plugin WebMMedia
LogPluginManager: Mounting plugin WmfMedia
LogPluginManager: Mounting plugin TcpMessaging
LogPluginManager: Mounting plugin UdpMessaging
LogPluginManager: Mounting plugin ActorSequence
LogPluginManager: Mounting plugin LevelSequenceEditor
LogPluginManager: Mounting plugin MatineeToLevelSequence
LogPluginManager: Mounting plugin NetcodeUnitTest
LogPluginManager: Mounting plugin NUTUnrealEngine4
LogPluginManager: Mounting plugin OnlineSubsystemGooglePlay
LogPluginManager: Mounting plugin OnlineSubsystemIOS
LogPluginManager: Mounting plugin OnlineSubsystem
LogPluginManager: Mounting plugin OnlineSubsystemNull
LogPluginManager: Mounting plugin OnlineSubsystemUtils
LogPluginManager: Mounting plugin LauncherChunkInstaller
LogPluginManager: Mounting plugin AndroidDeviceProfileSelector
LogPluginManager: Mounting plugin AndroidMoviePlayer
LogPluginManager: Mounting plugin AndroidPermission
LogPluginManager: Mounting plugin AppleMoviePlayer
LogPluginManager: Mounting plugin ArchVisCharacter
LogPluginManager: Mounting plugin AudioCapture
LogPluginManager: Mounting plugin CableComponent
LogPluginManager: Mounting plugin CustomMeshComponent
LogPluginManager: Mounting plugin EditableMesh
LogPluginManager: Mounting plugin ExampleDeviceProfileSelector
LogPluginManager: Mounting plugin Firebase
LogPluginManager: Mounting plugin GoogleCloudMessaging
LogPluginManager: Mounting plugin IOSDeviceProfileSelector
LogPluginManager: Mounting plugin LinuxDeviceProfileSelector
LogPluginManager: Mounting plugin LocationServicesBPLibrary
LogPluginManager: Mounting plugin MixedRealityCaptureFramework
LogPluginManager: Mounting plugin MobilePatchingUtils
LogPluginManager: Mounting plugin PhysXVehicles
LogPluginManager: Mounting plugin ProceduralMeshComponent
LogPluginManager: Mounting plugin RuntimePhysXCooking
LogPluginManager: Mounting plugin SteamVR
LogPluginManager: Mounting plugin WebMMoviePlayer
LogPluginManager: Mounting plugin WindowsMixedReality
LogPluginManager: Mounting plugin WindowsMoviePlayer
LogStreaming: Display: Took  0.082s to configure plugins.
LogInit: Using libcurl 7.55.1-DEV
LogInit:  - built for x86_64-pc-win32
LogInit:  - supports SSL with OpenSSL/1.0.2h
LogInit:  - supports HTTP deflate (compression) using libz 1.2.8
LogInit:  - other features:
LogInit:      CURL_VERSION_SSL
LogInit:      CURL_VERSION_LIBZ
LogInit:      CURL_VERSION_IPV6
LogInit:      CURL_VERSION_ASYNCHDNS
LogInit:      CURL_VERSION_LARGEFILE
LogInit:      CURL_VERSION_IDN
LogInit:  CurlRequestOptions (configurable via config and command line):
LogInit:  - bVerifyPeer = true  - Libcurl will verify peer certificate
LogInit:  - bUseHttpProxy = false  - Libcurl will NOT use HTTP proxy
LogInit:  - bDontReuseConnections = false  - Libcurl will reuse connections
LogInit:  - MaxHostConnections = 16  - Libcurl will limit the number of connections to a host
LogInit:  - LocalHostAddr = Default
LogInit:  - BufferSize = 65536
LogInit: WinSock: version 1.1 (2.2), MaxSocks=32767, MaxUdp=65467
LogInit: Build: ++UE4+Release-4.21-CL-4753647
LogInit: Engine Version: 4.21.2-4753647+++UE4+Release-4.21
LogInit: Compatible Engine Version: 4.21.0-4541578+++UE4+Release-4.21
LogInit: Net CL: 4541578
LogInit: OS: Windows 10 (), CPU: Intel(R) Core(TM) i5-7600K CPU @ 3.80GHz, GPU: NVIDIA GeForce GTX 1080
LogInit: Compiled (64-bit): Jan 19 2019 02:07:31
LogInit: Compiled with Visual C++: 19.13.26129.00
LogInit: Build Configuration: Development
LogInit: Branch Name: ++UE4+Release-4.21
LogInit: Command Line:  -EpicPortal -epicusername=WastedWeeb -epicuserid=3fed84e38c52490788c176e8e8f7c192 -epiclocale=en-US
LogInit: Base Directory: C:/Program Files/Epic Games/UE_4.21/Engine/Binaries/Win64/
LogInit: Installed Engine Build: 1
LogDevObjectVersion: Number of dev versions registered: 22
LogDevObjectVersion:   Dev-Blueprints (B0D832E4-1F89-4F0D-ACCF-7EB736FD4AA2): 10
LogDevObjectVersion:   Dev-Build (E1C64328-A22C-4D53-A36C-8E866417BD8C): 0
LogDevObjectVersion:   Dev-Core (375EC13C-06E4-48FB-B500-84F0262A717E): 2
LogDevObjectVersion:   Dev-Editor (E4B068ED-F494-42E9-A231-DA0B2E46BB41): 26
LogDevObjectVersion:   Dev-Framework (CFFC743F-43B0-4480-9391-14DF171D2073): 34
LogDevObjectVersion:   Dev-Mobile (B02B49B5-BB20-44E9-A304-32B752E40360): 2
LogDevObjectVersion:   Dev-Networking (A4E4105C-59A1-49B5-A7C5-40C4547EDFEE): 0
LogDevObjectVersion:   Dev-Online (39C831C9-5AE6-47DC-9A44-9C173E1C8E7C): 0
LogDevObjectVersion:   Dev-Physics (78F01B33-EBEA-4F98-B9B4-84EACCB95AA2): 0
LogDevObjectVersion:   Dev-Platform (6631380F-2D4D-43E0-8009-CF276956A95A): 0
LogDevObjectVersion:   Dev-Rendering (12F88B9F-8875-4AFC-A67C-D90C383ABD29): 27
LogDevObjectVersion:   Dev-Sequencer (7B5AE74C-D270-4C10-A958-57980B212A5A): 9
LogDevObjectVersion:   Dev-VR (D7296918-1DD6-4BDD-9DE2-64A83CC13884): 2
LogDevObjectVersion:   Dev-LoadTimes (C2A15278-BFE7-4AFE-6C17-90FF531DF755): 1
LogDevObjectVersion:   Private-Geometry (6EACA3D4-40EC-4CC1-B786-8BED09428FC5): 3
LogDevObjectVersion:   Dev-AnimPhys (29E575DD-E0A3-4627-9D10-D276232CDCEA): 17
LogDevObjectVersion:   Dev-Anim (AF43A65D-7FD3-4947-9873-3E8ED9C1BB05): 2
LogDevObjectVersion:   Dev-ReflectionCapture (6B266CEC-1EC7-4B8F-A30B-E4D90942FC07): 1
LogDevObjectVersion:   Dev-Automation (0DF73D61-A23F-47EA-B727-89E90C41499A): 1
LogDevObjectVersion:   FortniteMain (601D1886-AC64-4F84-AA16-D3DE0DEAC7D6): 17
LogDevObjectVersion:   Dev-Enterprise (9DFFBCD6-494F-0158-E221-12823C92A888): 4
LogDevObjectVersion:   Dev-Niagara (F2AED0AC-9AFE-416F-8664-AA7FFA26D6FC): 1
LogStreaming: Display: Took  0.004s to delete old logs.
LogLinker: AddRedirectList(C:/Users/Austin/Documents/GroupDFinal/demo2/Saved/Config/Windows/MixedRealityCaptureFramework.ini) has substring redirect /MixedRealityFramework/, these are very slow and should be resolved as soon as possible!
LogInit: Presizing for max 8388607 objects, including 0 objects not considered by GC, pre-allocating 0 bytes for permanent pool.
LogInit: Object subsystem initialized
LogConfig: Setting CVar [[con.DebugEarlyDefault:1]]
LogConfig: Setting CVar [[r.setres:1280x720]]
[2019.04.22-03.20.18:194][  0]LogConfig: Setting CVar [[r.VSync:0]]
[2019.04.22-03.20.18:194][  0]LogConfig: Setting CVar [[r.RHICmdBypass:0]]
[2019.04.22-03.20.18:194][  0]LogConfig: Applying CVar settings from Section [/Script/Engine.RendererSettings] File [C:/Users/Austin/Documents/GroupDFinal/demo2/Saved/Config/Windows/Engine.ini]
[2019.04.22-03.20.18:194][  0]LogConfig: Setting CVar [[r.GPUCrashDebugging:0]]
[2019.04.22-03.20.18:194][  0]LogConfig: Setting CVar [[r.DefaultFeature.AmbientOcclusion:0]]
[2019.04.22-03.20.18:194][  0]LogConfig: Setting CVar [[r.DefaultFeature.AmbientOcclusionStaticFraction:0]]
[2019.04.22-03.20.18:194][  0]LogConfig: Setting CVar [[vr.InstancedStereo:1]]
[2019.04.22-03.20.18:194][  0]LogConfig: Setting CVar [[r.SeparateTranslucency:0]]
[2019.04.22-03.20.18:194][  0]LogConfig: Setting CVar [[r.HZBOcclusion:0]]
[2019.04.22-03.20.18:194][  0]LogConfig: Setting CVar [[r.SSR.MaxRoughness:0]]
[2019.04.22-03.20.18:194][  0]LogConfig: Setting CVar [[r.rhicmdbypass:0]]
[2019.04.22-03.20.18:194][  0]LogConfig: Applying CVar settings from Section [/Script/Engine.RendererOverrideSettings] File [C:/Users/Austin/Documents/GroupDFinal/demo2/Saved/Config/Windows/Engine.ini]
[2019.04.22-03.20.18:194][  0]LogConfig: Applying CVar settings from Section [/Script/Engine.StreamingSettings] File [C:/Users/Austin/Documents/GroupDFinal/demo2/Saved/Config/Windows/Engine.ini]
[2019.04.22-03.20.18:194][  0]LogConfig: Setting CVar [[s.MinBulkDataSizeForAsyncLoading:131072]]
[2019.04.22-03.20.18:194][  0]LogConfig: Setting CVar [[s.AsyncLoadingThreadEnabled:0]]
[2019.04.22-03.20.18:194][  0]LogConfig: Setting CVar [[s.EventDrivenLoaderEnabled:1]]
[2019.04.22-03.20.18:194][  0]LogConfig: Setting CVar [[s.WarnIfTimeLimitExceeded:0]]
[2019.04.22-03.20.18:194][  0]LogConfig: Setting CVar [[s.TimeLimitExceededMultiplier:1.5]]
[2019.04.22-03.20.18:194][  0]LogConfig: Setting CVar [[s.TimeLimitExceededMinTime:0.005]]
[2019.04.22-03.20.18:194][  0]LogConfig: Setting CVar [[s.UseBackgroundLevelStreaming:1]]
[2019.04.22-03.20.18:194][  0]LogConfig: Setting CVar [[s.PriorityAsyncLoadingExtraTime:15.0]]
[2019.04.22-03.20.18:194][  0]LogConfig: Setting CVar [[s.LevelStreamingActorsUpdateTimeLimit:5.0]]
[2019.04.22-03.20.18:194][  0]LogConfig: Setting CVar [[s.PriorityLevelStreamingActorsUpdateExtraTime:5.0]]
[2019.04.22-03.20.18:194][  0]LogConfig: Setting CVar [[s.LevelStreamingComponentsRegistrationGranularity:10]]
[2019.04.22-03.20.18:194][  0]LogConfig: Setting CVar [[s.UnregisterComponentsTimeLimit:1.0]]
[2019.04.22-03.20.18:194][  0]LogConfig: Setting CVar [[s.LevelStreamingComponentsUnregistrationGranularity:5]]
[2019.04.22-03.20.18:194][  0]LogConfig: Applying CVar settings from Section [/Script/Engine.GarbageCollectionSettings] File [C:/Users/Austin/Documents/GroupDFinal/demo2/Saved/Config/Windows/Engine.ini]
[2019.04.22-03.20.18:194][  0]LogConfig: Setting CVar [[gc.MaxObjectsNotConsideredByGC:1]]
[2019.04.22-03.20.18:194][  0]LogConfig: Setting CVar [[gc.SizeOfPermanentObjectPool:0]]
[2019.04.22-03.20.18:194][  0]LogConfig: Setting CVar [[gc.FlushStreamingOnGC:0]]
[2019.04.22-03.20.18:194][  0]LogConfig: Setting CVar [[gc.NumRetriesBeforeForcingGC:10]]
[2019.04.22-03.20.18:194][  0]LogConfig: Setting CVar [[gc.AllowParallelGC:1]]
[2019.04.22-03.20.18:194][  0]LogConfig: Setting CVar [[gc.TimeBetweenPurgingPendingKillObjects:61.1]]
[2019.04.22-03.20.18:194][  0]LogConfig: Setting CVar [[gc.MaxObjectsInEditor:8388607]]
[2019.04.22-03.20.18:195][  0]LogConfig: Setting CVar [[gc.IncrementalBeginDestroyEnabled:1]]
[2019.04.22-03.20.18:195][  0]LogConfig: Setting CVar [[gc.CreateGCClusters:1]]
[2019.04.22-03.20.18:195][  0]LogConfig: Setting CVar [[gc.MergeGCClusters:0]]
[2019.04.22-03.20.18:195][  0]LogConfig: Setting CVar [[gc.MinGCClusterSize:5]]
[2019.04.22-03.20.18:195][  0]LogConfig: Setting CVar [[gc.ActorClusteringEnabled:0]]
[2019.04.22-03.20.18:195][  0]LogConfig: Setting CVar [[gc.BlueprintClusteringEnabled:0]]
[2019.04.22-03.20.18:195][  0]LogConfig: Setting CVar [[gc.UseDisregardForGCOnDedicatedServers:0]]
[2019.04.22-03.20.18:195][  0]LogConfig: Applying CVar settings from Section [/Script/Engine.NetworkSettings] File [C:/Users/Austin/Documents/GroupDFinal/demo2/Saved/Config/Windows/Engine.ini]
[2019.04.22-03.20.18:195][  0]LogConfig: Applying CVar settings from Section [/Script/UnrealEd.CookerSettings] File [C:/Users/Austin/Documents/GroupDFinal/demo2/Saved/Config/Windows/Engine.ini]
[2019.04.22-03.20.18:196][  0]LogConfig: Applying CVar settings from Section [ViewDistanceQuality@3] File [C:/Users/Austin/Documents/GroupDFinal/demo2/Saved/Config/Windows/Scalability.ini]
[2019.04.22-03.20.18:196][  0]LogConfig: Setting CVar [[r.SkeletalMeshLODBias:0]]
[2019.04.22-03.20.18:196][  0]LogConfig: Setting CVar [[r.ViewDistanceScale:1.0]]
[2019.04.22-03.20.18:196][  0]LogConfig: Applying CVar settings from Section [AntiAliasingQuality@3] File [C:/Users/Austin/Documents/GroupDFinal/demo2/Saved/Config/Windows/Scalability.ini]
[2019.04.22-03.20.18:197][  0]LogConfig: Setting CVar [[r.PostProcessAAQuality:3]]
[2019.04.22-03.20.18:197][  0]LogConfig: Applying CVar settings from Section [ShadowQuality@3] File [C:/Users/Austin/Documents/GroupDFinal/demo2/Saved/Config/Windows/Scalability.ini]
[2019.04.22-03.20.18:197][  0]LogConfig: Setting CVar [[r.LightFunctionQuality:1]]
[2019.04.22-03.20.18:197][  0]LogConfig: Setting CVar [[r.ShadowQuality:5]]
[2019.04.22-03.20.18:197][  0]LogConfig: Setting CVar [[r.Shadow.CSM.MaxCascades:10]]
[2019.04.22-03.20.18:197][  0]LogConfig: Setting CVar [[r.Shadow.MaxResolution:2048]]
[2019.04.22-03.20.18:197][  0]LogConfig: Setting CVar [[r.Shadow.MaxCSMResolution:2048]]
[2019.04.22-03.20.18:197][  0]LogConfig: Setting CVar [[r.Shadow.RadiusThreshold:0.01]]
[2019.04.22-03.20.18:197][  0]LogConfig: Setting CVar [[r.Shadow.DistanceScale:1.0]]
[2019.04.22-03.20.18:197][  0]LogConfig: Setting CVar [[r.Shadow.CSM.TransitionScale:1.0]]
[2019.04.22-03.20.18:197][  0]LogConfig: Setting CVar [[r.Shadow.PreShadowResolutionFactor:1.0]]
[2019.04.22-03.20.18:197][  0]LogConfig: Setting CVar [[r.DistanceFieldShadowing:1]]
[2019.04.22-03.20.18:197][  0]LogConfig: Setting CVar [[r.DistanceFieldAO:1]]
[2019.04.22-03.20.18:197][  0]LogConfig: Setting CVar [[r.AOQuality:2]]
[2019.04.22-03.20.18:197][  0]LogConfig: Setting CVar [[r.VolumetricFog:1]]
[2019.04.22-03.20.18:197][  0]LogConfig: Setting CVar [[r.VolumetricFog.GridPixelSize:8]]
[2019.04.22-03.20.18:197][  0]LogConfig: Setting CVar [[r.VolumetricFog.GridSizeZ:128]]
[2019.04.22-03.20.18:197][  0]LogConfig: Setting CVar [[r.VolumetricFog.HistoryMissSupersampleCount:4]]
[2019.04.22-03.20.18:197][  0]LogConfig: Setting CVar [[r.LightMaxDrawDistanceScale:1]]
[2019.04.22-03.20.18:197][  0]LogConfig: Setting CVar [[r.CapsuleShadows:1]]
[2019.04.22-03.20.18:197][  0]LogConfig: Applying CVar settings from Section [PostProcessQuality@3] File [C:/Users/Austin/Documents/GroupDFinal/demo2/Saved/Config/Windows/Scalability.ini]
[2019.04.22-03.20.18:197][  0]LogConfig: Setting CVar [[r.MotionBlurQuality:0]]
[2019.04.22-03.20.18:197][  0]LogConfig: Setting CVar [[r.AmbientOcclusionMipLevelFactor:0.4]]
[2019.04.22-03.20.18:197][  0]LogConfig: Setting CVar [[r.AmbientOcclusionMaxQuality:100]]
[2019.04.22-03.20.18:197][  0]LogConfig: Setting CVar [[r.AmbientOcclusionLevels:0]]
[2019.04.22-03.20.18:197][  0]LogConfig: Setting CVar [[r.AmbientOcclusionRadiusScale:1.0]]
[2019.04.22-03.20.18:197][  0]LogConfig: Setting CVar [[r.DepthOfFieldQuality:0]]
[2019.04.22-03.20.18:197][  0]LogConfig: Setting CVar [[r.RenderTargetPoolMin:400]]
[2019.04.22-03.20.18:197][  0]LogConfig: Setting CVar [[r.LensFlareQuality:0]]
[2019.04.22-03.20.18:197][  0]LogConfig: Setting CVar [[r.SceneColorFringeQuality:0]]
[2019.04.22-03.20.18:197][  0]LogConfig: Setting CVar [[r.EyeAdaptationQuality:2]]
[2019.04.22-03.20.18:197][  0]LogConfig: Setting CVar [[r.BloomQuality:1]]
[2019.04.22-03.20.18:197][  0]LogConfig: Setting CVar [[r.FastBlurThreshold:0]]
[2019.04.22-03.20.18:197][  0]LogConfig: Setting CVar [[r.Upscale.Quality:3]]
[2019.04.22-03.20.18:197][  0]LogConfig: Setting CVar [[r.Tonemapper.GrainQuantization:1]]
[2019.04.22-03.20.18:197][  0]LogConfig: Setting CVar [[r.LightShaftQuality:1]]
[2019.04.22-03.20.18:197][  0]LogConfig: Setting CVar [[r.Filter.SizeScale:1]]
[2019.04.22-03.20.18:197][  0]LogConfig: Setting CVar [[r.Tonemapper.Quality:5]]
[2019.04.22-03.20.18:197][  0]LogConfig: Setting CVar [[r.DOF.Gather.AccumulatorQuality:1        ; higher gathering accumulator quality]]
[2019.04.22-03.20.18:197][  0]LogConfig: Setting CVar [[r.DOF.Gather.PostfilterMethod:1          ; Median3x3 postfilering method]]
[2019.04.22-03.20.18:197][  0]LogConfig: Setting CVar [[r.DOF.Gather.EnableBokehSettings:0       ; no bokeh simulation when gathering]]
[2019.04.22-03.20.18:197][  0]LogConfig: Setting CVar [[r.DOF.Gather.RingCount:4                 ; medium number of samples when gathering]]
[2019.04.22-03.20.18:197][  0]LogConfig: Setting CVar [[r.DOF.Scatter.ForegroundCompositing:1    ; additive foreground scattering]]
[2019.04.22-03.20.18:197][  0]LogConfig: Setting CVar [[r.DOF.Scatter.BackgroundCompositing:2    ; additive background scattering]]
[2019.04.22-03.20.18:197][  0]LogConfig: Setting CVar [[r.DOF.Scatter.EnableBokehSettings:1      ; bokeh simulation when scattering]]
[2019.04.22-03.20.18:197][  0]LogConfig: Setting CVar [[r.DOF.Scatter.MaxSpriteRatio:0.1         ; only a maximum of 10% of scattered bokeh]]
[2019.04.22-03.20.18:197][  0]LogConfig: Setting CVar [[r.DOF.Recombine.Quality:1                ; cheap slight out of focus]]
[2019.04.22-03.20.18:197][  0]LogConfig: Setting CVar [[r.DOF.Recombine.EnableBokehSettings:0    ; no bokeh simulation on slight out of focus]]
[2019.04.22-03.20.18:197][  0]LogConfig: Setting CVar [[r.DOF.TemporalAAQuality:1                ; more stable temporal accumulation]]
[2019.04.22-03.20.18:197][  0]LogConfig: Setting CVar [[r.DOF.Kernel.MaxForegroundRadius:0.025]]
[2019.04.22-03.20.18:197][  0]LogConfig: Setting CVar [[r.DOF.Kernel.MaxBackgroundRadius:0.025]]
[2019.04.22-03.20.18:197][  0]LogConfig: Applying CVar settings from Section [TextureQuality@3] File [C:/Users/Austin/Documents/GroupDFinal/demo2/Saved/Config/Windows/Scalability.ini]
[2019.04.22-03.20.18:197][  0]LogConfig: Setting CVar [[r.Streaming.MipBias:0]]
[2019.04.22-03.20.18:197][  0]LogConfig: Setting CVar [[r.Streaming.AmortizeCPUToGPUCopy:0]]
[2019.04.22-03.20.18:197][  0]LogConfig: Setting CVar [[r.Streaming.MaxNumTexturesToStreamPerFrame:0]]
[2019.04.22-03.20.18:197][  0]LogConfig: Setting CVar [[r.Streaming.Boost:1]]
[2019.04.22-03.20.18:197][  0]LogConfig: Setting CVar [[r.MaxAnisotropy:8]]
[2019.04.22-03.20.18:197][  0]LogConfig: Setting CVar [[r.Streaming.LimitPoolSizeToVRAM:0]]
[2019.04.22-03.20.18:197][  0]LogConfig: Setting CVar [[r.Streaming.PoolSize:1000]]
[2019.04.22-03.20.18:197][  0]LogConfig: Setting CVar [[r.Streaming.MaxEffectiveScreenSize:0]]
[2019.04.22-03.20.18:197][  0]LogConfig: Applying CVar settings from Section [EffectsQuality@3] File [C:/Users/Austin/Documents/GroupDFinal/demo2/Saved/Config/Windows/Scalability.ini]
[2019.04.22-03.20.18:197][  0]LogConfig: Setting CVar [[r.TranslucencyLightingVolumeDim:4]]
[2019.04.22-03.20.18:197][  0]LogConfig: Setting CVar [[r.RefractionQuality:2]]
[2019.04.22-03.20.18:197][  0]LogConfig: Setting CVar [[r.SSR.Quality:0]]
[2019.04.22-03.20.18:197][  0]LogConfig: Setting CVar [[r.SceneColorFormat:2]]
[2019.04.22-03.20.18:197][  0]LogConfig: Setting CVar [[r.DetailMode:2]]
[2019.04.22-03.20.18:197][  0]LogConfig: Setting CVar [[r.TranslucencyVolumeBlur:0]]
[2019.04.22-03.20.18:197][  0]LogConfig: Setting CVar [[r.MaterialQualityLevel:1 ; High quality]]
[2019.04.22-03.20.18:197][  0]LogConfig: Setting CVar [[r.SSS.Scale:1]]
[2019.04.22-03.20.18:197][  0]LogConfig: Setting CVar [[r.SSS.SampleSet:2]]
[2019.04.22-03.20.18:197][  0]LogConfig: Setting CVar [[r.SSS.Quality:1]]
[2019.04.22-03.20.18:197][  0]LogConfig: Setting CVar [[r.SSS.HalfRes:1]]
[2019.04.22-03.20.18:197][  0]LogConfig: Setting CVar [[r.EmitterSpawnRateScale:1.0]]
[2019.04.22-03.20.18:197][  0]LogConfig: Setting CVar [[r.ParticleLightQuality:2]]
[2019.04.22-03.20.18:197][  0]LogConfig: Applying CVar settings from Section [FoliageQuality@3] File [C:/Users/Austin/Documents/GroupDFinal/demo2/Saved/Config/Windows/Scalability.ini]
[2019.04.22-03.20.18:197][  0]LogConfig: Setting CVar [[foliage.DensityScale:1.0]]
[2019.04.22-03.20.18:197][  0]LogConfig: Setting CVar [[grass.DensityScale:1.0]]
[2019.04.22-03.20.18:197][  0]LogInit: Selected Device Profile: [Windows]
[2019.04.22-03.20.18:197][  0]LogInit: Applying CVar settings loaded from the selected device profile: [Windows]
[2019.04.22-03.20.18:211][  0]LogHAL: Display: Platform has ~ 16 GB [17130000384 / 17179869184 / 16], which maps to Larger [LargestMinGB=32, LargerMinGB=12, DefaultMinGB=8, SmallerMinGB=6, SmallestMinGB=0)
[2019.04.22-03.20.18:211][  0]LogConfig: Setting CVar [[r.Vulkan.UseRealUBs:1]]
[2019.04.22-03.20.18:211][  0]LogInit: Going up to parent DeviceProfile []
[2019.04.22-03.20.18:212][  0]LogConfig: Applying CVar settings from Section [ViewDistanceQuality@3] File [C:/Users/Austin/Documents/GroupDFinal/demo2/Saved/Config/Windows/Scalability.ini]
[2019.04.22-03.20.18:212][  0]LogConfig: Setting CVar [[r.SkeletalMeshLODBias:0]]
[2019.04.22-03.20.18:212][  0]LogConfig: Setting CVar [[r.ViewDistanceScale:1.0]]
[2019.04.22-03.20.18:212][  0]LogConfig: Applying CVar settings from Section [AntiAliasingQuality@3] File [C:/Users/Austin/Documents/GroupDFinal/demo2/Saved/Config/Windows/Scalability.ini]
[2019.04.22-03.20.18:212][  0]LogConfig: Setting CVar [[r.PostProcessAAQuality:3]]
[2019.04.22-03.20.18:212][  0]LogConfig: Applying CVar settings from Section [ShadowQuality@3] File [C:/Users/Austin/Documents/GroupDFinal/demo2/Saved/Config/Windows/Scalability.ini]
[2019.04.22-03.20.18:212][  0]LogConfig: Setting CVar [[r.LightFunctionQuality:1]]
[2019.04.22-03.20.18:212][  0]LogConfig: Setting CVar [[r.ShadowQuality:5]]
[2019.04.22-03.20.18:212][  0]LogConfig: Setting CVar [[r.Shadow.CSM.MaxCascades:10]]
[2019.04.22-03.20.18:212][  0]LogConfig: Setting CVar [[r.Shadow.MaxResolution:2048]]
[2019.04.22-03.20.18:212][  0]LogConfig: Setting CVar [[r.Shadow.MaxCSMResolution:2048]]
[2019.04.22-03.20.18:212][  0]LogConfig: Setting CVar [[r.Shadow.RadiusThreshold:0.01]]
[2019.04.22-03.20.18:212][  0]LogConfig: Setting CVar [[r.Shadow.DistanceScale:1.0]]
[2019.04.22-03.20.18:212][  0]LogConfig: Setting CVar [[r.Shadow.CSM.TransitionScale:1.0]]
[2019.04.22-03.20.18:212][  0]LogConfig: Setting CVar [[r.Shadow.PreShadowResolutionFactor:1.0]]
[2019.04.22-03.20.18:212][  0]LogConfig: Setting CVar [[r.DistanceFieldShadowing:1]]
[2019.04.22-03.20.18:212][  0]LogConfig: Setting CVar [[r.DistanceFieldAO:1]]
[2019.04.22-03.20.18:212][  0]LogConfig: Setting CVar [[r.AOQuality:2]]
[2019.04.22-03.20.18:212][  0]LogConfig: Setting CVar [[r.VolumetricFog:1]]
[2019.04.22-03.20.18:212][  0]LogConfig: Setting CVar [[r.VolumetricFog.GridPixelSize:8]]
[2019.04.22-03.20.18:212][  0]LogConfig: Setting CVar [[r.VolumetricFog.GridSizeZ:128]]
[2019.04.22-03.20.18:212][  0]LogConfig: Setting CVar [[r.VolumetricFog.HistoryMissSupersampleCount:4]]
[2019.04.22-03.20.18:212][  0]LogConfig: Setting CVar [[r.LightMaxDrawDistanceScale:1]]
[2019.04.22-03.20.18:212][  0]LogConfig: Setting CVar [[r.CapsuleShadows:1]]
[2019.04.22-03.20.18:212][  0]LogConfig: Applying CVar settings from Section [PostProcessQuality@3] File [C:/Users/Austin/Documents/GroupDFinal/demo2/Saved/Config/Windows/Scalability.ini]
[2019.04.22-03.20.18:212][  0]LogConfig: Setting CVar [[r.MotionBlurQuality:0]]
[2019.04.22-03.20.18:212][  0]LogConfig: Setting CVar [[r.AmbientOcclusionMipLevelFactor:0.4]]
[2019.04.22-03.20.18:212][  0]LogConfig: Setting CVar [[r.AmbientOcclusionMaxQuality:100]]
[2019.04.22-03.20.18:212][  0]LogConfig: Setting CVar [[r.AmbientOcclusionLevels:0]]
[2019.04.22-03.20.18:212][  0]LogConfig: Setting CVar [[r.AmbientOcclusionRadiusScale:1.0]]
[2019.04.22-03.20.18:212][  0]LogConfig: Setting CVar [[r.DepthOfFieldQuality:0]]
[2019.04.22-03.20.18:212][  0]LogConfig: Setting CVar [[r.RenderTargetPoolMin:400]]
[2019.04.22-03.20.18:212][  0]LogConfig: Setting CVar [[r.LensFlareQuality:0]]
[2019.04.22-03.20.18:212][  0]LogConfig: Setting CVar [[r.SceneColorFringeQuality:0]]
[2019.04.22-03.20.18:212][  0]LogConfig: Setting CVar [[r.EyeAdaptationQuality:2]]
[2019.04.22-03.20.18:212][  0]LogConfig: Setting CVar [[r.BloomQuality:1]]
[2019.04.22-03.20.18:212][  0]LogConfig: Setting CVar [[r.FastBlurThreshold:0]]
[2019.04.22-03.20.18:212][  0]LogConfig: Setting CVar [[r.Upscale.Quality:3]]
[2019.04.22-03.20.18:212][  0]LogConfig: Setting CVar [[r.Tonemapper.GrainQuantization:1]]
[2019.04.22-03.20.18:212][  0]LogConfig: Setting CVar [[r.LightShaftQuality:1]]
[2019.04.22-03.20.18:212][  0]LogConfig: Setting CVar [[r.Filter.SizeScale:1]]
[2019.04.22-03.20.18:212][  0]LogConfig: Setting CVar [[r.Tonemapper.Quality:5]]
[2019.04.22-03.20.18:212][  0]LogConfig: Setting CVar [[r.DOF.Gather.AccumulatorQuality:1        ; higher gathering accumulator quality]]
[2019.04.22-03.20.18:212][  0]LogConfig: Setting CVar [[r.DOF.Gather.PostfilterMethod:1          ; Median3x3 postfilering method]]
[2019.04.22-03.20.18:212][  0]LogConfig: Setting CVar [[r.DOF.Gather.EnableBokehSettings:0       ; no bokeh simulation when gathering]]
[2019.04.22-03.20.18:212][  0]LogConfig: Setting CVar [[r.DOF.Gather.RingCount:4                 ; medium number of samples when gathering]]
[2019.04.22-03.20.18:212][  0]LogConfig: Setting CVar [[r.DOF.Scatter.ForegroundCompositing:1    ; additive foreground scattering]]
[2019.04.22-03.20.18:212][  0]LogConfig: Setting CVar [[r.DOF.Scatter.BackgroundCompositing:2    ; additive background scattering]]
[2019.04.22-03.20.18:212][  0]LogConfig: Setting CVar [[r.DOF.Scatter.EnableBokehSettings:1      ; bokeh simulation when scattering]]
[2019.04.22-03.20.18:212][  0]LogConfig: Setting CVar [[r.DOF.Scatter.MaxSpriteRatio:0.1         ; only a maximum of 10% of scattered bokeh]]
[2019.04.22-03.20.18:212][  0]LogConfig: Setting CVar [[r.DOF.Recombine.Quality:1                ; cheap slight out of focus]]
[2019.04.22-03.20.18:212][  0]LogConfig: Setting CVar [[r.DOF.Recombine.EnableBokehSettings:0    ; no bokeh simulation on slight out of focus]]
[2019.04.22-03.20.18:212][  0]LogConfig: Setting CVar [[r.DOF.TemporalAAQuality:1                ; more stable temporal accumulation]]
[2019.04.22-03.20.18:212][  0]LogConfig: Setting CVar [[r.DOF.Kernel.MaxForegroundRadius:0.025]]
[2019.04.22-03.20.18:212][  0]LogConfig: Setting CVar [[r.DOF.Kernel.MaxBackgroundRadius:0.025]]
[2019.04.22-03.20.18:212][  0]LogConfig: Applying CVar settings from Section [TextureQuality@3] File [C:/Users/Austin/Documents/GroupDFinal/demo2/Saved/Config/Windows/Scalability.ini]
[2019.04.22-03.20.18:212][  0]LogConfig: Setting CVar [[r.Streaming.MipBias:0]]
[2019.04.22-03.20.18:212][  0]LogConfig: Setting CVar [[r.Streaming.AmortizeCPUToGPUCopy:0]]
[2019.04.22-03.20.18:212][  0]LogConfig: Setting CVar [[r.Streaming.MaxNumTexturesToStreamPerFrame:0]]
[2019.04.22-03.20.18:212][  0]LogConfig: Setting CVar [[r.Streaming.Boost:1]]
[2019.04.22-03.20.18:212][  0]LogConfig: Setting CVar [[r.MaxAnisotropy:8]]
[2019.04.22-03.20.18:212][  0]LogConfig: Setting CVar [[r.Streaming.LimitPoolSizeToVRAM:0]]
[2019.04.22-03.20.18:212][  0]LogConfig: Setting CVar [[r.Streaming.PoolSize:1000]]
[2019.04.22-03.20.18:212][  0]LogConfig: Setting CVar [[r.Streaming.MaxEffectiveScreenSize:0]]
[2019.04.22-03.20.18:212][  0]LogConfig: Applying CVar settings from Section [EffectsQuality@3] File [C:/Users/Austin/Documents/GroupDFinal/demo2/Saved/Config/Windows/Scalability.ini]
[2019.04.22-03.20.18:212][  0]LogConfig: Setting CVar [[r.TranslucencyLightingVolumeDim:4]]
[2019.04.22-03.20.18:212][  0]LogConfig: Setting CVar [[r.RefractionQuality:2]]
[2019.04.22-03.20.18:212][  0]LogConfig: Setting CVar [[r.SSR.Quality:0]]
[2019.04.22-03.20.18:212][  0]LogConfig: Setting CVar [[r.SceneColorFormat:2]]
[2019.04.22-03.20.18:212][  0]LogConfig: Setting CVar [[r.DetailMode:2]]
[2019.04.22-03.20.18:212][  0]LogConfig: Setting CVar [[r.TranslucencyVolumeBlur:0]]
[2019.04.22-03.20.18:212][  0]LogConfig: Setting CVar [[r.MaterialQualityLevel:1 ; High quality]]
[2019.04.22-03.20.18:212][  0]LogConfig: Setting CVar [[r.SSS.Scale:1]]
[2019.04.22-03.20.18:212][  0]LogConfig: Setting CVar [[r.SSS.SampleSet:2]]
[2019.04.22-03.20.18:212][  0]LogConfig: Setting CVar [[r.SSS.Quality:1]]
[2019.04.22-03.20.18:212][  0]LogConfig: Setting CVar [[r.SSS.HalfRes:1]]
[2019.04.22-03.20.18:212][  0]LogConfig: Setting CVar [[r.EmitterSpawnRateScale:1.0]]
[2019.04.22-03.20.18:212][  0]LogConfig: Setting CVar [[r.ParticleLightQuality:2]]
[2019.04.22-03.20.18:212][  0]LogConfig: Applying CVar settings from Section [FoliageQuality@3] File [C:/Users/Austin/Documents/GroupDFinal/demo2/Saved/Config/Windows/Scalability.ini]
[2019.04.22-03.20.18:212][  0]LogConfig: Setting CVar [[foliage.DensityScale:1.0]]
[2019.04.22-03.20.18:212][  0]LogConfig: Setting CVar [[grass.DensityScale:1.0]]
[2019.04.22-03.20.18:212][  0]LogConfig: Applying CVar settings from Section [Startup] File [../../../Engine/Config/ConsoleVariables.ini]
[2019.04.22-03.20.18:213][  0]LogConfig: Setting CVar [[net.UseAdaptiveNetUpdateFrequency:0]]
[2019.04.22-03.20.18:213][  0]LogConfig: Applying CVar settings from Section [ConsoleVariables] File [C:/Users/Austin/Documents/GroupDFinal/demo2/Saved/Config/Windows/Engine.ini]
[2019.04.22-03.20.18:213][  0]LogInit: Computer: DESKTOP-M6L24M7
[2019.04.22-03.20.18:213][  0]LogInit: User: Austin
[2019.04.22-03.20.18:213][  0]LogInit: CPU Page size=4096, Cores=4
[2019.04.22-03.20.18:213][  0]LogInit: High frequency timer resolution =3.703129 MHz
[2019.04.22-03.20.18:213][  0]LogMemory: Memory total: Physical=16.0GB (16GB approx)
[2019.04.22-03.20.18:213][  0]LogMemory: Platform Memory Stats for Windows
[2019.04.22-03.20.18:213][  0]LogMemory: Process Physical Memory: 104.39 MB used, 104.39 MB peak
[2019.04.22-03.20.18:213][  0]LogMemory: Process Virtual Memory: 90.23 MB used, 90.23 MB peak
[2019.04.22-03.20.18:213][  0]LogMemory: Physical Memory: 4168.54 MB used,  12167.90 MB free, 16336.44 MB total
[2019.04.22-03.20.18:213][  0]LogMemory: Virtual Memory: 4658.33 MB used,  134213072.00 MB free, 134217728.00 MB total
[2019.04.22-03.20.18:227][  0]LogInit: Using OS detected language (en-US).
[2019.04.22-03.20.18:227][  0]LogInit: Using OS detected locale (en-US).
[2019.04.22-03.20.18:228][  0]LogTextLocalizationManager: No specific localization for 'en-US' exists, so the 'en' localization will be used.
[2019.04.22-03.20.18:555][  0]LogStreaming: Display: Took  0.328s to InitEngineTextLocalization.
[2019.04.22-03.20.18:555][  0]LogInit: Setting process to per monitor DPI aware
[2019.04.22-03.20.18:579][  0]LogSlate: New Slate User Created.  User Index 0, Is Virtual User: 0
[2019.04.22-03.20.18:579][  0]LogSlate: Slate User Registered.  User Index 0, Is Virtual User: 0
[2019.04.22-03.20.18:719][  0]LogD3D11RHI: D3D11 adapters:
[2019.04.22-03.20.18:780][  0]LogD3D11RHI:    0. 'NVIDIA GeForce GTX 1080' (Feature Level 11_0)
[2019.04.22-03.20.18:780][  0]LogD3D11RHI:       8079/0/8168 MB DedicatedVideo/DedicatedSystem/SharedSystem, Outputs:1, VendorId:0x10de
[2019.04.22-03.20.18:782][  0]LogD3D11RHI:    1. 'Microsoft Basic Render Driver' (Feature Level 11_0)
[2019.04.22-03.20.18:782][  0]LogD3D11RHI:       0/0/8168 MB DedicatedVideo/DedicatedSystem/SharedSystem, Outputs:0, VendorId:0x1414
[2019.04.22-03.20.18:782][  0]LogD3D11RHI: Chosen D3D11 Adapter: 0
[2019.04.22-03.20.18:787][  0]LogD3D11RHI: Creating new Direct3DDevice
[2019.04.22-03.20.18:787][  0]LogD3D11RHI:     GPU DeviceId: 0x1b80 (for the marketing name, search the web for "GPU Device Id")
[2019.04.22-03.20.18:787][  0]LogWindows: EnumDisplayDevices:
[2019.04.22-03.20.18:787][  0]LogWindows:    0. 'NVIDIA GeForce GTX 1080' (P:1 D:1)
[2019.04.22-03.20.18:787][  0]LogWindows:    1. 'NVIDIA GeForce GTX 1080' (P:0 D:0)
[2019.04.22-03.20.18:788][  0]LogWindows:    2. 'NVIDIA GeForce GTX 1080' (P:0 D:0)
[2019.04.22-03.20.18:788][  0]LogWindows:    3. 'NVIDIA GeForce GTX 1080' (P:0 D:0)
[2019.04.22-03.20.18:788][  0]LogWindows: DebugString: FoundDriverCount:4 
[2019.04.22-03.20.18:788][  0]LogD3D11RHI:     Adapter Name: NVIDIA GeForce GTX 1080
[2019.04.22-03.20.18:788][  0]LogD3D11RHI:   Driver Version: 418.81 (internal:25.21.14.1881, unified:418.81)
[2019.04.22-03.20.18:788][  0]LogD3D11RHI:      Driver Date: 1-30-2019
[2019.04.22-03.20.18:788][  0]LogRHI: Texture pool is 5655 MB (70% of 8079 MB)
[2019.04.22-03.20.18:822][  0]LogD3D11RHI: Async texture creation enabled
[2019.04.22-03.20.18:846][  0]LogD3D11RHI: GPU Timing Frequency: 1000.000000 (Debug: 2 1)
[2019.04.22-03.20.19:122][  0]LogTemp: Display: Loaded TP AllDesktopTargetPlatform
[2019.04.22-03.20.19:132][  0]LogTemp: Display: Loaded TP MacClientTargetPlatform
[2019.04.22-03.20.19:143][  0]LogTemp: Display: Loaded TP MacNoEditorTargetPlatform
[2019.04.22-03.20.19:154][  0]LogTemp: Display: Loaded TP MacServerTargetPlatform
[2019.04.22-03.20.19:164][  0]LogTemp: Display: Loaded TP MacTargetPlatform
[2019.04.22-03.20.19:175][  0]LogTemp: Display: Loaded TP WindowsClientTargetPlatform
[2019.04.22-03.20.19:185][  0]LogTemp: Display: Loaded TP WindowsNoEditorTargetPlatform
[2019.04.22-03.20.19:195][  0]LogTemp: Display: Loaded TP WindowsServerTargetPlatform
[2019.04.22-03.20.19:200][  0]LogTemp: Display: Loaded TP WindowsTargetPlatform
[2019.04.22-03.20.19:258][  0]LogTemp: Display: Loaded TP AndroidTargetPlatform
[2019.04.22-03.20.19:258][  0]LogTemp: Display: Loaded TP AndroidTargetPlatform
[2019.04.22-03.20.19:258][  0]LogTemp: Display: Loaded TP AndroidTargetPlatform
[2019.04.22-03.20.19:258][  0]LogTemp: Display: Loaded TP AndroidTargetPlatform
[2019.04.22-03.20.19:258][  0]LogTemp: Display: Loaded TP AndroidTargetPlatform
[2019.04.22-03.20.19:258][  0]LogTemp: Display: Loaded TP AndroidTargetPlatform
[2019.04.22-03.20.19:258][  0]LogTemp: Display: Loaded TP AndroidTargetPlatform
[2019.04.22-03.20.19:258][  0]LogTemp: Display: Loaded TP AndroidTargetPlatform
[2019.04.22-03.20.19:258][  0]LogTemp: Display: Loaded TP AndroidTargetPlatform
[2019.04.22-03.20.19:258][  0]LogTemp: Display: Loaded TP AndroidTargetPlatform
[2019.04.22-03.20.19:258][  0]LogTemp: Display: Loaded TP AndroidTargetPlatform
[2019.04.22-03.20.19:258][  0]LogTemp: Display: Loaded TP AndroidTargetPlatform
[2019.04.22-03.20.19:258][  0]LogTemp: Display: Loaded TP AndroidTargetPlatform
[2019.04.22-03.20.19:258][  0]LogTemp: Display: Loaded TP AndroidTargetPlatform
[2019.04.22-03.20.19:258][  0]LogTemp: Display: Loaded TP AndroidTargetPlatform
[2019.04.22-03.20.19:258][  0]LogTemp: Display: Loaded TP AndroidTargetPlatform
[2019.04.22-03.20.19:258][  0]LogTemp: Display: Loaded TP AndroidTargetPlatform
[2019.04.22-03.20.19:259][  0]LogTemp: Display: Loaded TP AndroidTargetPlatform
[2019.04.22-03.20.19:260][  0]LogTemp: Display: Loaded TP HTML5TargetPlatform
[2019.04.22-03.20.19:313][  0]LogTemp: Display: Loaded TP IOSTargetPlatform
[2019.04.22-03.20.19:313][  0]LogTemp: Display: Loaded TP IOSTargetPlatform
[2019.04.22-03.20.19:331][  0]LogTemp: Display: Loaded TP TVOSTargetPlatform
[2019.04.22-03.20.19:332][  0]LogTemp: Display: Loaded TP TVOSTargetPlatform
[2019.04.22-03.20.19:341][  0]LogTemp: Display: Loaded TP LinuxClientTargetPlatform
[2019.04.22-03.20.19:351][  0]LogTemp: Display: Loaded TP LinuxNoEditorTargetPlatform
[2019.04.22-03.20.19:360][  0]LogTemp: Display: Loaded TP LinuxServerTargetPlatform
[2019.04.22-03.20.19:370][  0]LogTemp: Display: Loaded TP LinuxTargetPlatform
[2019.04.22-03.20.19:406][  0]LogTemp: Display: Loaded TP LuminTargetPlatform
[2019.04.22-03.20.19:406][  0]LogTemp: Display: Loaded TP LuminTargetPlatform
[2019.04.22-03.20.19:406][  0]LogTargetPlatformManager: Display: Building Assets For Windows
[2019.04.22-03.20.19:452][  0]LogShaderCompilers: Guid format shader working directory is -11 characters bigger than the processId version (../../../../../../Users/Austin/Documents/GroupDFinal/demo2/Intermediate/Shaders/WorkingDirectory/9336/).
[2019.04.22-03.20.19:452][  0]LogShaderCompilers: Cleaned the shader compiler working directory 'C:/Users/Austin/AppData/Local/Temp/UnrealShaderWorkingDir/BD645B2A4773021915954E9814C16E6E/'.
[2019.04.22-03.20.19:454][  0]LogXGEController: Cannot use XGE Controller as Incredibuild is not installed on this machine.
[2019.04.22-03.20.19:454][  0]LogShaderCompilers: Cannot use XGE Shader Compiler as Incredibuild is not installed on this machine.
[2019.04.22-03.20.19:454][  0]LogShaderCompilers: Display: Using Local Shader Compiler.
[2019.04.22-03.20.19:906][  0]LogDerivedDataCache: Display: Max Cache Size: 512 MB
[2019.04.22-03.20.19:958][  0]LogDerivedDataCache: Loaded boot cache 0.05s 85MB C:/Users/Austin/AppData/Local/UnrealEngine/4.21/DerivedDataCache/Boot.ddc.
[2019.04.22-03.20.19:958][  0]LogDerivedDataCache: Display: Loaded Boot cache: C:/Users/Austin/AppData/Local/UnrealEngine/4.21/DerivedDataCache/Boot.ddc
[2019.04.22-03.20.19:958][  0]LogDerivedDataCache: FDerivedDataBackendGraph:  Pak pak cache file ../../../../../../Users/Austin/Documents/GroupDFinal/demo2/DerivedDataCache/DDC.ddp not found, will not use a pak cache.
[2019.04.22-03.20.19:959][  0]LogDerivedDataCache: Unable to find inner node Pak for hierarchical cache Hierarchy.
[2019.04.22-03.20.19:959][  0]LogDerivedDataCache: FDerivedDataBackendGraph:  CompressedPak pak cache file ../../../../../../Users/Austin/Documents/GroupDFinal/demo2/DerivedDataCache/Compressed.ddp not found, will not use a pak cache.
[2019.04.22-03.20.19:959][  0]LogDerivedDataCache: Unable to find inner node CompressedPak for hierarchical cache Hierarchy.
[2019.04.22-03.20.19:971][  0]LogDerivedDataCache: Display: Pak cache opened for reading ../../../Engine/DerivedDataCache/Compressed.ddp.
[2019.04.22-03.20.19:971][  0]LogDerivedDataCache: FDerivedDataBackendGraph:  EnterprisePak pak cache file ../../../Enterprise/DerivedDataCache/Compressed.ddp not found, will not use a pak cache.
[2019.04.22-03.20.19:971][  0]LogDerivedDataCache: Unable to find inner node EnterprisePak for hierarchical cache Hierarchy.
[2019.04.22-03.20.19:983][  0]LogDerivedDataCache: Using Local data cache path C:/Users/Austin/AppData/Local/UnrealEngine/Common/DerivedDataCache: Writable
[2019.04.22-03.20.19:983][  0]LogDerivedDataCache: Shared data cache path not found in *engine.ini, will not use an Shared cache.
[2019.04.22-03.20.19:983][  0]LogDerivedDataCache: Unable to find inner node Shared for hierarchical cache Hierarchy.
[2019.04.22-03.20.20:002][  0]LogMaterial: Verifying Global Shaders for PCD3D_SM5
[2019.04.22-03.20.20:003][  0]LogSlate: Using FreeType 2.6.0
[2019.04.22-03.20.20:004][  0]LogSlate: SlateFontServices - WITH_FREETYPE: 1, WITH_HARFBUZZ: 1
[2019.04.22-03.20.20:076][  0]LogAssetRegistry: FAssetRegistry took 0.0306 seconds to start up
[2019.04.22-03.20.20:340][  0]LogInit: Selected Device Profile: [Windows]
[2019.04.22-03.20.20:461][  0]LogSimplygon: Simplygon DLL not present - disabling.
[2019.04.22-03.20.20:463][  0]LogMeshReduction: Using SimplygonSwarm for distributed automatic mesh merging
[2019.04.22-03.20.20:464][  0]LogMeshReduction: Using ProxyLODMeshReduction for automatic mesh merging
[2019.04.22-03.20.20:464][  0]LogMeshReduction: Using QuadricMeshReduction for automatic static mesh reduction
[2019.04.22-03.20.20:464][  0]LogMeshReduction: No automatic skeletal mesh reduction module available
[2019.04.22-03.20.20:474][  0]LogNetVersion: demo2 1.0.0, NetCL: 4541578, EngineNetVer: 5, GameNetVer: 0 (Checksum: 2724325696)
[2019.04.22-03.20.20:898][  0]LogPackageLocalizationCache: Processed 12 localized package path(s) for 2 prioritized culture(s) in 0.090133 seconds
[2019.04.22-03.20.20:903][  0]LogUObjectArray: 39679 objects as part of root set at end of initial load.
[2019.04.22-03.20.20:903][  0]LogUObjectAllocator: 6899216 out of 0 bytes used by permanent object pool.
[2019.04.22-03.20.20:903][  0]LogUObjectArray: CloseDisregardForGC: 0/0 objects in disregard for GC pool
[2019.04.22-03.20.21:593][  0]LogTcpMessaging: Initializing TcpMessaging bridge
[2019.04.22-03.20.21:605][  0]LogUdpMessaging: Initializing bridge on interface 0.0.0.0:0 to multicast group 230.0.0.1:6666.
[2019.04.22-03.20.21:707][  0]SourceControl: Source control is disabled
[2019.04.22-03.20.21:707][  0]SourceControl: Source control is disabled
[2019.04.22-03.20.21:708][  0]SourceControl: Source control is disabled
[2019.04.22-03.20.21:709][  0]SourceControl: Source control is disabled
[2019.04.22-03.20.21:863][  0]LogAndroidPermission: UAndroidPermissionCallbackProxy::GetInstance
[2019.04.22-03.20.22:094][  0]LogEngine: Initializing Engine...
[2019.04.22-03.20.22:096][  0]LogStats: UGameplayTagsManager::ConstructGameplayTagTree: ImportINI prefixes -  0.000 s
[2019.04.22-03.20.22:096][  0]LogStats: UGameplayTagsManager::ConstructGameplayTagTree: Construct from data asset -  0.000 s
[2019.04.22-03.20.22:096][  0]LogStats: UGameplayTagsManager::ConstructGameplayTagTree: ImportINI -  0.000 s
[2019.04.22-03.20.22:096][  0]LogStats: UGameplayTagsManager::ConstructGameplayTagTree: GameplayTagTreeChangedEvent.Broadcast -  0.000 s
[2019.04.22-03.20.22:289][  0]LogInit: Initializing FReadOnlyCVARCache
[2019.04.22-03.20.22:301][  0]LogAIModule: Creating AISystem for world Untitled
[2019.04.22-03.20.22:311][  0]LogInit: XAudio2 using 'Dell S2716DG (NVIDIA High Definition Audio)' : 2 channels at 48 kHz using 16 bits per sample (channel mask 0x3)
[2019.04.22-03.20.22:331][  0]LogInit: FAudioDevice initialized.
[2019.04.22-03.20.22:331][  0]LogNetVersion: Set ProjectVersion to 1.0.0.0. Version Checksum will be recalculated on next use.
[2019.04.22-03.20.22:403][  0]LogDerivedDataCache: Saved boot cache 0.07s 85MB C:/Users/Austin/AppData/Local/UnrealEngine/4.21/DerivedDataCache/Boot.ddc.
[2019.04.22-03.20.22:420][  0]LogInit: Texture streaming: Enabled
[2019.04.22-03.20.22:433][  0]LogEngineSessionManager: EngineSessionManager initialized
[2019.04.22-03.20.22:443][  0]LogInit: Transaction tracking system initialized
[2019.04.22-03.20.22:462][  0]BlueprintLog: New page: Editor Load
[2019.04.22-03.20.22:519][  0]LocalizationService: Localization service is disabled
[2019.04.22-03.20.23:101][  0]LogFileCache: Scanning file cache for directory 'C:/Users/Austin/Documents/GroupDFinal/demo2/Content/' took 0.01s
[2019.04.22-03.20.23:101][  0]LogCook: Display: Max memory allowance for cook 16384mb min free memory 0mb
[2019.04.22-03.20.23:101][  0]LogCook: Display: Mobile HDR setting 1
[2019.04.22-03.20.23:101][  0]LogGameplayTags: Display: UGameplayTagsManager::DoneAddingNativeTags. DelegateIsBound: 0
[2019.04.22-03.20.23:101][  0]LogStats: UGameplayTagsManager::ConstructGameplayTagTree: ImportINI prefixes -  0.000 s
[2019.04.22-03.20.23:101][  0]LogStats: UGameplayTagsManager::ConstructGameplayTagTree: Construct from data asset -  0.000 s
[2019.04.22-03.20.23:101][  0]LogStats: UGameplayTagsManager::ConstructGameplayTagTree: ImportINI -  0.000 s
[2019.04.22-03.20.23:101][  0]LogStats: UGameplayTagsManager::ConstructGameplayTagTree: GameplayTagTreeChangedEvent.Broadcast -  0.000 s
[2019.04.22-03.20.23:334][  0]SourceControl: Source control is disabled
[2019.04.22-03.20.23:334][  0]Cmd: MAP LOAD FILE="../../../../../../Users/Austin/Documents/GroupDFinal/demo2/Content/VirtualRealityBP/Maps/StartupMap.umap" TEMPLATE=0 SHOWPROGRESS=1 FEATURELEVEL=3
[2019.04.22-03.20.23:340][  0]LightingResults: New page: Lighting Build
[2019.04.22-03.20.23:342][  0]MapCheck: New page: Map Check
[2019.04.22-03.20.23:342][  0]LightingResults: New page: Lighting Build
[2019.04.22-03.20.23:584][  0]LogAIModule: Creating AISystem for world StartupMap
[2019.04.22-03.20.23:593][  0]LogEditorServer: Finished looking for orphan Actors (0.000 secs)
[2019.04.22-03.20.23:613][  0]Cmd: MAP CHECKDEP NOCLEARLOG
[2019.04.22-03.20.23:613][  0]MapCheck: Map check complete: 0 Error(s), 0 Warning(s), took 0.125ms to complete.
[2019.04.22-03.20.23:613][  0]LogFileHelpers: Loading map 'StartupMap' took 0.279
[2019.04.22-03.20.23:737][  0]LogSlate: Updating window title bar state: overlay mode, drag disabled, window buttons hidden, title bar hidden
[2019.04.22-03.20.23:744][  0]LogSlate: Updating window title bar state: overlay mode, drag disabled, window buttons hidden, title bar hidden
[2019.04.22-03.20.23:749][  0]LogSlate: Updating window title bar state: overlay mode, drag disabled, window buttons hidden, title bar hidden
[2019.04.22-03.20.23:757][  0]LogSlate: Updating window title bar state: overlay mode, drag disabled, window buttons hidden, title bar hidden
[2019.04.22-03.20.23:772][  0]LogCollectionManager: Loaded 0 collections in 0.001670 seconds
[2019.04.22-03.20.23:819][  0]LogFileCache: Scanning file cache for directory 'C:/Users/Austin/Documents/GroupDFinal/demo2/Saved/Collections/' took 0.01s
[2019.04.22-03.20.23:819][  0]LogFileCache: Scanning file cache for directory 'C:/Users/Austin/Documents/GroupDFinal/demo2/Content/Developers/Austin/Collections/' took 0.00s
[2019.04.22-03.20.23:819][  0]LogFileCache: Scanning file cache for directory 'C:/Users/Austin/Documents/GroupDFinal/demo2/Content/Collections/' took 0.01s
[2019.04.22-03.20.23:819][  0]LogCollectionManager: Rebuilt the GUID cache for 0 collections in 0.000000 seconds
[2019.04.22-03.20.23:829][  0]LogContentBrowser: Native class hierarchy populated in 0.0079 seconds. Added 2664 classes and 626 folders.
[2019.04.22-03.20.23:843][  0]LogContentBrowser: Native class hierarchy updated for 'WidgetCarousel' in 0.0003 seconds. Added 0 classes and 0 folders.
[2019.04.22-03.20.23:855][  0]LogPakFile: Registered encryption key '00000000000000000000000000000000': 0 pak files mounted, 0 remain pending
[2019.04.22-03.20.23:863][  0]LogPakFile: Registered encryption key '00000000000000000000000000000000': 0 pak files mounted, 0 remain pending
[2019.04.22-03.20.23:875][  0]LogPakFile: Registered encryption key '00000000000000000000000000000000': 0 pak files mounted, 0 remain pending
[2019.04.22-03.20.23:881][  0]LogPakFile: Registered encryption key '00000000000000000000000000000000': 0 pak files mounted, 0 remain pending
[2019.04.22-03.20.23:887][  0]LogPakFile: Registered encryption key '00000000000000000000000000000000': 0 pak files mounted, 0 remain pending
[2019.04.22-03.20.23:892][  0]LogPakFile: Registered encryption key '00000000000000000000000000000000': 0 pak files mounted, 0 remain pending
[2019.04.22-03.20.23:897][  0]LogPakFile: Registered encryption key '00000000000000000000000000000000': 0 pak files mounted, 0 remain pending
[2019.04.22-03.20.23:902][  0]LogPakFile: Registered encryption key '00000000000000000000000000000000': 0 pak files mounted, 0 remain pending
[2019.04.22-03.20.23:907][  0]LogPakFile: Registered encryption key '00000000000000000000000000000000': 0 pak files mounted, 0 remain pending
[2019.04.22-03.20.23:913][  0]LogPakFile: Registered encryption key '00000000000000000000000000000000': 0 pak files mounted, 0 remain pending
[2019.04.22-03.20.23:920][  0]LogPakFile: Registered encryption key '00000000000000000000000000000000': 0 pak files mounted, 0 remain pending
[2019.04.22-03.20.23:924][  0]LogPakFile: Registered encryption key '00000000000000000000000000000000': 0 pak files mounted, 0 remain pending
[2019.04.22-03.20.23:930][  0]LogPakFile: Registered encryption key '00000000000000000000000000000000': 0 pak files mounted, 0 remain pending
[2019.04.22-03.20.23:935][  0]LogPakFile: Registered encryption key '00000000000000000000000000000000': 0 pak files mounted, 0 remain pending
[2019.04.22-03.20.23:939][  0]LogPakFile: Registered encryption key '00000000000000000000000000000000': 0 pak files mounted, 0 remain pending
[2019.04.22-03.20.23:944][  0]LogPakFile: Registered encryption key '00000000000000000000000000000000': 0 pak files mounted, 0 remain pending
[2019.04.22-03.20.23:961][  0]LogPakFile: Registered encryption key '00000000000000000000000000000000': 0 pak files mounted, 0 remain pending
[2019.04.22-03.20.23:966][  0]LogPakFile: Registered encryption key '00000000000000000000000000000000': 0 pak files mounted, 0 remain pending
[2019.04.22-03.20.23:971][  0]LogPakFile: Registered encryption key '00000000000000000000000000000000': 0 pak files mounted, 0 remain pending
[2019.04.22-03.20.23:976][  0]LogPakFile: Registered encryption key '00000000000000000000000000000000': 0 pak files mounted, 0 remain pending
[2019.04.22-03.20.23:997][  0]LogPakFile: Registered encryption key '00000000000000000000000000000000': 0 pak files mounted, 0 remain pending
[2019.04.22-03.20.24:002][  0]LogPakFile: Registered encryption key '00000000000000000000000000000000': 0 pak files mounted, 0 remain pending
[2019.04.22-03.20.24:007][  0]LogPakFile: Registered encryption key '00000000000000000000000000000000': 0 pak files mounted, 0 remain pending
[2019.04.22-03.20.24:015][  0]LogPakFile: Registered encryption key '00000000000000000000000000000000': 0 pak files mounted, 0 remain pending
[2019.04.22-03.20.24:021][  0]LogPakFile: Registered encryption key '00000000000000000000000000000000': 0 pak files mounted, 0 remain pending
[2019.04.22-03.20.24:026][  0]LogPakFile: Registered encryption key '00000000000000000000000000000000': 0 pak files mounted, 0 remain pending
[2019.04.22-03.20.24:195][  0]LogContentBrowser: Native class hierarchy updated for 'AddContentDialog' in 0.0002 seconds. Added 0 classes and 0 folders.
[2019.04.22-03.20.24:209][  0]LogContentBrowser: Native class hierarchy updated for 'SceneOutliner' in 0.0002 seconds. Added 1 classes and 2 folders.
[2019.04.22-03.20.24:275][  0]LogSlate: Took 0.000153 seconds to synchronously load lazily loaded font '../../../Engine/Content/Slate/Fonts/Roboto-Regular.ttf' (155K)
[2019.04.22-03.20.24:276][  0]LogSlate: Took 0.000124 seconds to synchronously load lazily loaded font '../../../Engine/Content/Slate/Fonts/Roboto-Bold.ttf' (160K)
[2019.04.22-03.20.24:288][  0]LogSlate: Took 0.005850 seconds to synchronously load lazily loaded font '../../../Engine/Content/Editor/Slate/Fonts/FontAwesome.ttf' (139K)
[2019.04.22-03.20.24:422][  0]LogRenderer: Reallocating scene render targets to support 1616x808 Format 26 NumSamples 1 (Frame:1).
[2019.04.22-03.20.24:569][  0]LogContentBrowser: Native class hierarchy updated for 'HierarchicalLODOutliner' in 0.0004 seconds. Added 0 classes and 0 folders.
[2019.04.22-03.20.24:569][  0]LogLoad: (Engine Initialization) Total time: 7.69 seconds
[2019.04.22-03.20.24:569][  0]LogLoad: (Engine Initialization) Total Blueprint compile time: 0.00 seconds
[2019.04.22-03.20.24:580][  0]LogWindowsTextInputMethodSystem: Display: IME system now deactivated.
[2019.04.22-03.20.24:616][  0]LogAssetRegistry: Asset discovery search completed in 4.5625 seconds
[2019.04.22-03.20.24:617][  0]LogCollectionManager: Rebuilt the object cache for 0 collections in 0.000000 seconds (found 0 objects)
[2019.04.22-03.20.24:617][  0]LogCollectionManager: Fixed up redirectors for 0 collections in 0.000038 seconds (updated 0 objects)
[2019.04.22-03.20.24:619][  0]LogContentStreaming: Texture pool size now 1000 MB
[2019.04.22-03.20.31:574][815]LogSlate: FSceneViewport::OnFocusLost() reason 0
[2019.04.22-03.20.31:757][836]LogSlate: Took 0.005151 seconds to synchronously load lazily loaded font '../../../Engine/Content/Slate/Fonts/Roboto-Light.ttf' (167K)
[2019.04.22-03.20.32:188][836]LogTexture: Display: Building textures: HQ_Lightmap1_2 (AutoDXT, 1024X1024)
[2019.04.22-03.20.32:188][836]LogTexture: Display: Building textures: HQ_Lightmap1_1 (AutoDXT, 1024X1024)
[2019.04.22-03.20.32:222][836]LogAudioDerivedData: Display: Building compressed audio format OGG hash OGG wave button_click...
[2019.04.22-03.20.32:251][836]LogAudioDerivedData: Display: Updated SoundWave->RawPCMDataSize from 0 to 35300 while cooking SoundWave /Game/Assets/button_click.button_click.
[2019.04.22-03.20.32:835][836]LogTexture: Display: Building textures: HQ_Lightmap1_3 (AutoDXT, 64X64)
[2019.04.22-03.20.32:835][836]LogTexture: Display: Building textures: LQ_Lightmap_1_1 (DXT1, 1024X1024)
[2019.04.22-03.20.32:835][836]LogTexture: Display: Building textures: LQ_Lightmap_1_2 (DXT1, 1024X1024)
[2019.04.22-03.20.32:864][836]LogTexture: Display: Building textures: LQ_Lightmap_1_3 (DXT1, 64X64)
[2019.04.22-03.20.32:864][836]LogTexture: Display: Building textures: ShadowMapTexture2D_0 (G8, 1024X512)
[2019.04.22-03.20.32:864][836]LogTexture: Display: Building textures: ShadowMapTexture2D_1 (G8, 1024X256)
[2019.04.22-03.20.32:864][836]LogTexture: Display: Building textures: ShadowMapTexture2D_2 (G8, 32X32)
[2019.04.22-03.20.32:864][836]LogAIModule: Creating AISystem for world MotionControllerMap
[2019.04.22-03.20.32:873][836]LogAssetEditorManager: Opening Asset editor for World /Game/VirtualRealityBP/Maps/MotionControllerMap.MotionControllerMap
[2019.04.22-03.20.32:898][836]Cmd: MAP LOAD FILE="../../../../../../Users/Austin/Documents/GroupDFinal/demo2/Content/VirtualRealityBP/Maps/MotionControllerMap.umap" TEMPLATE=0 SHOWPROGRESS=1 FEATURELEVEL=3
[2019.04.22-03.20.32:898][836]LightingResults: New page: Lighting Build
[2019.04.22-03.20.32:899][836]LoadErrors: New page: Loading map: MotionControllerMap.umap
[2019.04.22-03.20.32:899][836]MapCheck: New page: Map Check
[2019.04.22-03.20.32:900][836]LightingResults: New page: Lighting Build
[2019.04.22-03.20.32:928][836]LogEditorServer: Finished looking for orphan Actors (0.000 secs)
[2019.04.22-03.20.32:968][836]Cmd: MAP CHECKDEP NOCLEARLOG
[2019.04.22-03.20.32:968][836]MapCheck: Map check complete: 0 Error(s), 0 Warning(s), took 0.116ms to complete.
[2019.04.22-03.20.32:968][836]LogFileHelpers: Loading map 'MotionControllerMap' took 0.071
[2019.04.22-03.20.34:664][ 24]LogTemp: Repeating last play command: VR Preview
[2019.04.22-03.20.34:675][ 24]LogBlueprintUserMessages: Early PlayInEditor Detection: Level '/Game/VirtualRealityBP/Maps/MotionControllerMap.MotionControllerMap:PersistentLevel' has LevelScriptBlueprint '/Game/VirtualRealityBP/Maps/MotionControllerMap.MotionControllerMap:PersistentLevel.MotionControllerMap' with GeneratedClass '/Game/VirtualRealityBP/Maps/MotionControllerMap.MotionControllerMap_C' with ClassGeneratedBy '/Game/VirtualRealityBP/Maps/MotionControllerMap.MotionControllerMap:PersistentLevel.MotionControllerMap'
[2019.04.22-03.20.34:675][ 24]LogPlayLevel: PlayLevel: No blueprints needed recompiling
[2019.04.22-03.20.34:676][ 24]PIE: New page: PIE session: MotionControllerMap (Apr 21, 2019, 7:20:34 PM)
[2019.04.22-03.20.34:690][ 24]LogPlayLevel: Creating play world package: /Game/VirtualRealityBP/Maps/UEDPIE_0_MotionControllerMap
[2019.04.22-03.20.34:700][ 24]LogPlayLevel: PIE: StaticDuplicateObject took: (0.010043s)
[2019.04.22-03.20.34:700][ 24]LogAIModule: Creating AISystem for world MotionControllerMap
[2019.04.22-03.20.34:701][ 24]LogPlayLevel: PIE: World Init took: (0.000488s)
[2019.04.22-03.20.34:701][ 24]LogPlayLevel: PIE: Created PIE world by copying editor world from /Game/VirtualRealityBP/Maps/MotionControllerMap.MotionControllerMap to /Game/VirtualRealityBP/Maps/UEDPIE_0_MotionControllerMap.MotionControllerMap (0.010801s)
[2019.04.22-03.20.34:727][ 24]LogInit: XAudio2 using 'Dell S2716DG (NVIDIA High Definition Audio)' : 2 channels at 48 kHz using 16 bits per sample (channel mask 0x3)
[2019.04.22-03.20.34:735][ 24]LogInit: FAudioDevice initialized.
[2019.04.22-03.20.34:740][ 24]LogSlate: Updating window title bar state: overlay mode, drag disabled, window buttons hidden, title bar hidden
[2019.04.22-03.20.34:786][ 24]LogUObjectGlobals: Warning: Failed to find object 'Class None.'
[2019.04.22-03.20.34:786][ 24]LogLoad: Game class is 'GameModeBase'
[2019.04.22-03.20.34:792][ 24]LogWorld: Bringing World /Game/VirtualRealityBP/Maps/UEDPIE_0_MotionControllerMap.MotionControllerMap up for play (max tick rate 0) at 2019.04.21-23.20.34
[2019.04.22-03.20.34:794][ 24]LogWorld: Bringing up level for play took: 0.004904
[2019.04.22-03.20.34:819][ 24]LogContentBrowser: Native class hierarchy updated for 'MovieSceneCapture' in 0.0005 seconds. Added 20 classes and 0 folders.
[2019.04.22-03.20.34:837][ 24]PIE: Play in editor start time for /Game/VirtualRealityBP/Maps/UEDPIE_0_MotionControllerMap -0.329
[2019.04.22-03.20.34:837][ 24]LogBlueprintUserMessages: Late PlayInEditor Detection: Level '/Game/VirtualRealityBP/Maps/MotionControllerMap.MotionControllerMap:PersistentLevel' has LevelScriptBlueprint '/Game/VirtualRealityBP/Maps/MotionControllerMap.MotionControllerMap:PersistentLevel.MotionControllerMap' with GeneratedClass '/Game/VirtualRealityBP/Maps/MotionControllerMap.MotionControllerMap_C' with ClassGeneratedBy '/Game/VirtualRealityBP/Maps/MotionControllerMap.MotionControllerMap:PersistentLevel.MotionControllerMap'
[2019.04.22-03.20.45:526][296]LogSlate: Window 'demo2 Game Preview Standalone (64-bit/PCD3D_SM5)' being destroyed
[2019.04.22-03.20.45:530][296]LogBlueprintUserMessages: Early EndPlayMap Detection: Level '/Game/VirtualRealityBP/Maps/MotionControllerMap.MotionControllerMap:PersistentLevel' has LevelScriptBlueprint '/Game/VirtualRealityBP/Maps/MotionControllerMap.MotionControllerMap:PersistentLevel.MotionControllerMap' with GeneratedClass '/Game/VirtualRealityBP/Maps/MotionControllerMap.MotionControllerMap_C' with ClassGeneratedBy '/Game/VirtualRealityBP/Maps/MotionControllerMap.MotionControllerMap:PersistentLevel.MotionControllerMap'
[2019.04.22-03.20.45:563][296]LogPlayLevel: Display: Shutting down PIE online subsystems
[2019.04.22-03.20.45:564][296]LogBlueprintUserMessages: Late EndPlayMap Detection: Level '/Game/VirtualRealityBP/Maps/MotionControllerMap.MotionControllerMap:PersistentLevel' has LevelScriptBlueprint '/Game/VirtualRealityBP/Maps/MotionControllerMap.MotionControllerMap:PersistentLevel.MotionControllerMap' with GeneratedClass '/Game/VirtualRealityBP/Maps/MotionControllerMap.MotionControllerMap_C' with ClassGeneratedBy '/Game/VirtualRealityBP/Maps/MotionControllerMap.MotionControllerMap:PersistentLevel.MotionControllerMap'
[2019.04.22-03.20.45:621][299]LogPlayLevel: Display: Destroying online subsystem :Context_1
[2019.04.22-03.21.11:321][379]LogSlate: FSceneViewport::OnFocusLost() reason 0
[2019.04.22-03.21.12:990][564]LogAssetEditorManager: Opening Asset editor for Blueprint /Game/VirtualRealityBP/Blueprints/MotionControllerPawn.MotionControllerPawn
[2019.04.22-03.21.13:455][564]LogContentBrowser: Native class hierarchy updated for 'BlueprintGraph' in 0.0005 seconds. Added 117 classes and 0 folders.
[2019.04.22-03.21.14:122][564]LogMaterial: Display: Missing cached shader map for material PersonaFloorMat, compiling. 
[2019.04.22-03.21.14:235][564]LogShaderCompilers: Display: Shaders left to compile 31
[2019.04.22-03.21.14:235][564]LogShaderCompilers: Display: Shaders left to compile 21
[2019.04.22-03.21.14:235][564]LogShaderCompilers: Display: Shaders left to compile 11
[2019.04.22-03.21.14:278][564]LogSlate: Took 0.004094 seconds to synchronously load lazily loaded font '../../../Engine/Content/Slate/Fonts/Roboto-BoldCondensed.ttf' (158K)
[2019.04.22-03.21.14:540][565]LogSlate: Took 0.004270 seconds to synchronously load lazily loaded font '../../../Engine/Content/Slate/Fonts/Roboto-Italic.ttf' (157K)
[2019.04.22-03.21.17:472][776]LogShaderCompilers: Display: Shaders left to compile 1
[2019.04.22-03.36.11:483][925]LogSlate: Window 'MotionControllerPawn' being destroyed
[2019.04.22-03.36.41:573][985]LogFactory: FactoryCreateFile: StaticMesh with FbxFactory (0 0 ../../../../../../Users/Austin/Documents/Mixed Reality/Keycard_01.fbx)
[2019.04.22-03.36.41:586][985]LogFbx: Loading FBX Scene from ../../../../../../Users/Austin/Documents/Mixed Reality/Keycard_01.fbx
[2019.04.22-03.36.41:591][985]LogFbx: FBX Scene Loaded Succesfully
[2019.04.22-03.37.03:027][985]LogSlate: Window 'FBX Import Options' being destroyed
[2019.04.22-03.37.03:190][985]LogMaterial: Display: Missing cached shader map for material lambert1, compiling. 
[2019.04.22-03.37.03:201][985]LogFbx: Warning: Triangulating static mesh pCube1
[2019.04.22-03.37.03:207][985]LogShaderCompilers: Display: Shaders left to compile 22
[2019.04.22-03.37.03:207][985]LogShaderCompilers: Display: Shaders left to compile 12
[2019.04.22-03.37.03:207][985]LogShaderCompilers: Display: Shaders left to compile 2
[2019.04.22-03.37.03:209][985]LogStaticMesh: Building static mesh Keycard_01...
[2019.04.22-03.37.03:213][985]LogStaticMesh: Built static mesh [0.00s] /Game/VirtualRealityBP/Maps/Keycard_01.Keycard_01
[2019.04.22-03.37.03:221][985]FBXImport: Warning: No smoothing group information was found in this FBX scene.  Please make sure to enable the 'Export Smoothing Groups' option in the FBX Exporter plug-in before exporting the file.  Even for tools that don't support smoothing groups, the FBX Exporter will generate appropriate smoothing data at export-time so that correct vertex normals can be inferred while importing. 
[2019.04.22-03.37.12:392][990]LogSlate: Window 'Message Log' being destroyed
[2019.04.22-03.37.12:396][990]LogSlate: Window 'Message Log' being destroyed
[2019.04.22-03.37.39:053][ 92]LogMetaData: Removing '/Game/VirtualRealityBP/Models/Keycard_01.Keycard_01' ref from Metadata '/Game/VirtualRealityBP/Maps/Keycard_01.PackageMetaData'
[2019.04.22-03.37.39:075][ 92]Cmd: OBJ SAVEPACKAGE PACKAGE="/Game/VirtualRealityBP/Models/Keycard_01" FILE="../../../../../../Users/Austin/Documents/GroupDFinal/demo2/Content/VirtualRealityBP/Models/Keycard_01.uasset" SILENT=true
[2019.04.22-03.37.39:089][ 92]LogSavePackage: Moving '../../../../../../Users/Austin/Documents/GroupDFinal/demo2/Saved/Keycard_017D7CC46E4A6D3EB01F47078D23A31C12.tmp' to '../../../../../../Users/Austin/Documents/GroupDFinal/demo2/Content/VirtualRealityBP/Models/Keycard_01.uasset'
[2019.04.22-03.37.43:300][550]LogAssetEditorManager: Opening Asset editor for StaticMesh /Game/VirtualRealityBP/Models/Keycard_01.Keycard_01
[2019.04.22-03.37.43:793][551]LogRenderer: Reallocating scene render targets to support 1912x1284 Format 26 NumSamples 1 (Frame:1).
[2019.04.22-03.37.52:629][607]LogSlate: FSceneViewport::OnFocusLost() reason 0
[2019.04.22-03.37.54:988][616]LogSlate: Window 'Save Content' being destroyed
[2019.04.22-03.37.55:193][616]LogSlate: Window 'demo2 - Unreal Editor' being destroyed
[2019.04.22-03.37.55:421][617]Cmd: QUIT_EDITOR
[2019.04.22-03.37.55:720][617]LogWindowsTextInputMethodSystem: Display: IME system now deactivated.
[2019.04.22-03.37.55:757][617]LogExit: Preparing to exit.
[2019.04.22-03.37.56:183][617]LogExit: Editor shut down
[2019.04.22-03.37.56:183][617]LogExit: Transaction tracking system shut down
[2019.04.22-03.37.56:326][617]LogExit: Object subsystem successfully closed.
[2019.04.22-03.37.56:341][617]LogShaderCompilers: Display: Shaders left to compile 0
[2019.04.22-03.37.56:344][617]LogD3D11RHI: Shutdown
[2019.04.22-03.37.56:344][617]LogD3D11RHI: CleanupD3DDevice
[2019.04.22-03.37.56:346][617]LogD3D11RHI: ~FD3D11DynamicRHI
[2019.04.22-03.37.56:362][617]LogModuleManager: Shutting down and abandoning module StaticMeshEditor (638)
[2019.04.22-03.37.56:363][617]LogModuleManager: Shutting down and abandoning module MeshBuilder (636)
[2019.04.22-03.37.56:363][617]LogModuleManager: Shutting down and abandoning module BlueprintGraph (634)
[2019.04.22-03.37.56:363][617]LogModuleManager: Shutting down and abandoning module MovieSceneCapture (632)
[2019.04.22-03.37.56:363][617]LogModuleManager: Shutting down and abandoning module Voice (630)
[2019.04.22-03.37.56:363][617]LogModuleManager: Shutting down and abandoning module HierarchicalLODOutliner (628)
[2019.04.22-03.37.56:363][617]LogModuleManager: Shutting down and abandoning module SceneOutliner (626)
[2019.04.22-03.37.56:363][617]LogModuleManager: Shutting down and abandoning module AddContentDialog (624)
[2019.04.22-03.37.56:363][617]LogModuleManager: Shutting down and abandoning module WidgetCarousel (623)
[2019.04.22-03.37.56:363][617]LogModuleManager: Shutting down and abandoning module EditorWidgets (620)
[2019.04.22-03.37.56:363][617]LogModuleManager: Shutting down and abandoning module CollectionManager (618)
[2019.04.22-03.37.56:363][617]LogModuleManager: Shutting down and abandoning module StatsViewer (616)
[2019.04.22-03.37.56:363][617]LogModuleManager: Shutting down and abandoning module FoliageEdit (614)
[2019.04.22-03.37.56:363][617]LogModuleManager: Shutting down and abandoning module LandscapeEditor (612)
[2019.04.22-03.37.56:363][617]LogModuleManager: Shutting down and abandoning module MeshPaintMode (610)
[2019.04.22-03.37.56:363][617]LogModuleManager: Shutting down and abandoning module SceneDepthPickerMode (608)
[2019.04.22-03.37.56:363][617]LogModuleManager: Shutting down and abandoning module ActorPickerMode (606)
[2019.04.22-03.37.56:363][617]LogModuleManager: Shutting down and abandoning module GeometryMode (604)
[2019.04.22-03.37.56:363][617]LogModuleManager: Shutting down and abandoning module TextureAlignMode (602)
[2019.04.22-03.37.56:363][617]LogModuleManager: Shutting down and abandoning module BspMode (600)
[2019.04.22-03.37.56:363][617]LogModuleManager: Shutting down and abandoning module PIEPreviewDeviceProfileSelector (598)
[2019.04.22-03.37.56:363][617]LogModuleManager: Shutting down and abandoning module SequenceRecorderSections (596)
[2019.04.22-03.37.56:363][617]LogModuleManager: Shutting down and abandoning module AutomationWorker (594)
[2019.04.22-03.37.56:363][617]LogModuleManager: Shutting down and abandoning module MixedRealityCaptureFramework (592)
[2019.04.22-03.37.56:363][617]LogModuleManager: Shutting down and abandoning module AudioCaptureEditor (590)
[2019.04.22-03.37.56:363][617]LogModuleManager: Shutting down and abandoning module MatineeToLevelSequence (588)
[2019.04.22-03.37.56:363][617]LogModuleManager: Shutting down and abandoning module LevelSequenceEditor (586)
[2019.04.22-03.37.56:363][617]LogModuleManager: Shutting down and abandoning module PlacementMode (585)
[2019.04.22-03.37.56:363][617]LogModuleManager: Shutting down and abandoning module MaterialEditor (584)
[2019.04.22-03.37.56:363][617]LogModuleManager: Shutting down and abandoning module WmfMediaFactory (580)
[2019.04.22-03.37.56:363][617]LogModuleManager: Shutting down and abandoning module WmfMediaEditor (578)
[2019.04.22-03.37.56:363][617]LogModuleManager: Shutting down and abandoning module WebMMediaFactory (576)
[2019.04.22-03.37.56:363][617]LogModuleManager: Shutting down and abandoning module WebMMediaEditor (574)
[2019.04.22-03.37.56:363][617]LogModuleManager: Shutting down and abandoning module WebMMedia (572)
[2019.04.22-03.37.56:363][617]LogModuleManager: Shutting down and abandoning module MediaPlayerEditor (570)
[2019.04.22-03.37.56:364][617]LogModuleManager: Shutting down and abandoning module MediaCompositingEditor (568)
[2019.04.22-03.37.56:364][617]LogModuleManager: Shutting down and abandoning module SequenceRecorder (567)
[2019.04.22-03.37.56:364][617]LogModuleManager: Shutting down and abandoning module OpenExrWrapper (564)
[2019.04.22-03.37.56:364][617]LogModuleManager: Shutting down and abandoning module ImgMediaFactory (562)
[2019.04.22-03.37.56:364][617]LogModuleManager: Shutting down and abandoning module ImgMediaEditor (560)
[2019.04.22-03.37.56:364][617]LogModuleManager: Shutting down and abandoning module AvfMediaFactory (558)
[2019.04.22-03.37.56:364][617]LogModuleManager: Shutting down and abandoning module AvfMediaEditor (556)
[2019.04.22-03.37.56:364][617]LogModuleManager: Shutting down and abandoning module AndroidMediaFactory (554)
[2019.04.22-03.37.56:364][617]LogModuleManager: Shutting down and abandoning module AndroidMediaEditor (552)
[2019.04.22-03.37.56:364][617]LogModuleManager: Shutting down and abandoning module MagicLeapCameraPreviewFactory (550)
[2019.04.22-03.37.56:364][617]LogModuleManager: Shutting down and abandoning module MagicLeapMediaFactory (548)
[2019.04.22-03.37.56:364][617]LogModuleManager: Shutting down and abandoning module MagicLeapMediaEditor (546)
[2019.04.22-03.37.56:364][617]LogModuleManager: Shutting down and abandoning module CharacterAI (544)
[2019.04.22-03.37.56:364][617]LogModuleManager: Shutting down and abandoning module SmartSnapping (542)
[2019.04.22-03.37.56:364][617]LogModuleManager: Shutting down and abandoning module SessionServices (540)
[2019.04.22-03.37.56:364][617]LogModuleManager: Shutting down and abandoning module ViewportSnapping (538)
[2019.04.22-03.37.56:364][617]LogModuleManager: Shutting down and abandoning module ViewportInteraction (536)
[2019.04.22-03.37.56:364][617]LogModuleManager: Shutting down and abandoning module ClothPainter (534)
[2019.04.22-03.37.56:364][617]LogModuleManager: Shutting down and abandoning module SkeletalMeshEditor (533)
[2019.04.22-03.37.56:364][617]LogModuleManager: Shutting down and abandoning module LogVisualizer (530)
[2019.04.22-03.37.56:364][617]LogModuleManager: Shutting down and abandoning module IntroTutorials (528)
[2019.04.22-03.37.56:364][617]LogModuleManager: Shutting down and abandoning module GameProjectGeneration (527)
[2019.04.22-03.37.56:364][617]LogModuleManager: Shutting down and abandoning module LuminPlatformEditor (524)
[2019.04.22-03.37.56:364][617]LogModuleManager: Shutting down and abandoning module IOSPlatformEditor (522)
[2019.04.22-03.37.56:364][617]LogModuleManager: Shutting down and abandoning module HTML5PlatformEditor (520)
[2019.04.22-03.37.56:364][617]LogModuleManager: Shutting down and abandoning module AndroidPlatformEditor (518)
[2019.04.22-03.37.56:364][617]LogModuleManager: Shutting down and abandoning module AndroidDeviceDetection (517)
[2019.04.22-03.37.57:284][617]LogModuleManager: Shutting down and abandoning module WindowsPlatformEditor (514)
[2019.04.22-03.37.57:284][617]LogModuleManager: Shutting down and abandoning module LuminRuntimeSettings (512)
[2019.04.22-03.37.57:284][617]LogModuleManager: Shutting down and abandoning module IOSRuntimeSettings (510)
[2019.04.22-03.37.57:284][617]LogModuleManager: Shutting down and abandoning module AndroidRuntimeSettings (508)
[2019.04.22-03.37.57:284][617]LogModuleManager: Shutting down and abandoning module TimeManagementEditor (506)
[2019.04.22-03.37.57:284][617]LogModuleManager: Shutting down and abandoning module InputBindingEditor (504)
[2019.04.22-03.37.57:284][617]LogModuleManager: Shutting down and abandoning module MergeActors (502)
[2019.04.22-03.37.57:284][617]LogModuleManager: Shutting down and abandoning module LocalizationDashboard (500)
[2019.04.22-03.37.57:285][617]LogModuleManager: Shutting down and abandoning module LocalizationService (499)
[2019.04.22-03.37.57:285][617]LogModuleManager: Shutting down and abandoning module HardwareTargeting (496)
[2019.04.22-03.37.57:285][617]LogModuleManager: Shutting down and abandoning module DeviceProfileEditor (494)
[2019.04.22-03.37.57:285][617]LogModuleManager: Shutting down and abandoning module UndoHistory (492)
[2019.04.22-03.37.57:285][617]LogModuleManager: Shutting down and abandoning module XmlParser (490)
[2019.04.22-03.37.57:285][617]LogModuleManager: Shutting down and abandoning module Blutility (488)
[2019.04.22-03.37.57:285][617]LogModuleManager: Shutting down and abandoning module ProjectSettingsViewer (486)
[2019.04.22-03.37.57:285][617]LogModuleManager: Shutting down and abandoning module ProjectTargetPlatformEditor (485)
[2019.04.22-03.37.57:285][617]LogModuleManager: Shutting down and abandoning module EditorSettingsViewer (482)
[2019.04.22-03.37.57:285][617]LogModuleManager: Shutting down and abandoning module SettingsEditor (480)
[2019.04.22-03.37.57:285][617]LogModuleManager: Shutting down and abandoning module ProjectLauncher (478)
[2019.04.22-03.37.57:285][617]LogModuleManager: Shutting down and abandoning module SessionFrontend (476)
[2019.04.22-03.37.57:285][617]LogModuleManager: Shutting down and abandoning module ProfilerClient (474)
[2019.04.22-03.37.57:285][617]LogModuleManager: Shutting down and abandoning module DeviceManager (472)
[2019.04.22-03.37.57:285][617]LogModuleManager: Shutting down and abandoning module TargetDeviceServices (471)
[2019.04.22-03.37.57:348][617]LogModuleManager: Shutting down and abandoning module AutomationController (468)
[2019.04.22-03.37.57:348][617]LogModuleManager: Shutting down and abandoning module AutomationWindow (466)
[2019.04.22-03.37.57:348][617]LogModuleManager: Shutting down and abandoning module Layers (464)
[2019.04.22-03.37.57:348][617]LogModuleManager: Shutting down and abandoning module ComponentVisualizers (462)
[2019.04.22-03.37.57:348][617]LogModuleManager: Shutting down and abandoning module DetailCustomizations (460)
[2019.04.22-03.37.57:348][617]LogModuleManager: Shutting down and abandoning module PackagesDialog (458)
[2019.04.22-03.37.57:348][617]LogModuleManager: Shutting down and abandoning module Persona (456)
[2019.04.22-03.37.57:348][617]LogModuleManager: Shutting down and abandoning module AdvancedPreviewScene (455)
[2019.04.22-03.37.57:348][617]LogModuleManager: Shutting down and abandoning module AnimGraph (453)
[2019.04.22-03.37.57:348][617]LogModuleManager: Shutting down and abandoning module Kismet (450)
[2019.04.22-03.37.57:352][617]LogModuleManager: Shutting down and abandoning module GraphEditor (448)
[2019.04.22-03.37.57:352][617]LogModuleManager: Shutting down and abandoning module ClassViewer (446)
[2019.04.22-03.37.57:352][617]LogModuleManager: Shutting down and abandoning module Toolbox (444)
[2019.04.22-03.37.57:352][617]LogModuleManager: Shutting down and abandoning module ModuleUI (442)
[2019.04.22-03.37.57:352][617]LogModuleManager: Shutting down and abandoning module MovieSceneTools (440)
[2019.04.22-03.37.57:352][617]LogModuleManager: Shutting down and abandoning module OutputLog (438)
[2019.04.22-03.37.57:352][617]LogModuleManager: Shutting down and abandoning module GammaUI (436)
[2019.04.22-03.37.57:352][617]LogModuleManager: Shutting down and abandoning module Documentation (434)
[2019.04.22-03.37.57:352][617]LogModuleManager: Shutting down and abandoning module MovieSceneTracks (432)
[2019.04.22-03.37.57:352][617]LogModuleManager: Shutting down and abandoning module MovieScene (430)
[2019.04.22-03.37.57:352][617]LogModuleManager: Shutting down and abandoning module StreamingPauseRendering (428)
[2019.04.22-03.37.57:352][617]LogModuleManager: Shutting down and abandoning module LauncherPlatform (426)
[2019.04.22-03.37.57:352][617]LogModuleManager: Shutting down and abandoning module AnalyticsET (424)
[2019.04.22-03.37.57:352][617]LogModuleManager: Shutting down and abandoning module PortalServices (422)
[2019.04.22-03.37.57:352][617]LogModuleManager: Shutting down and abandoning module PortalRpc (420)
[2019.04.22-03.37.57:352][617]LogModuleManager: Shutting down and abandoning module MessagingRpc (418)
[2019.04.22-03.37.57:352][617]LogModuleManager: Shutting down and abandoning module AIModule (416)
[2019.04.22-03.37.57:352][617]LogModuleManager: Shutting down and abandoning module GameplayDebugger (415)
[2019.04.22-03.37.57:352][617]LogModuleManager: Shutting down and abandoning module AITestSuite (413)
[2019.04.22-03.37.57:352][617]LogModuleManager: Shutting down and abandoning module NavigationSystem (411)
[2019.04.22-03.37.57:352][617]LogModuleManager: Shutting down and abandoning module DesktopPlatform (408)
[2019.04.22-03.37.57:352][617]LogModuleManager: Shutting down and abandoning module ImageWriteQueue (406)
[2019.04.22-03.37.57:355][617]LogModuleManager: Shutting down and abandoning module ProfilerService (404)
[2019.04.22-03.37.57:478][617]LogModuleManager: Shutting down and abandoning module TaskGraph (402)
[2019.04.22-03.37.57:478][617]LogModuleManager: Shutting down and abandoning module SteamVRController (400)
[2019.04.22-03.37.57:478][617]LogModuleManager: Shutting down and abandoning module ProceduralMeshComponentEditor (398)
[2019.04.22-03.37.57:478][617]LogModuleManager: Shutting down and abandoning module ProceduralMeshComponent (396)
[2019.04.22-03.37.57:478][617]LogModuleManager: Shutting down and abandoning module MobilePatchingUtils (394)
[2019.04.22-03.37.57:478][617]LogModuleManager: Shutting down and abandoning module EditableMesh (392)
[2019.04.22-03.37.57:478][617]LogModuleManager: Shutting down and abandoning module CustomMeshComponent (390)
[2019.04.22-03.37.57:478][617]LogModuleManager: Shutting down and abandoning module CableComponent (388)
[2019.04.22-03.37.57:478][617]LogModuleManager: Shutting down and abandoning module AudioCapture (386)
[2019.04.22-03.37.57:478][617]LogModuleManager: Shutting down and abandoning module ArchVisCharacter (384)
[2019.04.22-03.37.57:478][617]LogModuleManager: Shutting down and abandoning module AndroidPermission (382)
[2019.04.22-03.37.57:478][617]LogModuleManager: Shutting down and abandoning module NUTUnrealEngine4 (380)
[2019.04.22-03.37.57:478][617]LogModuleManager: Shutting down and abandoning module NetcodeUnitTest (378)
[2019.04.22-03.37.57:478][617]LogModuleManager: Shutting down and abandoning module MediaCompositing (376)
[2019.04.22-03.37.57:478][617]LogModuleManager: Shutting down and abandoning module LinearTimecode (374)
[2019.04.22-03.37.57:478][617]LogModuleManager: Shutting down and abandoning module ImgMedia (372)
[2019.04.22-03.37.57:482][617]LogModuleManager: Shutting down and abandoning module HTML5Networking (370)
[2019.04.22-03.37.57:482][617]LogModuleManager: Shutting down and abandoning module GeometryCacheTracks (368)
[2019.04.22-03.37.57:482][617]LogModuleManager: Shutting down and abandoning module GeometryCacheSequencer (366)
[2019.04.22-03.37.57:482][617]LogModuleManager: Shutting down and abandoning module BackChannel (364)
[2019.04.22-03.37.57:482][617]LogModuleManager: Shutting down and abandoning module AppleVision (362)
[2019.04.22-03.37.57:483][617]LogModuleManager: Shutting down and abandoning module AppleImageUtilsBlueprintSupport (360)
[2019.04.22-03.37.57:483][617]LogModuleManager: Shutting down and abandoning module AppleImageUtils (358)
[2019.04.22-03.37.57:483][617]LogModuleManager: Shutting down and abandoning module AlembicImporter (356)
[2019.04.22-03.37.57:483][617]LogModuleManager: Shutting down and abandoning module AlembicLibrary (355)
[2019.04.22-03.37.57:483][617]LogModuleManager: Shutting down and abandoning module GeometryCache (354)
[2019.04.22-03.37.57:483][617]LogModuleManager: Shutting down and abandoning module GeometryCacheEd (353)
[2019.04.22-03.37.57:483][617]LogModuleManager: Shutting down and abandoning module VariantManagerContent (348)
[2019.04.22-03.37.57:483][617]LogModuleManager: Shutting down and abandoning module DatasmithContentEditor (346)
[2019.04.22-03.37.57:483][617]LogModuleManager: Shutting down and abandoning module SpeedTreeImporter (344)
[2019.04.22-03.37.57:483][617]LogModuleManager: Shutting down and abandoning module PluginBrowser (342)
[2019.04.22-03.37.57:483][617]LogModuleManager: Shutting down and abandoning module MobileLauncherProfileWizard (340)
[2019.04.22-03.37.57:483][617]LogModuleManager: Shutting down and abandoning module PolygonModeling (338)
[2019.04.22-03.37.57:483][617]LogModuleManager: Shutting down and abandoning module MeshEditor (336)
[2019.04.22-03.37.57:483][617]LogModuleManager: Shutting down and abandoning module CryptoKeysOpenSSL (334)
[2019.04.22-03.37.57:483][617]LogModuleManager: Shutting down and abandoning module CryptoKeys (332)
[2019.04.22-03.37.57:483][617]LogModuleManager: Shutting down and abandoning module VisualStudioSourceCodeAccess (330)
[2019.04.22-03.37.57:483][617]LogModuleManager: Shutting down and abandoning module VisualStudioCodeSourceCodeAccess (328)
[2019.04.22-03.37.57:483][617]LogModuleManager: Shutting down and abandoning module UObjectPlugin (326)
[2019.04.22-03.37.57:483][617]LogModuleManager: Shutting down and abandoning module SubversionSourceControl (324)
[2019.04.22-03.37.57:483][617]LogModuleManager: Shutting down and abandoning module PerforceSourceControl (322)
[2019.04.22-03.37.57:483][617]LogModuleManager: Shutting down and abandoning module GitSourceControl (320)
[2019.04.22-03.37.57:493][617]LogModuleManager: Shutting down and abandoning module SourceControl (319)
[2019.04.22-03.37.57:493][617]LogModuleManager: Shutting down and abandoning module CLionSourceCodeAccess (316)
[2019.04.22-03.37.57:493][617]LogModuleManager: Shutting down and abandoning module ActorLayerUtilitiesEditor (314)
[2019.04.22-03.37.57:493][617]LogModuleManager: Shutting down and abandoning module ActorLayerUtilities (312)
[2019.04.22-03.37.57:493][617]LogModuleManager: Shutting down and abandoning module LightPropagationVolumeEditor (310)
[2019.04.22-03.37.57:493][617]LogModuleManager: Shutting down and abandoning module PaperTiledImporter (308)
[2019.04.22-03.37.57:493][617]LogModuleManager: Shutting down and abandoning module PaperSpriteSheetImporter (306)
[2019.04.22-03.37.57:493][617]LogModuleManager: Shutting down and abandoning module Paper2DEditor (304)
[2019.04.22-03.37.57:493][617]LogModuleManager: Shutting down and abandoning module MeshPaint (303)
[2019.04.22-03.37.57:493][617]LogModuleManager: Shutting down and abandoning module RuntimePhysXCooking (300)
[2019.04.22-03.37.57:494][617]LogModuleManager: Shutting down and abandoning module PhysXVehiclesEditor (298)
[2019.04.22-03.37.57:494][617]LogModuleManager: Shutting down and abandoning module PhysXVehicles (296)
[2019.04.22-03.37.57:494][617]LogModuleManager: Shutting down and abandoning module LocationServicesBPLibrary (294)
[2019.04.22-03.37.57:494][617]LogModuleManager: Shutting down and abandoning module ActorSequence (292)
[2019.04.22-03.37.57:494][617]LogModuleManager: Shutting down and abandoning module UdpMessaging (290)
[2019.04.22-03.37.57:595][617]LogModuleManager: Shutting down and abandoning module TcpMessaging (288)
[2019.04.22-03.37.57:696][617]LogModuleManager: Shutting down and abandoning module MagicLeapAudio (286)
[2019.04.22-03.37.57:696][617]LogModuleManager: Shutting down and abandoning module GameplayTagsEditor (284)
[2019.04.22-03.37.57:696][617]LogModuleManager: Shutting down and abandoning module FacialAnimationEditor (282)
[2019.04.22-03.37.57:696][617]LogModuleManager: Shutting down and abandoning module FacialAnimation (280)
[2019.04.22-03.37.57:696][617]LogModuleManager: Shutting down and abandoning module DataValidation (278)
[2019.04.22-03.37.57:696][617]LogModuleManager: Shutting down and abandoning module AssetManagerEditor (276)
[2019.04.22-03.37.57:696][617]LogModuleManager: Shutting down and abandoning module LevelEditor (275)
[2019.04.22-03.37.57:697][617]LogModuleManager: Shutting down and abandoning module PixelInspectorModule (274)
[2019.04.22-03.37.57:697][617]LogModuleManager: Shutting down and abandoning module CommonMenuExtensions (272)
[2019.04.22-03.37.57:697][617]LogModuleManager: Shutting down and abandoning module MainFrame (270)
[2019.04.22-03.37.57:697][617]LogModuleManager: Shutting down and abandoning module HotReload (269)
[2019.04.22-03.37.57:697][617]LogModuleManager: Shutting down and abandoning module ContentBrowser (265)
[2019.04.22-03.37.57:698][617]LogModuleManager: Shutting down and abandoning module TreeMap (263)
[2019.04.22-03.37.57:698][617]LogModuleManager: Shutting down and abandoning module LightPropagationVolumeRuntime (260)
[2019.04.22-03.37.57:698][617]LogModuleManager: Shutting down and abandoning module AISupportModule (258)
[2019.04.22-03.37.57:698][617]LogModuleManager: Shutting down and abandoning module Paper2D (256)
[2019.04.22-03.37.57:698][617]LogModuleManager: Shutting down and abandoning module WindowsMoviePlayer (254)
[2019.04.22-03.37.57:698][617]LogModuleManager: Shutting down and abandoning module WebMMoviePlayer (252)
[2019.04.22-03.37.57:698][617]LogModuleManager: Shutting down and abandoning module WmfMedia (250)
[2019.04.22-03.37.57:702][617]LogModuleManager: Shutting down and abandoning module Media (249)
[2019.04.22-03.37.57:708][617]LogModuleManager: Shutting down and abandoning module PacketHandler (246)
[2019.04.22-03.37.57:708][617]LogModuleManager: Shutting down and abandoning module ClothingSystemEditor (244)
[2019.04.22-03.37.57:708][617]LogModuleManager: Shutting down and abandoning module ClothingSystemRuntime (242)
[2019.04.22-03.37.57:708][617]LogModuleManager: Shutting down and abandoning module MediaAssets (240)
[2019.04.22-03.37.57:708][617]LogModuleManager: Shutting down and abandoning module Overlay (238)
[2019.04.22-03.37.57:708][617]LogModuleManager: Shutting down and abandoning module OverlayEditor (237)
[2019.04.22-03.37.57:708][617]LogModuleManager: Shutting down and abandoning module VREditor (234)
[2019.04.22-03.37.57:708][617]LogModuleManager: Shutting down and abandoning module StringTableEditor (232)
[2019.04.22-03.37.57:708][617]LogModuleManager: Shutting down and abandoning module GameplayTasksEditor (230)
[2019.04.22-03.37.57:708][617]LogModuleManager: Shutting down and abandoning module BehaviorTreeEditor (228)
[2019.04.22-03.37.57:708][617]LogModuleManager: Shutting down and abandoning module FunctionalTesting (226)
[2019.04.22-03.37.57:708][617]LogModuleManager: Shutting down and abandoning module CollisionAnalyzer (224)
[2019.04.22-03.37.57:708][617]LogModuleManager: Shutting down and abandoning module WorkspaceMenuStructure (223)
[2019.04.22-03.37.57:708][617]LogModuleManager: Shutting down and abandoning module UMG (220)
[2019.04.22-03.37.57:708][617]LogModuleManager: Shutting down and abandoning module UMGEditor (219)
[2019.04.22-03.37.57:708][617]LogModuleManager: Shutting down and abandoning module Sequencer (218)
[2019.04.22-03.37.57:708][617]LogModuleManager: Shutting down and abandoning module MessageLog (215)
[2019.04.22-03.37.57:709][617]LogModuleManager: Shutting down and abandoning module SlateReflector (210)
[2019.04.22-03.37.57:709][617]LogModuleManager: Shutting down and abandoning module Slate (208)
[2019.04.22-03.37.57:709][617]LogModuleManager: Shutting down and abandoning module EditorStyle (206)
[2019.04.22-03.37.57:710][617]LogModuleManager: Shutting down and abandoning module MRMesh (204)
[2019.04.22-03.37.57:710][617]LogModuleManager: Shutting down and abandoning module SourceCodeAccess (202)
[2019.04.22-03.37.57:710][617]LogModuleManager: Shutting down and abandoning module HeadMountedDisplay (200)
[2019.04.22-03.37.57:710][617]LogModuleManager: Shutting down and abandoning module XAudio2 (198)
[2019.04.22-03.37.57:710][617]LogModuleManager: Shutting down and abandoning module Networking (196)
[2019.04.22-03.37.57:710][617]LogModuleManager: Shutting down and abandoning module Core (194)
[2019.04.22-03.37.57:710][617]LogModuleManager: Shutting down and abandoning module LevelSequence (192)
[2019.04.22-03.37.57:710][617]LogModuleManager: Shutting down and abandoning module KismetCompiler (190)
[2019.04.22-03.37.57:710][617]LogModuleManager: Shutting down and abandoning module MeshUtilities (188)
[2019.04.22-03.37.57:710][617]LogModuleManager: Shutting down and abandoning module MeshMergeUtilities (187)
[2019.04.22-03.37.57:710][617]LogModuleManager: Shutting down and abandoning module MeshReductionInterface (186)
[2019.04.22-03.37.57:710][617]LogModuleManager: Shutting down and abandoning module SimplygonSwarm (185)
[2019.04.22-03.37.57:710][617]LogModuleManager: Shutting down and abandoning module ProxyLODMeshReduction (183)
[2019.04.22-03.37.57:710][617]LogModuleManager: Shutting down and abandoning module SimplygonMeshReduction (181)
[2019.04.22-03.37.57:710][617]LogModuleManager: Shutting down and abandoning module QuadricMeshReduction (179)
[2019.04.22-03.37.57:710][617]LogModuleManager: Shutting down and abandoning module MaterialBaking (175)
[2019.04.22-03.37.57:710][617]LogModuleManager: Shutting down and abandoning module DirectoryWatcher (171)
[2019.04.22-03.37.57:710][617]LogModuleManager: Shutting down and abandoning module DerivedDataCache (168)
[2019.04.22-03.37.57:757][617]LogDerivedDataCache: Shutdown
[2019.04.22-03.37.57:757][617]LogModuleManager: Shutting down and abandoning module XGEController (166)
[2019.04.22-03.37.57:757][617]LogModuleManager: Shutting down and abandoning module TargetPlatform (164)
[2019.04.22-03.37.57:757][617]LogModuleManager: Shutting down and abandoning module VulkanShaderFormat (163)
[2019.04.22-03.37.57:757][617]LogModuleManager: Shutting down and abandoning module ShaderFormatVectorVM (161)
[2019.04.22-03.37.57:757][617]LogModuleManager: Shutting down and abandoning module ShaderFormatOpenGL (159)
[2019.04.22-03.37.57:757][617]LogModuleManager: Shutting down and abandoning module ShaderFormatD3D (157)
[2019.04.22-03.37.57:757][617]LogModuleManager: Shutting down and abandoning module MetalShaderFormat (155)
[2019.04.22-03.37.57:757][617]LogModuleManager: Shutting down and abandoning module TextureFormatUncompressed (153)
[2019.04.22-03.37.57:757][617]LogModuleManager: Shutting down and abandoning module TextureFormatPVR (151)
[2019.04.22-03.37.57:757][617]LogModuleManager: Shutting down and abandoning module TextureFormatDXT (149)
[2019.04.22-03.37.57:757][617]LogModuleManager: Shutting down and abandoning module TextureFormatIntelISPCTexComp (147)
[2019.04.22-03.37.57:757][617]LogModuleManager: Shutting down and abandoning module TextureFormatASTC (145)
[2019.04.22-03.37.57:757][617]LogModuleManager: Shutting down and abandoning module ImageWrapper (144)
[2019.04.22-03.37.57:757][617]LogModuleManager: Shutting down and abandoning module TextureFormatAndroid (141)
[2019.04.22-03.37.57:757][617]LogModuleManager: Shutting down and abandoning module AudioFormatOpus (139)
[2019.04.22-03.37.57:757][617]LogModuleManager: Shutting down and abandoning module AudioFormatOgg (137)
[2019.04.22-03.37.57:757][617]LogModuleManager: Shutting down and abandoning module AudioFormatADPCM (135)
[2019.04.22-03.37.57:757][617]LogModuleManager: Shutting down and abandoning module LuminTargetPlatform (133)
[2019.04.22-03.37.57:758][617]LogModuleManager: Shutting down and abandoning module LinuxTargetPlatform (131)
[2019.04.22-03.37.57:758][617]LogModuleManager: Shutting down and abandoning module LinuxServerTargetPlatform (129)
[2019.04.22-03.37.57:758][617]LogModuleManager: Shutting down and abandoning module LinuxNoEditorTargetPlatform (127)
[2019.04.22-03.37.57:758][617]LogModuleManager: Shutting down and abandoning module LinuxClientTargetPlatform (125)
[2019.04.22-03.37.57:758][617]LogModuleManager: Shutting down and abandoning module TVOSTargetPlatform (123)
[2019.04.22-03.37.57:758][617]LogModuleManager: Shutting down and abandoning module Messaging (121)
[2019.04.22-03.37.57:758][617]LogModuleManager: Shutting down and abandoning module IOSTargetPlatform (119)
[2019.04.22-03.37.57:759][617]LogModuleManager: Shutting down and abandoning module HTML5TargetPlatform (117)
[2019.04.22-03.37.57:759][617]LogModuleManager: Shutting down and abandoning module AndroidTargetPlatform (115)
[2019.04.22-03.37.57:763][617]LogModuleManager: Shutting down and abandoning module WindowsTargetPlatform (113)
[2019.04.22-03.37.57:763][617]LogModuleManager: Shutting down and abandoning module WindowsServerTargetPlatform (111)
[2019.04.22-03.37.57:763][617]LogModuleManager: Shutting down and abandoning module WindowsNoEditorTargetPlatform (109)
[2019.04.22-03.37.57:763][617]LogModuleManager: Shutting down and abandoning module WindowsClientTargetPlatform (107)
[2019.04.22-03.37.57:763][617]LogModuleManager: Shutting down and abandoning module MacTargetPlatform (105)
[2019.04.22-03.37.57:763][617]LogModuleManager: Shutting down and abandoning module MacServerTargetPlatform (103)
[2019.04.22-03.37.57:763][617]LogModuleManager: Shutting down and abandoning module MacNoEditorTargetPlatform (101)
[2019.04.22-03.37.57:764][617]LogModuleManager: Shutting down and abandoning module MacClientTargetPlatform (99)
[2019.04.22-03.37.57:764][617]LogModuleManager: Shutting down and abandoning module AllDesktopTargetPlatform (97)
[2019.04.22-03.37.57:764][617]LogModuleManager: Shutting down and abandoning module InputCore (94)
[2019.04.22-03.37.57:764][617]LogModuleManager: Shutting down and abandoning module Settings (92)
[2019.04.22-03.37.57:764][617]LogModuleManager: Shutting down and abandoning module PhysXCooking (90)
[2019.04.22-03.37.57:764][617]LogModuleManager: Shutting down and abandoning module WindowsMixedRealitySpatialInput (88)
[2019.04.22-03.37.57:764][617]LogModuleManager: Shutting down and abandoning module WindowsMixedRealityHMD (86)
[2019.04.22-03.37.57:764][617]LogModuleManager: Shutting down and abandoning module SteamVR (84)
[2019.04.22-03.37.57:764][617]LogHMD: Freeing OpenVRDLLHandle.
[2019.04.22-03.37.57:764][617]LogModuleManager: Shutting down and abandoning module ExampleDeviceProfileSelector (82)
[2019.04.22-03.37.57:764][617]LogModuleManager: Shutting down and abandoning module LauncherChunkInstaller (80)
[2019.04.22-03.37.57:764][617]LogModuleManager: Shutting down and abandoning module OnlineBlueprintSupport (78)
[2019.04.22-03.37.57:764][617]LogModuleManager: Shutting down and abandoning module OnlineSubsystem (74)
[2019.04.22-03.37.57:765][617]LogModuleManager: Shutting down and abandoning module XMPP (69)
[2019.04.22-03.37.57:765][617]LogModuleManager: Shutting down and abandoning module WebSockets (68)
[2019.04.22-03.37.57:780][617]LogModuleManager: Shutting down and abandoning module HTTP (65)
[2019.04.22-03.37.57:780][617]LogHttp: Display: Http module shutting down, but needs to wait on 1 outstanding Http requests:
[2019.04.22-03.37.57:780][617]LogHttp: Display: 	verb=[POST] url=[https://datarouter.ol.epicgames.com/datarouter/api/v1/public/data?SessionID=%7B9817E7A6-4254-E646-61DF-B3945D8BEAC1%7D&AppID=UEEditor.Rocket.Release&AppVersion=4.21.2-4753647%2B%2B%2BUE4%2BRelease-4.21&UserID=a3b3adcc4153bd26a2f14882d18fda06%7C3fed84e38c52490788c176e8e8f7c192%7Ceff3c0b1-9b62-41cf-8529-82bc9b6faff8&AppEnvironment=datacollector-binary&UploadType=eteventstream] status=Processing
[2019.04.22-03.37.57:805][617]LogModuleManager: Shutting down and abandoning module SSL (64)
[2019.04.22-03.37.57:806][617]LogModuleManager: Shutting down and abandoning module MagicLeapIdentity (60)
[2019.04.22-03.37.57:806][617]LogModuleManager: Shutting down and abandoning module MagicLeapHelperVulkan (58)
[2019.04.22-03.37.57:806][617]LogModuleManager: Shutting down and abandoning module MagicLeapHelperOpenGL (56)
[2019.04.22-03.37.57:806][617]LogModuleManager: Shutting down and abandoning module MagicLeapSecureStorage (54)
[2019.04.22-03.37.57:806][617]LogModuleManager: Shutting down and abandoning module MagicLeapHandTracking (52)
[2019.04.22-03.37.57:806][617]LogModuleManager: Shutting down and abandoning module MagicLeapEyeTracker (50)
[2019.04.22-03.37.57:806][617]LogModuleManager: Shutting down and abandoning module MagicLeapController (48)
[2019.04.22-03.37.57:806][617]LogSlate: Slate User Destroyed.  User Index 0, Is Virtual User: 0
[2019.04.22-03.37.57:806][617]LogModuleManager: Shutting down and abandoning module MagicLeap (46)
[2019.04.22-03.37.57:808][617]LogModuleManager: Shutting down and abandoning module DatasmithContent (44)
[2019.04.22-03.37.57:808][617]LogModuleManager: Shutting down and abandoning module OpenCVHelper (42)
[2019.04.22-03.37.57:808][617]LogModuleManager: Shutting down and abandoning module OpenCVLensDistortion (40)
[2019.04.22-03.37.57:808][617]LogModuleManager: Shutting down and abandoning module OpenCVLensCalibration (38)
[2019.04.22-03.37.57:808][617]LogModuleManager: Shutting down and abandoning module AnimationModifiers (36)
[2019.04.22-03.37.57:808][617]LogModuleManager: Shutting down and abandoning module PropertyEditor (35)
[2019.04.22-03.37.57:808][617]LogModuleManager: Shutting down and abandoning module AudioEditor (32)
[2019.04.22-03.37.57:808][617]LogModuleManager: Shutting down and abandoning module TextureCompressor (30)
[2019.04.22-03.37.57:808][617]LogModuleManager: Shutting down and abandoning module ShaderCore (28)
[2019.04.22-03.37.57:808][617]LogModuleManager: Shutting down and abandoning module Landscape (26)
[2019.04.22-03.37.57:808][617]LogModuleManager: Shutting down and abandoning module SlateRHIRenderer (24)
[2019.04.22-03.37.57:808][617]LogModuleManager: Shutting down and abandoning module OpenGLDrv (22)
[2019.04.22-03.37.57:808][617]LogModuleManager: Shutting down and abandoning module D3D11RHI (20)
[2019.04.22-03.37.57:808][617]LogModuleManager: Shutting down and abandoning module AnimGraphRuntime (18)
[2019.04.22-03.37.57:808][617]LogModuleManager: Shutting down and abandoning module Renderer (16)
[2019.04.22-03.37.57:808][617]LogModuleManager: Shutting down and abandoning module Engine (14)
[2019.04.22-03.37.57:808][617]LogModuleManager: Shutting down and abandoning module CoreUObject (12)
[2019.04.22-03.37.57:808][617]LogModuleManager: Shutting down and abandoning module NetworkFile (10)
[2019.04.22-03.37.57:808][617]LogModuleManager: Shutting down and abandoning module CookedIterativeFile (8)
[2019.04.22-03.37.57:808][617]LogModuleManager: Shutting down and abandoning module StreamingFile (6)
[2019.04.22-03.37.57:808][617]LogModuleManager: Shutting down and abandoning module SandboxFile (4)
[2019.04.22-03.37.57:808][617]LogModuleManager: Shutting down and abandoning module PakFile (2)
[2019.04.22-03.37.57:812][617]LogExit: Exiting.
[2019.04.22-03.37.57:828][617]Log file closed, 04/21/19 23:37:57
