Log file open, 05/01/19 04:15:36
LogWindows: Failed to load 'aqProf.dll' (GetLastError=126)
LogWindows: File 'aqProf.dll' does not exist
LogWindows: Failed to load 'VtuneApi.dll' (GetLastError=126)
LogWindows: File 'VtuneApi.dll' does not exist
LogWindows: Failed to load 'VtuneApi32e.dll' (GetLastError=126)
LogWindows: File 'VtuneApi32e.dll' does not exist
LogConsoleResponse: Display: Failed to find resolution value strings in scalability ini. Falling back to default.
LogInit: Display: Running engine for game: VRLevel
LogPakFile: Registered encryption key '00000000000000000000000000000000': 0 pak files mounted, 0 remain pending
LogPlatformFile: Not using cached read wrapper
LogTaskGraph: Started task graph with 5 named threads and 23 total threads with 3 sets of task threads.
LogStats: Stats thread started at 0.352513
LogD3D11RHI: Loaded GFSDK_Aftermath_Lib.x64.dll
LogICUInternationalization: ICU TimeZone Detection - Raw Offset: -5:00, Platform Override: ''
LogPluginManager: Mounting plugin Paper2D
LogPluginManager: Mounting plugin AISupport
LogPluginManager: Mounting plugin LightPropagationVolume
LogPluginManager: Mounting plugin OpenCVLensDistortion
LogPluginManager: Mounting plugin ActorLayerUtilities
LogPluginManager: Mounting plugin CLionSourceCodeAccess
LogPluginManager: Mounting plugin CodeLiteSourceCodeAccess
LogPluginManager: Mounting plugin GitSourceControl
LogPluginManager: Mounting plugin KDevelopSourceCodeAccess
LogPluginManager: Mounting plugin NullSourceCodeAccess
LogPluginManager: Mounting plugin PerforceSourceControl
LogPluginManager: Mounting plugin SubversionSourceControl
LogPluginManager: Mounting plugin UObjectPlugin
LogPluginManager: Mounting plugin VisualStudioCodeSourceCodeAccess
LogPluginManager: Mounting plugin VisualStudioSourceCodeAccess
LogPluginManager: Mounting plugin XCodeSourceCodeAccess
LogPluginManager: Mounting plugin AssetManagerEditor
LogPluginManager: Mounting plugin CryptoKeys
LogPluginManager: Mounting plugin DataValidation
LogPluginManager: Mounting plugin FacialAnimation
LogPluginManager: Mounting plugin GameplayTagsEditor
LogPluginManager: Mounting plugin MacGraphicsSwitching
LogPluginManager: Mounting plugin MeshEditor
LogPluginManager: Mounting plugin MobileLauncherProfileWizard
LogPluginManager: Mounting plugin PluginBrowser
LogPluginManager: Mounting plugin SpeedTreeImporter
LogPluginManager: Mounting plugin DatasmithContent
LogPluginManager: Mounting plugin VariantManagerContent
LogPluginManager: Mounting plugin AlembicImporter
LogPluginManager: Mounting plugin AppleImageUtils
LogPluginManager: Mounting plugin AppleVision
LogPluginManager: Mounting plugin BackChannel
LogPluginManager: Mounting plugin CharacterAI
LogPluginManager: Mounting plugin GeometryCache
LogPluginManager: Mounting plugin HTML5Networking
LogPluginManager: Mounting plugin ProxyLODPlugin
LogPluginManager: Mounting plugin MagicLeap
LogPluginManager: Mounting plugin MagicLeapMedia
LogPluginManager: Mounting plugin AndroidMedia
LogPluginManager: Mounting plugin AvfMedia
LogPluginManager: Mounting plugin ImgMedia
LogPluginManager: Mounting plugin LinearTimecode
LogPluginManager: Mounting plugin MediaCompositing
LogPluginManager: Mounting plugin MediaPlayerEditor
LogPluginManager: Mounting plugin WebMMedia
LogPluginManager: Mounting plugin WmfMedia
LogPluginManager: Mounting plugin TcpMessaging
LogPluginManager: Mounting plugin UdpMessaging
LogPluginManager: Mounting plugin ActorSequence
LogPluginManager: Mounting plugin LevelSequenceEditor
LogPluginManager: Mounting plugin MatineeToLevelSequence
LogPluginManager: Mounting plugin NetcodeUnitTest
LogPluginManager: Mounting plugin NUTUnrealEngine4
LogPluginManager: Mounting plugin OnlineSubsystemGooglePlay
LogPluginManager: Mounting plugin OnlineSubsystemIOS
LogPluginManager: Mounting plugin OnlineSubsystem
LogPluginManager: Mounting plugin OnlineSubsystemNull
LogPluginManager: Mounting plugin OnlineSubsystemUtils
LogPluginManager: Mounting plugin LauncherChunkInstaller
LogPluginManager: Mounting plugin AndroidDeviceProfileSelector
LogPluginManager: Mounting plugin AndroidMoviePlayer
LogPluginManager: Mounting plugin AndroidPermission
LogPluginManager: Mounting plugin ApexDestruction
LogPluginManager: Mounting plugin AppleMoviePlayer
LogPluginManager: Mounting plugin ArchVisCharacter
LogPluginManager: Mounting plugin AudioCapture
LogPluginManager: Mounting plugin CableComponent
LogPluginManager: Mounting plugin CustomMeshComponent
LogPluginManager: Mounting plugin EditableMesh
LogPluginManager: Mounting plugin ExampleDeviceProfileSelector
LogPluginManager: Mounting plugin Firebase
LogPluginManager: Mounting plugin GoogleCloudMessaging
LogPluginManager: Mounting plugin IOSDeviceProfileSelector
LogPluginManager: Mounting plugin LinuxDeviceProfileSelector
LogPluginManager: Mounting plugin LocationServicesBPLibrary
LogPluginManager: Mounting plugin MixedRealityCaptureFramework
LogPluginManager: Mounting plugin MobilePatchingUtils
LogPluginManager: Mounting plugin PhysXVehicles
LogPluginManager: Mounting plugin ProceduralMeshComponent
LogPluginManager: Mounting plugin RuntimePhysXCooking
LogPluginManager: Mounting plugin SteamVR
LogPluginManager: Mounting plugin WebMMoviePlayer
LogPluginManager: Mounting plugin WindowsMixedReality
LogPluginManager: Mounting plugin WindowsMoviePlayer
LogStreaming: Display: Took  0.142s to configure plugins.
LogInit: Using libcurl 7.55.1-DEV
LogInit:  - built for x86_64-pc-win32
LogInit:  - supports SSL with OpenSSL/1.0.2h
LogInit:  - supports HTTP deflate (compression) using libz 1.2.8
LogInit:  - other features:
LogInit:      CURL_VERSION_SSL
LogInit:      CURL_VERSION_LIBZ
LogInit:      CURL_VERSION_IPV6
LogInit:      CURL_VERSION_ASYNCHDNS
LogInit:      CURL_VERSION_LARGEFILE
LogInit:      CURL_VERSION_IDN
LogInit:  CurlRequestOptions (configurable via config and command line):
LogInit:  - bVerifyPeer = true  - Libcurl will verify peer certificate
LogInit:  - bUseHttpProxy = false  - Libcurl will NOT use HTTP proxy
LogInit:  - bDontReuseConnections = false  - Libcurl will reuse connections
LogInit:  - MaxHostConnections = 16  - Libcurl will limit the number of connections to a host
LogInit:  - LocalHostAddr = Default
LogInit:  - BufferSize = 65536
LogInit: WinSock: version 1.1 (2.2), MaxSocks=32767, MaxUdp=65467
LogInit: Build: ++UE4+Release-4.21-CL-4753647
LogInit: Engine Version: 4.21.2-4753647+++UE4+Release-4.21
LogInit: Compatible Engine Version: 4.21.0-4541578+++UE4+Release-4.21
LogInit: Net CL: 4541578
LogInit: OS: Windows 10 (), CPU: Intel(R) Core(TM) i5-8250U CPU @ 1.60GHz, GPU: Intel(R) UHD Graphics 620
LogInit: Compiled (64-bit): Jan 19 2019 02:07:31
LogInit: Compiled with Visual C++: 19.13.26129.00
LogInit: Build Configuration: Development
LogInit: Branch Name: ++UE4+Release-4.21
LogInit: Command Line:  -EpicPortal -epicusername=brt4557 -epicuserid=2c903a4a89bb4bce91c36f9f214ef532 -epiclocale=en-US
LogInit: Base Directory: C:/Program Files/Epic Games/UE_4.21/Engine/Binaries/Win64/
LogInit: Installed Engine Build: 1
LogDevObjectVersion: Number of dev versions registered: 22
LogDevObjectVersion:   Dev-Blueprints (B0D832E4-1F89-4F0D-ACCF-7EB736FD4AA2): 10
LogDevObjectVersion:   Dev-Build (E1C64328-A22C-4D53-A36C-8E866417BD8C): 0
LogDevObjectVersion:   Dev-Core (375EC13C-06E4-48FB-B500-84F0262A717E): 2
LogDevObjectVersion:   Dev-Editor (E4B068ED-F494-42E9-A231-DA0B2E46BB41): 26
LogDevObjectVersion:   Dev-Framework (CFFC743F-43B0-4480-9391-14DF171D2073): 34
LogDevObjectVersion:   Dev-Mobile (B02B49B5-BB20-44E9-A304-32B752E40360): 2
LogDevObjectVersion:   Dev-Networking (A4E4105C-59A1-49B5-A7C5-40C4547EDFEE): 0
LogDevObjectVersion:   Dev-Online (39C831C9-5AE6-47DC-9A44-9C173E1C8E7C): 0
LogDevObjectVersion:   Dev-Physics (78F01B33-EBEA-4F98-B9B4-84EACCB95AA2): 0
LogDevObjectVersion:   Dev-Platform (6631380F-2D4D-43E0-8009-CF276956A95A): 0
LogDevObjectVersion:   Dev-Rendering (12F88B9F-8875-4AFC-A67C-D90C383ABD29): 27
LogDevObjectVersion:   Dev-Sequencer (7B5AE74C-D270-4C10-A958-57980B212A5A): 9
LogDevObjectVersion:   Dev-VR (D7296918-1DD6-4BDD-9DE2-64A83CC13884): 2
LogDevObjectVersion:   Dev-LoadTimes (C2A15278-BFE7-4AFE-6C17-90FF531DF755): 1
LogDevObjectVersion:   Private-Geometry (6EACA3D4-40EC-4CC1-B786-8BED09428FC5): 3
LogDevObjectVersion:   Dev-AnimPhys (29E575DD-E0A3-4627-9D10-D276232CDCEA): 17
LogDevObjectVersion:   Dev-Anim (AF43A65D-7FD3-4947-9873-3E8ED9C1BB05): 2
LogDevObjectVersion:   Dev-ReflectionCapture (6B266CEC-1EC7-4B8F-A30B-E4D90942FC07): 1
LogDevObjectVersion:   Dev-Automation (0DF73D61-A23F-47EA-B727-89E90C41499A): 1
LogDevObjectVersion:   FortniteMain (601D1886-AC64-4F84-AA16-D3DE0DEAC7D6): 17
LogDevObjectVersion:   Dev-Enterprise (9DFFBCD6-494F-0158-E221-12823C92A888): 4
LogDevObjectVersion:   Dev-Niagara (F2AED0AC-9AFE-416F-8664-AA7FFA26D6FC): 1
LogStreaming: Display: Took  0.004s to delete old logs.
LogLinker: AddRedirectList(C:/Users/brt20/Desktop/VR/GroupDFinal/demo2/Saved/Config/Windows/MixedRealityCaptureFramework.ini) has substring redirect /MixedRealityFramework/, these are very slow and should be resolved as soon as possible!
LogInit: Presizing for max 8388607 objects, including 0 objects not considered by GC, pre-allocating 0 bytes for permanent pool.
LogInit: Object subsystem initialized
LogConfig: Setting CVar [[con.DebugEarlyDefault:1]]
LogConfig: Setting CVar [[r.setres:1280x720]]
[2019.05.01-08.15.37:743][  0]LogConfig: Setting CVar [[r.VSync:0]]
[2019.05.01-08.15.37:743][  0]LogConfig: Setting CVar [[r.RHICmdBypass:0]]
[2019.05.01-08.15.37:743][  0]LogConfig: Applying CVar settings from Section [/Script/Engine.RendererSettings] File [C:/Users/brt20/Desktop/VR/GroupDFinal/demo2/Saved/Config/Windows/Engine.ini]
[2019.05.01-08.15.37:743][  0]LogConfig: Setting CVar [[r.GPUCrashDebugging:0]]
[2019.05.01-08.15.37:743][  0]LogConfig: Setting CVar [[r.DefaultFeature.AmbientOcclusion:0]]
[2019.05.01-08.15.37:743][  0]LogConfig: Setting CVar [[r.DefaultFeature.AmbientOcclusionStaticFraction:0]]
[2019.05.01-08.15.37:744][  0]LogConfig: Setting CVar [[vr.InstancedStereo:1]]
[2019.05.01-08.15.37:744][  0]LogConfig: Setting CVar [[r.SeparateTranslucency:0]]
[2019.05.01-08.15.37:744][  0]LogConfig: Setting CVar [[r.HZBOcclusion:0]]
[2019.05.01-08.15.37:744][  0]LogConfig: Setting CVar [[r.SSR.MaxRoughness:0]]
[2019.05.01-08.15.37:744][  0]LogConfig: Setting CVar [[r.rhicmdbypass:0]]
[2019.05.01-08.15.37:744][  0]LogConfig: Applying CVar settings from Section [/Script/Engine.RendererOverrideSettings] File [C:/Users/brt20/Desktop/VR/GroupDFinal/demo2/Saved/Config/Windows/Engine.ini]
[2019.05.01-08.15.37:744][  0]LogConfig: Applying CVar settings from Section [/Script/Engine.StreamingSettings] File [C:/Users/brt20/Desktop/VR/GroupDFinal/demo2/Saved/Config/Windows/Engine.ini]
[2019.05.01-08.15.37:744][  0]LogConfig: Setting CVar [[s.MinBulkDataSizeForAsyncLoading:131072]]
[2019.05.01-08.15.37:744][  0]LogConfig: Setting CVar [[s.AsyncLoadingThreadEnabled:0]]
[2019.05.01-08.15.37:744][  0]LogConfig: Setting CVar [[s.EventDrivenLoaderEnabled:1]]
[2019.05.01-08.15.37:744][  0]LogConfig: Setting CVar [[s.WarnIfTimeLimitExceeded:0]]
[2019.05.01-08.15.37:744][  0]LogConfig: Setting CVar [[s.TimeLimitExceededMultiplier:1.5]]
[2019.05.01-08.15.37:744][  0]LogConfig: Setting CVar [[s.TimeLimitExceededMinTime:0.005]]
[2019.05.01-08.15.37:744][  0]LogConfig: Setting CVar [[s.UseBackgroundLevelStreaming:1]]
[2019.05.01-08.15.37:744][  0]LogConfig: Setting CVar [[s.PriorityAsyncLoadingExtraTime:15.0]]
[2019.05.01-08.15.37:744][  0]LogConfig: Setting CVar [[s.LevelStreamingActorsUpdateTimeLimit:5.0]]
[2019.05.01-08.15.37:744][  0]LogConfig: Setting CVar [[s.PriorityLevelStreamingActorsUpdateExtraTime:5.0]]
[2019.05.01-08.15.37:744][  0]LogConfig: Setting CVar [[s.LevelStreamingComponentsRegistrationGranularity:10]]
[2019.05.01-08.15.37:744][  0]LogConfig: Setting CVar [[s.UnregisterComponentsTimeLimit:1.0]]
[2019.05.01-08.15.37:744][  0]LogConfig: Setting CVar [[s.LevelStreamingComponentsUnregistrationGranularity:5]]
[2019.05.01-08.15.37:745][  0]LogConfig: Applying CVar settings from Section [/Script/Engine.GarbageCollectionSettings] File [C:/Users/brt20/Desktop/VR/GroupDFinal/demo2/Saved/Config/Windows/Engine.ini]
[2019.05.01-08.15.37:745][  0]LogConfig: Setting CVar [[gc.MaxObjectsNotConsideredByGC:1]]
[2019.05.01-08.15.37:745][  0]LogConfig: Setting CVar [[gc.SizeOfPermanentObjectPool:0]]
[2019.05.01-08.15.37:745][  0]LogConfig: Setting CVar [[gc.FlushStreamingOnGC:0]]
[2019.05.01-08.15.37:745][  0]LogConfig: Setting CVar [[gc.NumRetriesBeforeForcingGC:10]]
[2019.05.01-08.15.37:745][  0]LogConfig: Setting CVar [[gc.AllowParallelGC:1]]
[2019.05.01-08.15.37:745][  0]LogConfig: Setting CVar [[gc.TimeBetweenPurgingPendingKillObjects:61.1]]
[2019.05.01-08.15.37:745][  0]LogConfig: Setting CVar [[gc.MaxObjectsInEditor:8388607]]
[2019.05.01-08.15.37:745][  0]LogConfig: Setting CVar [[gc.IncrementalBeginDestroyEnabled:1]]
[2019.05.01-08.15.37:745][  0]LogConfig: Setting CVar [[gc.CreateGCClusters:1]]
[2019.05.01-08.15.37:745][  0]LogConfig: Setting CVar [[gc.MergeGCClusters:0]]
[2019.05.01-08.15.37:745][  0]LogConfig: Setting CVar [[gc.MinGCClusterSize:5]]
[2019.05.01-08.15.37:745][  0]LogConfig: Setting CVar [[gc.ActorClusteringEnabled:0]]
[2019.05.01-08.15.37:745][  0]LogConfig: Setting CVar [[gc.BlueprintClusteringEnabled:0]]
[2019.05.01-08.15.37:745][  0]LogConfig: Setting CVar [[gc.UseDisregardForGCOnDedicatedServers:0]]
[2019.05.01-08.15.37:745][  0]LogConfig: Applying CVar settings from Section [/Script/Engine.NetworkSettings] File [C:/Users/brt20/Desktop/VR/GroupDFinal/demo2/Saved/Config/Windows/Engine.ini]
[2019.05.01-08.15.37:745][  0]LogConfig: Applying CVar settings from Section [/Script/UnrealEd.CookerSettings] File [C:/Users/brt20/Desktop/VR/GroupDFinal/demo2/Saved/Config/Windows/Engine.ini]
[2019.05.01-08.15.37:756][  0]LogConfig: Applying CVar settings from Section [ViewDistanceQuality@3] File [C:/Users/brt20/Desktop/VR/GroupDFinal/demo2/Saved/Config/Windows/Scalability.ini]
[2019.05.01-08.15.37:756][  0]LogConfig: Setting CVar [[r.SkeletalMeshLODBias:0]]
[2019.05.01-08.15.37:756][  0]LogConfig: Setting CVar [[r.ViewDistanceScale:1.0]]
[2019.05.01-08.15.37:756][  0]LogConfig: Applying CVar settings from Section [AntiAliasingQuality@3] File [C:/Users/brt20/Desktop/VR/GroupDFinal/demo2/Saved/Config/Windows/Scalability.ini]
[2019.05.01-08.15.37:756][  0]LogConfig: Setting CVar [[r.PostProcessAAQuality:3]]
[2019.05.01-08.15.37:756][  0]LogConfig: Applying CVar settings from Section [ShadowQuality@3] File [C:/Users/brt20/Desktop/VR/GroupDFinal/demo2/Saved/Config/Windows/Scalability.ini]
[2019.05.01-08.15.37:756][  0]LogConfig: Setting CVar [[r.LightFunctionQuality:1]]
[2019.05.01-08.15.37:756][  0]LogConfig: Setting CVar [[r.ShadowQuality:5]]
[2019.05.01-08.15.37:756][  0]LogConfig: Setting CVar [[r.Shadow.CSM.MaxCascades:10]]
[2019.05.01-08.15.37:756][  0]LogConfig: Setting CVar [[r.Shadow.MaxResolution:2048]]
[2019.05.01-08.15.37:756][  0]LogConfig: Setting CVar [[r.Shadow.MaxCSMResolution:2048]]
[2019.05.01-08.15.37:756][  0]LogConfig: Setting CVar [[r.Shadow.RadiusThreshold:0.01]]
[2019.05.01-08.15.37:756][  0]LogConfig: Setting CVar [[r.Shadow.DistanceScale:1.0]]
[2019.05.01-08.15.37:756][  0]LogConfig: Setting CVar [[r.Shadow.CSM.TransitionScale:1.0]]
[2019.05.01-08.15.37:756][  0]LogConfig: Setting CVar [[r.Shadow.PreShadowResolutionFactor:1.0]]
[2019.05.01-08.15.37:756][  0]LogConfig: Setting CVar [[r.DistanceFieldShadowing:1]]
[2019.05.01-08.15.37:756][  0]LogConfig: Setting CVar [[r.DistanceFieldAO:1]]
[2019.05.01-08.15.37:757][  0]LogConfig: Setting CVar [[r.AOQuality:2]]
[2019.05.01-08.15.37:757][  0]LogConfig: Setting CVar [[r.VolumetricFog:1]]
[2019.05.01-08.15.37:757][  0]LogConfig: Setting CVar [[r.VolumetricFog.GridPixelSize:8]]
[2019.05.01-08.15.37:757][  0]LogConfig: Setting CVar [[r.VolumetricFog.GridSizeZ:128]]
[2019.05.01-08.15.37:757][  0]LogConfig: Setting CVar [[r.VolumetricFog.HistoryMissSupersampleCount:4]]
[2019.05.01-08.15.37:757][  0]LogConfig: Setting CVar [[r.LightMaxDrawDistanceScale:1]]
[2019.05.01-08.15.37:757][  0]LogConfig: Setting CVar [[r.CapsuleShadows:1]]
[2019.05.01-08.15.37:757][  0]LogConfig: Applying CVar settings from Section [PostProcessQuality@3] File [C:/Users/brt20/Desktop/VR/GroupDFinal/demo2/Saved/Config/Windows/Scalability.ini]
[2019.05.01-08.15.37:757][  0]LogConfig: Setting CVar [[r.MotionBlurQuality:0]]
[2019.05.01-08.15.37:757][  0]LogConfig: Setting CVar [[r.AmbientOcclusionMipLevelFactor:0.4]]
[2019.05.01-08.15.37:757][  0]LogConfig: Setting CVar [[r.AmbientOcclusionMaxQuality:100]]
[2019.05.01-08.15.37:757][  0]LogConfig: Setting CVar [[r.AmbientOcclusionLevels:0]]
[2019.05.01-08.15.37:757][  0]LogConfig: Setting CVar [[r.AmbientOcclusionRadiusScale:1.0]]
[2019.05.01-08.15.37:757][  0]LogConfig: Setting CVar [[r.DepthOfFieldQuality:0]]
[2019.05.01-08.15.37:757][  0]LogConfig: Setting CVar [[r.RenderTargetPoolMin:400]]
[2019.05.01-08.15.37:757][  0]LogConfig: Setting CVar [[r.LensFlareQuality:0]]
[2019.05.01-08.15.37:757][  0]LogConfig: Setting CVar [[r.SceneColorFringeQuality:0]]
[2019.05.01-08.15.37:757][  0]LogConfig: Setting CVar [[r.EyeAdaptationQuality:2]]
[2019.05.01-08.15.37:757][  0]LogConfig: Setting CVar [[r.BloomQuality:1]]
[2019.05.01-08.15.37:757][  0]LogConfig: Setting CVar [[r.FastBlurThreshold:0]]
[2019.05.01-08.15.37:758][  0]LogConfig: Setting CVar [[r.Upscale.Quality:3]]
[2019.05.01-08.15.37:758][  0]LogConfig: Setting CVar [[r.Tonemapper.GrainQuantization:1]]
[2019.05.01-08.15.37:758][  0]LogConfig: Setting CVar [[r.LightShaftQuality:1]]
[2019.05.01-08.15.37:758][  0]LogConfig: Setting CVar [[r.Filter.SizeScale:1]]
[2019.05.01-08.15.37:758][  0]LogConfig: Setting CVar [[r.Tonemapper.Quality:5]]
[2019.05.01-08.15.37:758][  0]LogConfig: Setting CVar [[r.DOF.Gather.AccumulatorQuality:1        ; higher gathering accumulator quality]]
[2019.05.01-08.15.37:758][  0]LogConfig: Setting CVar [[r.DOF.Gather.PostfilterMethod:1          ; Median3x3 postfilering method]]
[2019.05.01-08.15.37:758][  0]LogConfig: Setting CVar [[r.DOF.Gather.EnableBokehSettings:0       ; no bokeh simulation when gathering]]
[2019.05.01-08.15.37:758][  0]LogConfig: Setting CVar [[r.DOF.Gather.RingCount:4                 ; medium number of samples when gathering]]
[2019.05.01-08.15.37:758][  0]LogConfig: Setting CVar [[r.DOF.Scatter.ForegroundCompositing:1    ; additive foreground scattering]]
[2019.05.01-08.15.37:758][  0]LogConfig: Setting CVar [[r.DOF.Scatter.BackgroundCompositing:2    ; additive background scattering]]
[2019.05.01-08.15.37:758][  0]LogConfig: Setting CVar [[r.DOF.Scatter.EnableBokehSettings:1      ; bokeh simulation when scattering]]
[2019.05.01-08.15.37:758][  0]LogConfig: Setting CVar [[r.DOF.Scatter.MaxSpriteRatio:0.1         ; only a maximum of 10% of scattered bokeh]]
[2019.05.01-08.15.37:758][  0]LogConfig: Setting CVar [[r.DOF.Recombine.Quality:1                ; cheap slight out of focus]]
[2019.05.01-08.15.37:758][  0]LogConfig: Setting CVar [[r.DOF.Recombine.EnableBokehSettings:0    ; no bokeh simulation on slight out of focus]]
[2019.05.01-08.15.37:758][  0]LogConfig: Setting CVar [[r.DOF.TemporalAAQuality:1                ; more stable temporal accumulation]]
[2019.05.01-08.15.37:758][  0]LogConfig: Setting CVar [[r.DOF.Kernel.MaxForegroundRadius:0.025]]
[2019.05.01-08.15.37:758][  0]LogConfig: Setting CVar [[r.DOF.Kernel.MaxBackgroundRadius:0.025]]
[2019.05.01-08.15.37:758][  0]LogConfig: Applying CVar settings from Section [TextureQuality@3] File [C:/Users/brt20/Desktop/VR/GroupDFinal/demo2/Saved/Config/Windows/Scalability.ini]
[2019.05.01-08.15.37:758][  0]LogConfig: Setting CVar [[r.Streaming.MipBias:0]]
[2019.05.01-08.15.37:758][  0]LogConfig: Setting CVar [[r.Streaming.AmortizeCPUToGPUCopy:0]]
[2019.05.01-08.15.37:758][  0]LogConfig: Setting CVar [[r.Streaming.MaxNumTexturesToStreamPerFrame:0]]
[2019.05.01-08.15.37:759][  0]LogConfig: Setting CVar [[r.Streaming.Boost:1]]
[2019.05.01-08.15.37:759][  0]LogConfig: Setting CVar [[r.MaxAnisotropy:8]]
[2019.05.01-08.15.37:759][  0]LogConfig: Setting CVar [[r.Streaming.LimitPoolSizeToVRAM:0]]
[2019.05.01-08.15.37:759][  0]LogConfig: Setting CVar [[r.Streaming.PoolSize:1000]]
[2019.05.01-08.15.37:759][  0]LogConfig: Setting CVar [[r.Streaming.MaxEffectiveScreenSize:0]]
[2019.05.01-08.15.37:759][  0]LogConfig: Applying CVar settings from Section [EffectsQuality@3] File [C:/Users/brt20/Desktop/VR/GroupDFinal/demo2/Saved/Config/Windows/Scalability.ini]
[2019.05.01-08.15.37:759][  0]LogConfig: Setting CVar [[r.TranslucencyLightingVolumeDim:4]]
[2019.05.01-08.15.37:759][  0]LogConfig: Setting CVar [[r.RefractionQuality:2]]
[2019.05.01-08.15.37:759][  0]LogConfig: Setting CVar [[r.SSR.Quality:0]]
[2019.05.01-08.15.37:759][  0]LogConfig: Setting CVar [[r.SceneColorFormat:2]]
[2019.05.01-08.15.37:759][  0]LogConfig: Setting CVar [[r.DetailMode:2]]
[2019.05.01-08.15.37:759][  0]LogConfig: Setting CVar [[r.TranslucencyVolumeBlur:0]]
[2019.05.01-08.15.37:759][  0]LogConfig: Setting CVar [[r.MaterialQualityLevel:1 ; High quality]]
[2019.05.01-08.15.37:759][  0]LogConfig: Setting CVar [[r.SSS.Scale:1]]
[2019.05.01-08.15.37:759][  0]LogConfig: Setting CVar [[r.SSS.SampleSet:2]]
[2019.05.01-08.15.37:759][  0]LogConfig: Setting CVar [[r.SSS.Quality:1]]
[2019.05.01-08.15.37:759][  0]LogConfig: Setting CVar [[r.SSS.HalfRes:1]]
[2019.05.01-08.15.37:759][  0]LogConfig: Setting CVar [[r.EmitterSpawnRateScale:1.0]]
[2019.05.01-08.15.37:759][  0]LogConfig: Setting CVar [[r.ParticleLightQuality:2]]
[2019.05.01-08.15.37:759][  0]LogConfig: Applying CVar settings from Section [FoliageQuality@3] File [C:/Users/brt20/Desktop/VR/GroupDFinal/demo2/Saved/Config/Windows/Scalability.ini]
[2019.05.01-08.15.37:759][  0]LogConfig: Setting CVar [[foliage.DensityScale:1.0]]
[2019.05.01-08.15.37:759][  0]LogConfig: Setting CVar [[grass.DensityScale:1.0]]
[2019.05.01-08.15.37:760][  0]LogInit: Selected Device Profile: [Windows]
[2019.05.01-08.15.37:760][  0]LogInit: Applying CVar settings loaded from the selected device profile: [Windows]
[2019.05.01-08.15.37:807][  0]LogHAL: Display: Platform has ~ 8 GB [8461365248 / 8589934592 / 8], which maps to Default [LargestMinGB=32, LargerMinGB=12, DefaultMinGB=8, SmallerMinGB=6, SmallestMinGB=0)
[2019.05.01-08.15.37:807][  0]LogConfig: Setting CVar [[r.Vulkan.UseRealUBs:1]]
[2019.05.01-08.15.37:807][  0]LogInit: Going up to parent DeviceProfile []
[2019.05.01-08.15.37:807][  0]LogConfig: Applying CVar settings from Section [ViewDistanceQuality@3] File [C:/Users/brt20/Desktop/VR/GroupDFinal/demo2/Saved/Config/Windows/Scalability.ini]
[2019.05.01-08.15.37:807][  0]LogConfig: Setting CVar [[r.SkeletalMeshLODBias:0]]
[2019.05.01-08.15.37:807][  0]LogConfig: Setting CVar [[r.ViewDistanceScale:1.0]]
[2019.05.01-08.15.37:807][  0]LogConfig: Applying CVar settings from Section [AntiAliasingQuality@3] File [C:/Users/brt20/Desktop/VR/GroupDFinal/demo2/Saved/Config/Windows/Scalability.ini]
[2019.05.01-08.15.37:807][  0]LogConfig: Setting CVar [[r.PostProcessAAQuality:3]]
[2019.05.01-08.15.37:807][  0]LogConfig: Applying CVar settings from Section [ShadowQuality@3] File [C:/Users/brt20/Desktop/VR/GroupDFinal/demo2/Saved/Config/Windows/Scalability.ini]
[2019.05.01-08.15.37:808][  0]LogConfig: Setting CVar [[r.LightFunctionQuality:1]]
[2019.05.01-08.15.37:808][  0]LogConfig: Setting CVar [[r.ShadowQuality:5]]
[2019.05.01-08.15.37:808][  0]LogConfig: Setting CVar [[r.Shadow.CSM.MaxCascades:10]]
[2019.05.01-08.15.37:808][  0]LogConfig: Setting CVar [[r.Shadow.MaxResolution:2048]]
[2019.05.01-08.15.37:808][  0]LogConfig: Setting CVar [[r.Shadow.MaxCSMResolution:2048]]
[2019.05.01-08.15.37:808][  0]LogConfig: Setting CVar [[r.Shadow.RadiusThreshold:0.01]]
[2019.05.01-08.15.37:808][  0]LogConfig: Setting CVar [[r.Shadow.DistanceScale:1.0]]
[2019.05.01-08.15.37:808][  0]LogConfig: Setting CVar [[r.Shadow.CSM.TransitionScale:1.0]]
[2019.05.01-08.15.37:808][  0]LogConfig: Setting CVar [[r.Shadow.PreShadowResolutionFactor:1.0]]
[2019.05.01-08.15.37:808][  0]LogConfig: Setting CVar [[r.DistanceFieldShadowing:1]]
[2019.05.01-08.15.37:808][  0]LogConfig: Setting CVar [[r.DistanceFieldAO:1]]
[2019.05.01-08.15.37:808][  0]LogConfig: Setting CVar [[r.AOQuality:2]]
[2019.05.01-08.15.37:808][  0]LogConfig: Setting CVar [[r.VolumetricFog:1]]
[2019.05.01-08.15.37:808][  0]LogConfig: Setting CVar [[r.VolumetricFog.GridPixelSize:8]]
[2019.05.01-08.15.37:808][  0]LogConfig: Setting CVar [[r.VolumetricFog.GridSizeZ:128]]
[2019.05.01-08.15.37:808][  0]LogConfig: Setting CVar [[r.VolumetricFog.HistoryMissSupersampleCount:4]]
[2019.05.01-08.15.37:808][  0]LogConfig: Setting CVar [[r.LightMaxDrawDistanceScale:1]]
[2019.05.01-08.15.37:808][  0]LogConfig: Setting CVar [[r.CapsuleShadows:1]]
[2019.05.01-08.15.37:808][  0]LogConfig: Applying CVar settings from Section [PostProcessQuality@3] File [C:/Users/brt20/Desktop/VR/GroupDFinal/demo2/Saved/Config/Windows/Scalability.ini]
[2019.05.01-08.15.37:808][  0]LogConfig: Setting CVar [[r.MotionBlurQuality:0]]
[2019.05.01-08.15.37:808][  0]LogConfig: Setting CVar [[r.AmbientOcclusionMipLevelFactor:0.4]]
[2019.05.01-08.15.37:809][  0]LogConfig: Setting CVar [[r.AmbientOcclusionMaxQuality:100]]
[2019.05.01-08.15.37:809][  0]LogConfig: Setting CVar [[r.AmbientOcclusionLevels:0]]
[2019.05.01-08.15.37:809][  0]LogConfig: Setting CVar [[r.AmbientOcclusionRadiusScale:1.0]]
[2019.05.01-08.15.37:809][  0]LogConfig: Setting CVar [[r.DepthOfFieldQuality:0]]
[2019.05.01-08.15.37:809][  0]LogConfig: Setting CVar [[r.RenderTargetPoolMin:400]]
[2019.05.01-08.15.37:809][  0]LogConfig: Setting CVar [[r.LensFlareQuality:0]]
[2019.05.01-08.15.37:809][  0]LogConfig: Setting CVar [[r.SceneColorFringeQuality:0]]
[2019.05.01-08.15.37:809][  0]LogConfig: Setting CVar [[r.EyeAdaptationQuality:2]]
[2019.05.01-08.15.37:809][  0]LogConfig: Setting CVar [[r.BloomQuality:1]]
[2019.05.01-08.15.37:809][  0]LogConfig: Setting CVar [[r.FastBlurThreshold:0]]
[2019.05.01-08.15.37:809][  0]LogConfig: Setting CVar [[r.Upscale.Quality:3]]
[2019.05.01-08.15.37:809][  0]LogConfig: Setting CVar [[r.Tonemapper.GrainQuantization:1]]
[2019.05.01-08.15.37:809][  0]LogConfig: Setting CVar [[r.LightShaftQuality:1]]
[2019.05.01-08.15.37:809][  0]LogConfig: Setting CVar [[r.Filter.SizeScale:1]]
[2019.05.01-08.15.37:809][  0]LogConfig: Setting CVar [[r.Tonemapper.Quality:5]]
[2019.05.01-08.15.37:809][  0]LogConfig: Setting CVar [[r.DOF.Gather.AccumulatorQuality:1        ; higher gathering accumulator quality]]
[2019.05.01-08.15.37:809][  0]LogConfig: Setting CVar [[r.DOF.Gather.PostfilterMethod:1          ; Median3x3 postfilering method]]
[2019.05.01-08.15.37:809][  0]LogConfig: Setting CVar [[r.DOF.Gather.EnableBokehSettings:0       ; no bokeh simulation when gathering]]
[2019.05.01-08.15.37:809][  0]LogConfig: Setting CVar [[r.DOF.Gather.RingCount:4                 ; medium number of samples when gathering]]
[2019.05.01-08.15.37:809][  0]LogConfig: Setting CVar [[r.DOF.Scatter.ForegroundCompositing:1    ; additive foreground scattering]]
[2019.05.01-08.15.37:809][  0]LogConfig: Setting CVar [[r.DOF.Scatter.BackgroundCompositing:2    ; additive background scattering]]
[2019.05.01-08.15.37:809][  0]LogConfig: Setting CVar [[r.DOF.Scatter.EnableBokehSettings:1      ; bokeh simulation when scattering]]
[2019.05.01-08.15.37:809][  0]LogConfig: Setting CVar [[r.DOF.Scatter.MaxSpriteRatio:0.1         ; only a maximum of 10% of scattered bokeh]]
[2019.05.01-08.15.37:810][  0]LogConfig: Setting CVar [[r.DOF.Recombine.Quality:1                ; cheap slight out of focus]]
[2019.05.01-08.15.37:810][  0]LogConfig: Setting CVar [[r.DOF.Recombine.EnableBokehSettings:0    ; no bokeh simulation on slight out of focus]]
[2019.05.01-08.15.37:810][  0]LogConfig: Setting CVar [[r.DOF.TemporalAAQuality:1                ; more stable temporal accumulation]]
[2019.05.01-08.15.37:810][  0]LogConfig: Setting CVar [[r.DOF.Kernel.MaxForegroundRadius:0.025]]
[2019.05.01-08.15.37:810][  0]LogConfig: Setting CVar [[r.DOF.Kernel.MaxBackgroundRadius:0.025]]
[2019.05.01-08.15.37:810][  0]LogConfig: Applying CVar settings from Section [TextureQuality@3] File [C:/Users/brt20/Desktop/VR/GroupDFinal/demo2/Saved/Config/Windows/Scalability.ini]
[2019.05.01-08.15.37:810][  0]LogConfig: Setting CVar [[r.Streaming.MipBias:0]]
[2019.05.01-08.15.37:810][  0]LogConfig: Setting CVar [[r.Streaming.AmortizeCPUToGPUCopy:0]]
[2019.05.01-08.15.37:810][  0]LogConfig: Setting CVar [[r.Streaming.MaxNumTexturesToStreamPerFrame:0]]
[2019.05.01-08.15.37:810][  0]LogConfig: Setting CVar [[r.Streaming.Boost:1]]
[2019.05.01-08.15.37:810][  0]LogConfig: Setting CVar [[r.MaxAnisotropy:8]]
[2019.05.01-08.15.37:810][  0]LogConfig: Setting CVar [[r.Streaming.LimitPoolSizeToVRAM:0]]
[2019.05.01-08.15.37:810][  0]LogConfig: Setting CVar [[r.Streaming.PoolSize:1000]]
[2019.05.01-08.15.37:810][  0]LogConfig: Setting CVar [[r.Streaming.MaxEffectiveScreenSize:0]]
[2019.05.01-08.15.37:810][  0]LogConfig: Applying CVar settings from Section [EffectsQuality@3] File [C:/Users/brt20/Desktop/VR/GroupDFinal/demo2/Saved/Config/Windows/Scalability.ini]
[2019.05.01-08.15.37:810][  0]LogConfig: Setting CVar [[r.TranslucencyLightingVolumeDim:4]]
[2019.05.01-08.15.37:810][  0]LogConfig: Setting CVar [[r.RefractionQuality:2]]
[2019.05.01-08.15.37:810][  0]LogConfig: Setting CVar [[r.SSR.Quality:0]]
[2019.05.01-08.15.37:810][  0]LogConfig: Setting CVar [[r.SceneColorFormat:2]]
[2019.05.01-08.15.37:810][  0]LogConfig: Setting CVar [[r.DetailMode:2]]
[2019.05.01-08.15.37:810][  0]LogConfig: Setting CVar [[r.TranslucencyVolumeBlur:0]]
[2019.05.01-08.15.37:811][  0]LogConfig: Setting CVar [[r.MaterialQualityLevel:1 ; High quality]]
[2019.05.01-08.15.37:811][  0]LogConfig: Setting CVar [[r.SSS.Scale:1]]
[2019.05.01-08.15.37:811][  0]LogConfig: Setting CVar [[r.SSS.SampleSet:2]]
[2019.05.01-08.15.37:811][  0]LogConfig: Setting CVar [[r.SSS.Quality:1]]
[2019.05.01-08.15.37:811][  0]LogConfig: Setting CVar [[r.SSS.HalfRes:1]]
[2019.05.01-08.15.37:811][  0]LogConfig: Setting CVar [[r.EmitterSpawnRateScale:1.0]]
[2019.05.01-08.15.37:811][  0]LogConfig: Setting CVar [[r.ParticleLightQuality:2]]
[2019.05.01-08.15.37:811][  0]LogConfig: Applying CVar settings from Section [FoliageQuality@3] File [C:/Users/brt20/Desktop/VR/GroupDFinal/demo2/Saved/Config/Windows/Scalability.ini]
[2019.05.01-08.15.37:811][  0]LogConfig: Setting CVar [[foliage.DensityScale:1.0]]
[2019.05.01-08.15.37:811][  0]LogConfig: Setting CVar [[grass.DensityScale:1.0]]
[2019.05.01-08.15.37:811][  0]LogConfig: Applying CVar settings from Section [Startup] File [../../../Engine/Config/ConsoleVariables.ini]
[2019.05.01-08.15.37:812][  0]LogConfig: Setting CVar [[net.UseAdaptiveNetUpdateFrequency:0]]
[2019.05.01-08.15.37:812][  0]LogConfig: Applying CVar settings from Section [ConsoleVariables] File [C:/Users/brt20/Desktop/VR/GroupDFinal/demo2/Saved/Config/Windows/Engine.ini]
[2019.05.01-08.15.37:812][  0]LogInit: Computer: MORGAN
[2019.05.01-08.15.37:812][  0]LogInit: User: brt20
[2019.05.01-08.15.37:812][  0]LogInit: CPU Page size=4096, Cores=4
[2019.05.01-08.15.37:812][  0]LogInit: High frequency timer resolution =1.757814 MHz
[2019.05.01-08.15.37:813][  0]LogMemory: Memory total: Physical=7.9GB (8GB approx)
[2019.05.01-08.15.37:813][  0]LogMemory: Platform Memory Stats for Windows
[2019.05.01-08.15.37:813][  0]LogMemory: Process Physical Memory: 105.79 MB used, 105.79 MB peak
[2019.05.01-08.15.37:813][  0]LogMemory: Process Virtual Memory: 95.60 MB used, 95.60 MB peak
[2019.05.01-08.15.37:813][  0]LogMemory: Physical Memory: 4405.89 MB used,  3663.50 MB free, 8069.39 MB total
[2019.05.01-08.15.37:813][  0]LogMemory: Virtual Memory: 4676.66 MB used,  134213048.00 MB free, 134217728.00 MB total
[2019.05.01-08.15.37:896][  0]LogInit: Using OS detected language (en-US).
[2019.05.01-08.15.37:896][  0]LogInit: Using OS detected locale (en-US).
[2019.05.01-08.15.37:898][  0]LogTextLocalizationManager: No specific localization for 'en-US' exists, so the 'en' localization will be used.
[2019.05.01-08.15.38:419][  0]LogStreaming: Display: Took  0.524s to InitEngineTextLocalization.
[2019.05.01-08.15.38:420][  0]LogInit: Setting process to per monitor DPI aware
[2019.05.01-08.15.38:471][  0]LogSlate: New Slate User Created.  User Index 0, Is Virtual User: 0
[2019.05.01-08.15.38:471][  0]LogSlate: Slate User Registered.  User Index 0, Is Virtual User: 0
[2019.05.01-08.15.38:718][  0]LogD3D11RHI: D3D11 adapters:
[2019.05.01-08.15.38:777][  0]LogD3D11RHI:    0. 'NVIDIA GeForce MX150' (Feature Level 11_0)
[2019.05.01-08.15.38:777][  0]LogD3D11RHI:       2013/0/4034 MB DedicatedVideo/DedicatedSystem/SharedSystem, Outputs:1, VendorId:0x10de
[2019.05.01-08.15.38:791][  0]LogD3D11RHI:    1. 'Intel(R) UHD Graphics 620' (Feature Level 11_0)
[2019.05.01-08.15.38:791][  0]LogD3D11RHI:       128/0/4034 MB DedicatedVideo/DedicatedSystem/SharedSystem, Outputs:0, VendorId:0x8086
[2019.05.01-08.15.38:793][  0]LogD3D11RHI:    2. 'Microsoft Basic Render Driver' (Feature Level 11_0)
[2019.05.01-08.15.38:793][  0]LogD3D11RHI:       0/0/4034 MB DedicatedVideo/DedicatedSystem/SharedSystem, Outputs:0, VendorId:0x1414
[2019.05.01-08.15.38:793][  0]LogD3D11RHI: Chosen D3D11 Adapter: 0
[2019.05.01-08.15.38:828][  0]LogD3D11RHI: Creating new Direct3DDevice
[2019.05.01-08.15.38:828][  0]LogD3D11RHI:     GPU DeviceId: 0x1d10 (for the marketing name, search the web for "GPU Device Id")
[2019.05.01-08.15.38:828][  0]LogWindows: EnumDisplayDevices:
[2019.05.01-08.15.38:828][  0]LogWindows:    0. 'Intel(R) UHD Graphics 620' (P:1 D:1)
[2019.05.01-08.15.38:829][  0]LogWindows:    1. 'Intel(R) UHD Graphics 620' (P:0 D:0)
[2019.05.01-08.15.38:829][  0]LogWindows:    2. 'Intel(R) UHD Graphics 620' (P:0 D:0)
[2019.05.01-08.15.38:829][  0]LogWindows: DebugString: PrimaryIsNotTheChoosenAdapter PrimaryIsNotTheChoosenAdapter PrimaryIsNotTheChoosenAdapter FoundDriverCount:0 
[2019.05.01-08.15.38:829][  0]LogD3D11RHI:     Adapter Name: NVIDIA GeForce MX150
[2019.05.01-08.15.38:829][  0]LogD3D11RHI:   Driver Version: Unknown (internal:Unknown, unified:Unknown)
[2019.05.01-08.15.38:829][  0]LogD3D11RHI:      Driver Date: Unknown
[2019.05.01-08.15.38:829][  0]LogRHI: Texture pool is 1409 MB (70% of 2013 MB)
[2019.05.01-08.15.38:855][  0]LogD3D11RHI: Async texture creation enabled
[2019.05.01-08.15.38:866][  0]LogD3D11RHI: GPU Timing Frequency: 1000.000000 (Debug: 2 1)
[2019.05.01-08.15.39:222][  0]LogTemp: Display: Loaded TP AllDesktopTargetPlatform
[2019.05.01-08.15.39:238][  0]LogTemp: Display: Loaded TP MacClientTargetPlatform
[2019.05.01-08.15.39:255][  0]LogTemp: Display: Loaded TP MacNoEditorTargetPlatform
[2019.05.01-08.15.39:269][  0]LogTemp: Display: Loaded TP MacServerTargetPlatform
[2019.05.01-08.15.39:285][  0]LogTemp: Display: Loaded TP MacTargetPlatform
[2019.05.01-08.15.39:300][  0]LogTemp: Display: Loaded TP WindowsClientTargetPlatform
[2019.05.01-08.15.39:316][  0]LogTemp: Display: Loaded TP WindowsNoEditorTargetPlatform
[2019.05.01-08.15.39:331][  0]LogTemp: Display: Loaded TP WindowsServerTargetPlatform
[2019.05.01-08.15.39:339][  0]LogTemp: Display: Loaded TP WindowsTargetPlatform
[2019.05.01-08.15.39:426][  0]LogTemp: Display: Loaded TP AndroidTargetPlatform
[2019.05.01-08.15.39:426][  0]LogTemp: Display: Loaded TP AndroidTargetPlatform
[2019.05.01-08.15.39:426][  0]LogTemp: Display: Loaded TP AndroidTargetPlatform
[2019.05.01-08.15.39:426][  0]LogTemp: Display: Loaded TP AndroidTargetPlatform
[2019.05.01-08.15.39:426][  0]LogTemp: Display: Loaded TP AndroidTargetPlatform
[2019.05.01-08.15.39:426][  0]LogTemp: Display: Loaded TP AndroidTargetPlatform
[2019.05.01-08.15.39:426][  0]LogTemp: Display: Loaded TP AndroidTargetPlatform
[2019.05.01-08.15.39:426][  0]LogTemp: Display: Loaded TP AndroidTargetPlatform
[2019.05.01-08.15.39:426][  0]LogTemp: Display: Loaded TP AndroidTargetPlatform
[2019.05.01-08.15.39:426][  0]LogTemp: Display: Loaded TP AndroidTargetPlatform
[2019.05.01-08.15.39:426][  0]LogTemp: Display: Loaded TP AndroidTargetPlatform
[2019.05.01-08.15.39:426][  0]LogTemp: Display: Loaded TP AndroidTargetPlatform
[2019.05.01-08.15.39:426][  0]LogTemp: Display: Loaded TP AndroidTargetPlatform
[2019.05.01-08.15.39:426][  0]LogTemp: Display: Loaded TP AndroidTargetPlatform
[2019.05.01-08.15.39:426][  0]LogTemp: Display: Loaded TP AndroidTargetPlatform
[2019.05.01-08.15.39:426][  0]LogTemp: Display: Loaded TP AndroidTargetPlatform
[2019.05.01-08.15.39:426][  0]LogTemp: Display: Loaded TP AndroidTargetPlatform
[2019.05.01-08.15.39:426][  0]LogTemp: Display: Loaded TP AndroidTargetPlatform
[2019.05.01-08.15.39:428][  0]LogTemp: Display: Loaded TP HTML5TargetPlatform
[2019.05.01-08.15.39:499][  0]LogTemp: Display: Loaded TP IOSTargetPlatform
[2019.05.01-08.15.39:499][  0]LogTemp: Display: Loaded TP IOSTargetPlatform
[2019.05.01-08.15.39:540][  0]LogTemp: Display: Loaded TP TVOSTargetPlatform
[2019.05.01-08.15.39:540][  0]LogTemp: Display: Loaded TP TVOSTargetPlatform
[2019.05.01-08.15.39:553][  0]LogTemp: Display: Loaded TP LinuxClientTargetPlatform
[2019.05.01-08.15.39:567][  0]LogTemp: Display: Loaded TP LinuxNoEditorTargetPlatform
[2019.05.01-08.15.39:580][  0]LogTemp: Display: Loaded TP LinuxServerTargetPlatform
[2019.05.01-08.15.39:593][  0]LogTemp: Display: Loaded TP LinuxTargetPlatform
[2019.05.01-08.15.39:662][  0]LogTemp: Display: Loaded TP LuminTargetPlatform
[2019.05.01-08.15.39:662][  0]LogTemp: Display: Loaded TP LuminTargetPlatform
[2019.05.01-08.15.39:662][  0]LogTargetPlatformManager: Display: Building Assets For Windows
[2019.05.01-08.15.39:859][  0]LogShaderCompilers: Guid format shader working directory is -13 characters bigger than the processId version (../../../../../../Users/brt20/Desktop/VR/GroupDFinal/demo2/Intermediate/Shaders/WorkingDirectory/12076/).
[2019.05.01-08.15.39:859][  0]LogShaderCompilers: Cleaned the shader compiler working directory 'C:/Users/brt20/AppData/Local/Temp/UnrealShaderWorkingDir/FD6C88774D4C5D74601BA1BA991FAE8F/'.
[2019.05.01-08.15.39:866][  0]LogXGEController: Cannot use XGE Controller as Incredibuild is not installed on this machine.
[2019.05.01-08.15.39:866][  0]LogShaderCompilers: Cannot use XGE Shader Compiler as Incredibuild is not installed on this machine.
[2019.05.01-08.15.39:866][  0]LogShaderCompilers: Display: Using Local Shader Compiler.
[2019.05.01-08.15.40:460][  0]LogDerivedDataCache: Display: Max Cache Size: 512 MB
[2019.05.01-08.15.40:530][  0]LogDerivedDataCache: Loaded boot cache 0.07s 78MB C:/Users/brt20/AppData/Local/UnrealEngine/4.21/DerivedDataCache/Boot.ddc.
[2019.05.01-08.15.40:530][  0]LogDerivedDataCache: Display: Loaded Boot cache: C:/Users/brt20/AppData/Local/UnrealEngine/4.21/DerivedDataCache/Boot.ddc
[2019.05.01-08.15.40:530][  0]LogDerivedDataCache: FDerivedDataBackendGraph:  Pak pak cache file ../../../../../../Users/brt20/Desktop/VR/GroupDFinal/demo2/DerivedDataCache/DDC.ddp not found, will not use a pak cache.
[2019.05.01-08.15.40:530][  0]LogDerivedDataCache: Unable to find inner node Pak for hierarchical cache Hierarchy.
[2019.05.01-08.15.40:530][  0]LogDerivedDataCache: FDerivedDataBackendGraph:  CompressedPak pak cache file ../../../../../../Users/brt20/Desktop/VR/GroupDFinal/demo2/DerivedDataCache/Compressed.ddp not found, will not use a pak cache.
[2019.05.01-08.15.40:530][  0]LogDerivedDataCache: Unable to find inner node CompressedPak for hierarchical cache Hierarchy.
[2019.05.01-08.15.40:550][  0]LogDerivedDataCache: Display: Pak cache opened for reading ../../../Engine/DerivedDataCache/Compressed.ddp.
[2019.05.01-08.15.40:550][  0]LogDerivedDataCache: FDerivedDataBackendGraph:  EnterprisePak pak cache file ../../../Enterprise/DerivedDataCache/Compressed.ddp not found, will not use a pak cache.
[2019.05.01-08.15.40:550][  0]LogDerivedDataCache: Unable to find inner node EnterprisePak for hierarchical cache Hierarchy.
[2019.05.01-08.15.40:563][  0]LogDerivedDataCache: Using Local data cache path C:/Users/brt20/AppData/Local/UnrealEngine/Common/DerivedDataCache: Writable
[2019.05.01-08.15.40:563][  0]LogDerivedDataCache: Shared data cache path not found in *engine.ini, will not use an Shared cache.
[2019.05.01-08.15.40:563][  0]LogDerivedDataCache: Unable to find inner node Shared for hierarchical cache Hierarchy.
[2019.05.01-08.15.40:592][  0]LogMaterial: Verifying Global Shaders for PCD3D_SM5
[2019.05.01-08.15.40:594][  0]LogSlate: Using FreeType 2.6.0
[2019.05.01-08.15.40:595][  0]LogSlate: SlateFontServices - WITH_FREETYPE: 1, WITH_HARFBUZZ: 1
[2019.05.01-08.15.40:698][  0]LogAssetRegistry: FAssetRegistry took 0.0405 seconds to start up
[2019.05.01-08.15.41:130][  0]LogInit: Selected Device Profile: [Windows]
[2019.05.01-08.15.41:329][  0]LogSimplygon: Simplygon DLL not present - disabling.
[2019.05.01-08.15.41:335][  0]LogMeshReduction: Using SimplygonSwarm for distributed automatic mesh merging
[2019.05.01-08.15.41:335][  0]LogMeshReduction: Using ProxyLODMeshReduction for automatic mesh merging
[2019.05.01-08.15.41:335][  0]LogMeshReduction: Using QuadricMeshReduction for automatic static mesh reduction
[2019.05.01-08.15.41:335][  0]LogMeshReduction: No automatic skeletal mesh reduction module available
[2019.05.01-08.15.41:354][  0]LogNetVersion: VRLevel 1.0.0, NetCL: 4541578, EngineNetVer: 5, GameNetVer: 0 (Checksum: 341503009)
[2019.05.01-08.15.42:526][  0]LogPackageLocalizationCache: Processed 12 localized package path(s) for 2 prioritized culture(s) in 0.224770 seconds
[2019.05.01-08.15.42:536][  0]LogUObjectArray: 39679 objects as part of root set at end of initial load.
[2019.05.01-08.15.42:536][  0]LogUObjectAllocator: 6899216 out of 0 bytes used by permanent object pool.
[2019.05.01-08.15.42:536][  0]LogUObjectArray: CloseDisregardForGC: 0/0 objects in disregard for GC pool
[2019.05.01-08.15.43:805][  0]LogTcpMessaging: Initializing TcpMessaging bridge
[2019.05.01-08.15.43:818][  0]LogUdpMessaging: Initializing bridge on interface 0.0.0.0:0 to multicast group 230.0.0.1:6666.
[2019.05.01-08.15.44:051][  0]SourceControl: Source control is disabled
[2019.05.01-08.15.44:051][  0]SourceControl: Source control is disabled
[2019.05.01-08.15.44:053][  0]SourceControl: Source control is disabled
[2019.05.01-08.15.44:055][  0]SourceControl: Source control is disabled
[2019.05.01-08.15.44:247][  0]LogAndroidPermission: UAndroidPermissionCallbackProxy::GetInstance
[2019.05.01-08.15.44:510][  0]LogEngine: Initializing Engine...
[2019.05.01-08.15.44:513][  0]LogStats: UGameplayTagsManager::ConstructGameplayTagTree: ImportINI prefixes -  0.000 s
[2019.05.01-08.15.44:513][  0]LogStats: UGameplayTagsManager::ConstructGameplayTagTree: Construct from data asset -  0.000 s
[2019.05.01-08.15.44:513][  0]LogStats: UGameplayTagsManager::ConstructGameplayTagTree: ImportINI -  0.000 s
[2019.05.01-08.15.44:513][  0]LogStats: UGameplayTagsManager::ConstructGameplayTagTree: GameplayTagTreeChangedEvent.Broadcast -  0.000 s
[2019.05.01-08.15.45:221][  0]LogInit: Initializing FReadOnlyCVARCache
[2019.05.01-08.15.45:244][  0]LogAIModule: Creating AISystem for world Untitled
[2019.05.01-08.15.45:261][  0]LogInit: XAudio2 using 'Speakers (Realtek High Definition Audio)' : 2 channels at 48 kHz using 32 bits per sample (channel mask 0x3)
[2019.05.01-08.15.45:369][  0]LogInit: FAudioDevice initialized.
[2019.05.01-08.15.45:369][  0]LogNetVersion: Set ProjectVersion to 1.0.0.0. Version Checksum will be recalculated on next use.
[2019.05.01-08.15.45:467][  0]LogDerivedDataCache: Saved boot cache 0.10s 85MB C:/Users/brt20/AppData/Local/UnrealEngine/4.21/DerivedDataCache/Boot.ddc.
[2019.05.01-08.15.45:505][  0]LogInit: Texture streaming: Enabled
[2019.05.01-08.15.45:532][  0]LogEngineSessionManager: EngineSessionManager initialized
[2019.05.01-08.15.45:556][  0]LogInit: Transaction tracking system initialized
[2019.05.01-08.15.45:591][  0]BlueprintLog: New page: Editor Load
[2019.05.01-08.15.45:712][  0]LocalizationService: Localization service is disabled
[2019.05.01-08.15.46:732][  0]LogFileCache: Scanning file cache for directory 'C:/Users/brt20/Desktop/VR/GroupDFinal/demo2/Content/' took 0.02s
[2019.05.01-08.15.46:732][  0]LogCook: Display: Max memory allowance for cook 16384mb min free memory 0mb
[2019.05.01-08.15.46:732][  0]LogCook: Display: Mobile HDR setting 1
[2019.05.01-08.15.46:732][  0]LogGameplayTags: Display: UGameplayTagsManager::DoneAddingNativeTags. DelegateIsBound: 0
[2019.05.01-08.15.46:732][  0]LogStats: UGameplayTagsManager::ConstructGameplayTagTree: ImportINI prefixes -  0.000 s
[2019.05.01-08.15.46:732][  0]LogStats: UGameplayTagsManager::ConstructGameplayTagTree: Construct from data asset -  0.000 s
[2019.05.01-08.15.46:732][  0]LogStats: UGameplayTagsManager::ConstructGameplayTagTree: ImportINI -  0.000 s
[2019.05.01-08.15.46:732][  0]LogStats: UGameplayTagsManager::ConstructGameplayTagTree: GameplayTagTreeChangedEvent.Broadcast -  0.000 s
[2019.05.01-08.15.47:135][  0]SourceControl: Source control is disabled
[2019.05.01-08.15.47:135][  0]Cmd: MAP LOAD FILE="../../../../../../Users/brt20/Desktop/VR/GroupDFinal/demo2/Content/VirtualRealityBP/Maps/StartupMap.umap" TEMPLATE=0 SHOWPROGRESS=1 FEATURELEVEL=3
[2019.05.01-08.15.47:142][  0]LightingResults: New page: Lighting Build
[2019.05.01-08.15.47:147][  0]MapCheck: New page: Map Check
[2019.05.01-08.15.47:147][  0]LightingResults: New page: Lighting Build
[2019.05.01-08.15.47:489][  0]LogAIModule: Creating AISystem for world StartupMap
[2019.05.01-08.15.47:504][  0]LogEditorServer: Finished looking for orphan Actors (0.000 secs)
[2019.05.01-08.15.47:539][  0]Cmd: MAP CHECKDEP NOCLEARLOG
[2019.05.01-08.15.47:539][  0]MapCheck: Map check complete: 0 Error(s), 0 Warning(s), took 0.202ms to complete.
[2019.05.01-08.15.47:539][  0]LogFileHelpers: Loading map 'StartupMap' took 0.405
[2019.05.01-08.15.47:709][  0]LogSlate: Updating window title bar state: overlay mode, drag disabled, window buttons hidden, title bar hidden
[2019.05.01-08.15.47:721][  0]LogSlate: Updating window title bar state: overlay mode, drag disabled, window buttons hidden, title bar hidden
[2019.05.01-08.15.47:732][  0]LogSlate: Updating window title bar state: overlay mode, drag disabled, window buttons hidden, title bar hidden
[2019.05.01-08.15.47:742][  0]LogSlate: Updating window title bar state: overlay mode, drag disabled, window buttons hidden, title bar hidden
[2019.05.01-08.15.47:763][  0]LogCollectionManager: Loaded 0 collections in 0.002720 seconds
[2019.05.01-08.15.47:826][  0]LogFileCache: Scanning file cache for directory 'C:/Users/brt20/Desktop/VR/GroupDFinal/demo2/Saved/Collections/' took 0.01s
[2019.05.01-08.15.47:826][  0]LogFileCache: Scanning file cache for directory 'C:/Users/brt20/Desktop/VR/GroupDFinal/demo2/Content/Developers/brt20/Collections/' took 0.01s
[2019.05.01-08.15.47:826][  0]LogFileCache: Scanning file cache for directory 'C:/Users/brt20/Desktop/VR/GroupDFinal/demo2/Content/Collections/' took 0.01s
[2019.05.01-08.15.47:826][  0]LogCollectionManager: Rebuilt the GUID cache for 0 collections in 0.000001 seconds
[2019.05.01-08.15.47:844][  0]LogContentBrowser: Native class hierarchy populated in 0.0163 seconds. Added 2673 classes and 631 folders.
[2019.05.01-08.15.47:865][  0]LogContentBrowser: Native class hierarchy updated for 'WidgetCarousel' in 0.0005 seconds. Added 0 classes and 0 folders.
[2019.05.01-08.15.47:884][  0]LogPakFile: Registered encryption key '00000000000000000000000000000000': 0 pak files mounted, 0 remain pending
[2019.05.01-08.15.47:896][  0]LogPakFile: Registered encryption key '00000000000000000000000000000000': 0 pak files mounted, 0 remain pending
[2019.05.01-08.15.47:923][  0]LogPakFile: Registered encryption key '00000000000000000000000000000000': 0 pak files mounted, 0 remain pending
[2019.05.01-08.15.47:932][  0]LogPakFile: Registered encryption key '00000000000000000000000000000000': 0 pak files mounted, 0 remain pending
[2019.05.01-08.15.47:942][  0]LogPakFile: Registered encryption key '00000000000000000000000000000000': 0 pak files mounted, 0 remain pending
[2019.05.01-08.15.47:951][  0]LogPakFile: Registered encryption key '00000000000000000000000000000000': 0 pak files mounted, 0 remain pending
[2019.05.01-08.15.47:960][  0]LogPakFile: Registered encryption key '00000000000000000000000000000000': 0 pak files mounted, 0 remain pending
[2019.05.01-08.15.47:969][  0]LogPakFile: Registered encryption key '00000000000000000000000000000000': 0 pak files mounted, 0 remain pending
[2019.05.01-08.15.47:980][  0]LogPakFile: Registered encryption key '00000000000000000000000000000000': 0 pak files mounted, 0 remain pending
[2019.05.01-08.15.47:992][  0]LogPakFile: Registered encryption key '00000000000000000000000000000000': 0 pak files mounted, 0 remain pending
[2019.05.01-08.15.48:000][  0]LogPakFile: Registered encryption key '00000000000000000000000000000000': 0 pak files mounted, 0 remain pending
[2019.05.01-08.15.48:009][  0]LogPakFile: Registered encryption key '00000000000000000000000000000000': 0 pak files mounted, 0 remain pending
[2019.05.01-08.15.48:018][  0]LogPakFile: Registered encryption key '00000000000000000000000000000000': 0 pak files mounted, 0 remain pending
[2019.05.01-08.15.48:028][  0]LogPakFile: Registered encryption key '00000000000000000000000000000000': 0 pak files mounted, 0 remain pending
[2019.05.01-08.15.48:037][  0]LogPakFile: Registered encryption key '00000000000000000000000000000000': 0 pak files mounted, 0 remain pending
[2019.05.01-08.15.48:046][  0]LogPakFile: Registered encryption key '00000000000000000000000000000000': 0 pak files mounted, 0 remain pending
[2019.05.01-08.15.48:086][  0]LogPakFile: Registered encryption key '00000000000000000000000000000000': 0 pak files mounted, 0 remain pending
[2019.05.01-08.15.48:096][  0]LogPakFile: Registered encryption key '00000000000000000000000000000000': 0 pak files mounted, 0 remain pending
[2019.05.01-08.15.48:104][  0]LogPakFile: Registered encryption key '00000000000000000000000000000000': 0 pak files mounted, 0 remain pending
[2019.05.01-08.15.48:111][  0]LogPakFile: Registered encryption key '00000000000000000000000000000000': 0 pak files mounted, 0 remain pending
[2019.05.01-08.15.48:145][  0]LogPakFile: Registered encryption key '00000000000000000000000000000000': 0 pak files mounted, 0 remain pending
[2019.05.01-08.15.48:151][  0]LogPakFile: Registered encryption key '00000000000000000000000000000000': 0 pak files mounted, 0 remain pending
[2019.05.01-08.15.48:157][  0]LogPakFile: Registered encryption key '00000000000000000000000000000000': 0 pak files mounted, 0 remain pending
[2019.05.01-08.15.48:164][  0]LogPakFile: Registered encryption key '00000000000000000000000000000000': 0 pak files mounted, 0 remain pending
[2019.05.01-08.15.48:172][  0]LogPakFile: Registered encryption key '00000000000000000000000000000000': 0 pak files mounted, 0 remain pending
[2019.05.01-08.15.48:178][  0]LogPakFile: Registered encryption key '00000000000000000000000000000000': 0 pak files mounted, 0 remain pending
[2019.05.01-08.15.48:561][  0]LogContentBrowser: Native class hierarchy updated for 'AddContentDialog' in 0.0004 seconds. Added 0 classes and 0 folders.
[2019.05.01-08.15.48:578][  0]LogContentBrowser: Native class hierarchy updated for 'SceneOutliner' in 0.0004 seconds. Added 1 classes and 2 folders.
[2019.05.01-08.15.48:645][  0]LogSlate: Took 0.000346 seconds to synchronously load lazily loaded font '../../../Engine/Content/Slate/Fonts/Roboto-Regular.ttf' (155K)
[2019.05.01-08.15.48:648][  0]LogSlate: Took 0.000275 seconds to synchronously load lazily loaded font '../../../Engine/Content/Slate/Fonts/Roboto-Bold.ttf' (160K)
[2019.05.01-08.15.48:667][  0]LogSlate: Took 0.008804 seconds to synchronously load lazily loaded font '../../../Engine/Content/Editor/Slate/Fonts/FontAwesome.ttf' (139K)
[2019.05.01-08.15.48:869][  0]LogRenderer: Reallocating scene render targets to support 964x436 Format 26 NumSamples 1 (Frame:1).
[2019.05.01-08.15.49:156][  0]LogContentBrowser: Native class hierarchy updated for 'HierarchicalLODOutliner' in 0.0004 seconds. Added 0 classes and 0 folders.
[2019.05.01-08.15.49:156][  0]LogLoad: (Engine Initialization) Total time: 14.67 seconds
[2019.05.01-08.15.49:156][  0]LogLoad: (Engine Initialization) Total Blueprint compile time: 0.00 seconds
[2019.05.01-08.15.49:176][  0]LogWindowsTextInputMethodSystem: Display: IME system now deactivated.
[2019.05.01-08.15.49:222][  0]LogContentStreaming: Texture pool size now 1000 MB
[2019.05.01-08.15.49:299][  0]LogSlate: Took 0.008476 seconds to synchronously load lazily loaded font '../../../Engine/Content/Slate/Fonts/Roboto-Light.ttf' (167K)
[2019.05.01-08.15.49:314][  1]LogFileCache: Retrieving MD5 hashes for directory 'C:/Users/brt20/Desktop/VR/GroupDFinal/demo2/Content/' took 0.12s
[2019.05.01-08.15.50:206][ 28]LogSlate: Took 0.000218 seconds to synchronously load lazily loaded font '../../../Engine/Content/Slate/Fonts/Roboto-Light.ttf' (167K)
[2019.05.01-08.15.53:482][221]LogAssetRegistry: Asset discovery search completed in 12.8082 seconds
[2019.05.01-08.15.53:487][221]LogCollectionManager: Rebuilt the object cache for 0 collections in 0.000001 seconds (found 0 objects)
[2019.05.01-08.15.53:487][221]LogCollectionManager: Fixed up redirectors for 0 collections in 0.000088 seconds (updated 0 objects)
[2019.05.01-08.15.56:260][387]LogSlate: FSceneViewport::OnFocusLost() reason 0
[2019.05.01-08.16.05:583][942]LogSlate: FSceneViewport::OnFocusLost() reason 0
[2019.05.01-08.16.14:345][462]LogAssetEditorManager: Opening Asset editor for MapBuildDataRegistry /Game/VirtualRealityBP/Maps/StartupMap_BuiltData.StartupMap_BuiltData
[2019.05.01-08.16.17:111][622]LogSlate: Window 'StartupMap_BuiltData - Generic Asset Editor' being destroyed
[2019.05.01-08.16.17:123][622]LogSlate: Window 'StartupMap_BuiltData - Generic Asset Editor' being destroyed
[2019.05.01-08.16.18:934][694]LogTexture: Display: Building textures: HQ_Lightmap0_3 (AutoDXT, 64X64)
[2019.05.01-08.16.18:934][694]LogTexture: Display: Building textures: LQ_Lightmap_0_3 (DXT1, 64X64)
[2019.05.01-08.16.18:934][694]LogTexture: Display: Building textures: ShadowMapTexture2D_1 (G8, 1024X256)
[2019.05.01-08.16.18:934][694]LogTexture: Display: Building textures: ShadowMapTexture2D_0 (G8, 1024X512)
[2019.05.01-08.16.18:934][694]LogTexture: Display: Building textures: ShadowMapTexture2D_2 (G8, 32X32)
[2019.05.01-08.16.18:934][694]LogTexture: Display: Building textures: LQ_Lightmap_0_2 (DXT1, 1024X1024)
[2019.05.01-08.16.18:934][694]LogTexture: Display: Building textures: HQ_Lightmap0_2 (AutoDXT, 1024X1024)
[2019.05.01-08.16.18:934][694]LogTexture: Display: Building textures: LQ_Lightmap_0_1 (DXT1, 1024X1024)
[2019.05.01-08.16.18:934][694]LogTexture: Display: Building textures: HQ_Lightmap0_1 (AutoDXT, 1024X1024)
[2019.05.01-08.16.18:947][694]LogAssetEditorManager: Opening Asset editor for MapBuildDataRegistry /Game/VirtualRealityBP/Maps/HMDLocomotionMap_BuiltData.HMDLocomotionMap_BuiltData
[2019.05.01-08.16.22:514][900]LogSlate: Window 'HMDLocomotionMap_BuiltData - Generic Asset Editor' being destroyed
[2019.05.01-08.16.22:527][900]LogSlate: Window 'HMDLocomotionMap_BuiltData - Generic Asset Editor' being destroyed
[2019.05.01-08.16.35:122][632]LogLinker: Warning: Can't find file '/Game/VirtualRealityBP/Maps/lambert1'
[2019.05.01-08.16.35:122][632]LogLinker: Warning: Can't find file for asset '/Game/VirtualRealityBP/Maps/lambert1' while loading ../../../../../../Users/brt20/Desktop/VR/GroupDFinal/demo2/Content/VirtualRealityBP/Models/Keycard_01.uasset.
[2019.05.01-08.16.35:122][632]LoadErrors: Error: /Game/VirtualRealityBP/Models/Keycard_01 : Can't find file for asset. /Game/VirtualRealityBP/Maps/lambert1
[2019.05.01-08.16.35:122][632]LogLinker: Warning: Can't find file '/Game/VirtualRealityBP/Maps/lambert1'
[2019.05.01-08.16.35:122][632]LogLinker: Warning: Can't find file for asset '/Game/VirtualRealityBP/Maps/lambert1' while loading ../../../../../../Users/brt20/Desktop/VR/GroupDFinal/demo2/Content/VirtualRealityBP/Models/Keycard_01.uasset.
[2019.05.01-08.16.35:536][632]LogTexture: Display: Building textures: HQ_Lightmap0_3 (AutoDXT, 64X64)
[2019.05.01-08.16.35:536][632]LogLinker: Warning: Can't find file '/Game/VirtualRealityBP/Maps/lambert1'
[2019.05.01-08.16.35:536][632]LoadErrors: Failed to load /Game/VirtualRealityBP/Maps/lambert1.lambert1 Referenced by Keycard_01
[2019.05.01-08.16.35:537][632]LogLinker: Warning: Can't find file for asset '/Game/VirtualRealityBP/Maps/lambert1' while loading NULL.
[2019.05.01-08.16.35:537][632]LogLinker: Warning: Can't find file '/Game/VirtualRealityBP/Maps/lambert1'
[2019.05.01-08.16.35:538][632]LogLinker: Warning: Can't find file for asset '/Game/VirtualRealityBP/Maps/lambert1' while loading NULL.
[2019.05.01-08.16.35:599][632]LogTexture: Display: Building textures: LQ_Lightmap_0_3 (DXT1, 64X64)
[2019.05.01-08.16.35:599][632]LogTexture: Display: Building textures: LQ_Lightmap_0_2 (DXT1, 1024X1024)
[2019.05.01-08.16.35:599][632]LogTexture: Display: Building textures: ShadowMapTexture2D_3 (G8, 1024X512)
[2019.05.01-08.16.35:599][632]LogTexture: Display: Building textures: LQ_Lightmap_0_1 (DXT1, 1024X1024)
[2019.05.01-08.16.35:599][632]LogTexture: Display: Building textures: HQ_Lightmap0_2 (AutoDXT, 1024X1024)
[2019.05.01-08.16.35:599][632]LogTexture: Display: Building textures: Bulldozer_Texture (AutoDXT, 1024X1024)
[2019.05.01-08.16.35:600][632]LogTexture: Display: Building textures: HQ_Lightmap0_1 (AutoDXT, 1024X1024)
[2019.05.01-08.16.35:600][632]LogTexture: Display: Building textures: ShadowMapTexture2D_4 (G8, 1024X256)
[2019.05.01-08.16.35:600][632]LogStaticMesh: Building static mesh Bulldozer...
[2019.05.01-08.16.35:720][632]LogTexture: Display: Building textures: ShadowMapTexture2D_5 (G8, 32X32)
[2019.05.01-08.16.35:720][632]LogTexture: Display: Building textures: UICircle (AutoDXT, 256X256)
[2019.05.01-08.16.35:720][632]LogStaticMesh: Built static mesh [0.12s] /Game/Meshes/Bulldozer.Bulldozer
[2019.05.01-08.16.35:784][632]LogMaterial: Display: Missing cached shader map for material BulldozerMaterial, compiling. 
[2019.05.01-08.16.35:930][632]LogShaderCompilers: Display: Shaders left to compile 31
[2019.05.01-08.16.35:930][632]LogShaderCompilers: Display: Shaders left to compile 21
[2019.05.01-08.16.35:930][632]LogShaderCompilers: Display: Shaders left to compile 11
[2019.05.01-08.16.35:930][632]LogShaderCompilers: Display: Shaders left to compile 1
[2019.05.01-08.16.35:944][632]LogStaticMesh: Building static mesh Panel...
[2019.05.01-08.16.35:948][632]LogStaticMesh: Built static mesh [0.00s] /Game/VirtualRealityBP/Models/Panel.Panel
[2019.05.01-08.16.35:950][632]LogStaticMesh: Building static mesh Keycard_01...
[2019.05.01-08.16.35:953][632]LogStaticMesh: Built static mesh [0.00s] /Game/VirtualRealityBP/Models/Keycard_01.Keycard_01
[2019.05.01-08.16.36:171][632]LogSkeletalMesh: Building Skeletal Mesh 1M_Cube_DM...
[2019.05.01-08.16.36:174][632]LogSkeletalMesh: Built Skeletal Mesh [0.00s] /Game/Geometry/Meshes/1M_Cube_DM.1M_Cube_DM
[2019.05.01-08.16.36:366][632]LogAudioDerivedData: Display: Building compressed audio format OGG hash OGG wave button_click...
[2019.05.01-08.16.36:402][632]LogAudioDerivedData: Display: Updated SoundWave->RawPCMDataSize from 0 to 35300 while cooking SoundWave /Game/Assets/button_click.button_click.
[2019.05.01-08.16.36:430][632]LogMaterial: Display: Missing cached shader map for material DefaultSpriteMaterial, compiling. 
[2019.05.01-08.16.36:481][632]LogMaterial: Display: Missing cached shader map for material lambert1, compiling. 
[2019.05.01-08.16.36:592][632]LogAIModule: Creating AISystem for world MotionControllerMap
[2019.05.01-08.16.36:635][632]LogAssetEditorManager: Opening Asset editor for World /Game/VirtualRealityBP/Maps/MotionControllerMap.MotionControllerMap
[2019.05.01-08.16.36:681][632]Cmd: MAP LOAD FILE="../../../../../../Users/brt20/Desktop/VR/GroupDFinal/demo2/Content/VirtualRealityBP/Maps/MotionControllerMap.umap" TEMPLATE=0 SHOWPROGRESS=1 FEATURELEVEL=3
[2019.05.01-08.16.36:681][632]LightingResults: New page: Lighting Build
[2019.05.01-08.16.36:682][632]LoadErrors: New page: Loading map: MotionControllerMap.umap
[2019.05.01-08.16.36:683][632]MapCheck: New page: Map Check
[2019.05.01-08.16.36:683][632]LightingResults: New page: Lighting Build
[2019.05.01-08.16.36:731][632]LogEditorServer: Finished looking for orphan Actors (0.000 secs)
[2019.05.01-08.16.36:833][632]Cmd: MAP CHECKDEP NOCLEARLOG
[2019.05.01-08.16.36:836][632]MapCheck: Map check complete: 0 Error(s), 0 Warning(s), took 1.973ms to complete.
[2019.05.01-08.16.36:836][632]LogFileHelpers: Loading map 'MotionControllerMap' took 0.157
[2019.05.01-08.16.36:903][632]LogShaderCompilers: Display: Shaders left to compile 35
[2019.05.01-08.16.36:990][634]LogRenderer: Reallocating scene render targets to support 964x720 Format 10 NumSamples 1 (Frame:1).
[2019.05.01-08.16.40:289][769]LogAIModule: Creating AISystem for world HMDLocomotionMap
[2019.05.01-08.16.42:186][844]LogShaderCompilers: Display: Shaders left to compile 25
[2019.05.01-08.16.42:193][844]LogAIModule: Creating AISystem for world StartupMap
[2019.05.01-08.16.42:206][844]LogAssetEditorManager: Opening Asset editor for World /Game/VirtualRealityBP/Maps/StartupMap.StartupMap
[2019.05.01-08.16.42:261][844]Cmd: MAP LOAD FILE="../../../../../../Users/brt20/Desktop/VR/GroupDFinal/demo2/Content/VirtualRealityBP/Maps/StartupMap.umap" TEMPLATE=0 SHOWPROGRESS=1 FEATURELEVEL=3
[2019.05.01-08.16.42:261][844]LightingResults: New page: Lighting Build
[2019.05.01-08.16.42:263][844]LoadErrors: New page: Loading map: StartupMap.umap
[2019.05.01-08.16.42:268][844]MapCheck: New page: Map Check
[2019.05.01-08.16.42:268][844]LightingResults: New page: Lighting Build
[2019.05.01-08.16.42:435][844]LogEditorServer: Finished looking for orphan Actors (0.000 secs)
[2019.05.01-08.16.42:585][844]Cmd: MAP CHECKDEP NOCLEARLOG
[2019.05.01-08.16.42:585][844]MapCheck: Map check complete: 0 Error(s), 0 Warning(s), took 0.331ms to complete.
[2019.05.01-08.16.42:585][844]LogFileHelpers: Loading map 'StartupMap' took 0.326
[2019.05.01-08.16.43:703][889]LogShaderCompilers: Display: Shaders left to compile 15
[2019.05.01-08.16.47:032][ 59]LogShaderCompilers: Display: Shaders left to compile 5
[2019.05.01-08.17.08:268][141]LogAIModule: Creating AISystem for world HMDLocomotionMap
[2019.05.01-08.17.08:277][141]LogAssetEditorManager: Opening Asset editor for World /Game/VirtualRealityBP/Maps/HMDLocomotionMap.HMDLocomotionMap
[2019.05.01-08.17.08:318][141]Cmd: MAP LOAD FILE="../../../../../../Users/brt20/Desktop/VR/GroupDFinal/demo2/Content/VirtualRealityBP/Maps/HMDLocomotionMap.umap" TEMPLATE=0 SHOWPROGRESS=1 FEATURELEVEL=3
[2019.05.01-08.17.08:319][141]LightingResults: New page: Lighting Build
[2019.05.01-08.17.08:319][141]LoadErrors: New page: Loading map: HMDLocomotionMap.umap
[2019.05.01-08.17.08:321][141]MapCheck: New page: Map Check
[2019.05.01-08.17.08:321][141]LightingResults: New page: Lighting Build
[2019.05.01-08.17.08:375][141]LogEditorServer: Finished looking for orphan Actors (0.000 secs)
[2019.05.01-08.17.08:471][141]Cmd: MAP CHECKDEP NOCLEARLOG
[2019.05.01-08.17.08:471][141]MapCheck: Map check complete: 0 Error(s), 0 Warning(s), took 0.247ms to complete.
[2019.05.01-08.17.08:471][141]LogFileHelpers: Loading map 'HMDLocomotionMap' took 0.153
[2019.05.01-08.20.18:538][646]LogSlate: FSceneViewport::OnFocusLost() reason 2
[2019.05.01-08.20.36:107][717]LogSlate: Window 'VRLevel - Unreal Editor' being destroyed
[2019.05.01-08.20.36:110][717]LogWindowsTextInputMethodSystem: Display: IME system now deactivated.
[2019.05.01-08.20.36:360][718]Cmd: QUIT_EDITOR
[2019.05.01-08.20.36:412][718]LogExit: Preparing to exit.
[2019.05.01-08.20.37:095][718]LogExit: Editor shut down
[2019.05.01-08.20.37:097][718]LogExit: Transaction tracking system shut down
[2019.05.01-08.20.37:457][718]LogExit: Object subsystem successfully closed.
[2019.05.01-08.20.37:516][718]LogShaderCompilers: Display: Shaders left to compile 0
[2019.05.01-08.20.37:527][718]LogD3D11RHI: Shutdown
[2019.05.01-08.20.37:527][718]LogD3D11RHI: CleanupD3DDevice
[2019.05.01-08.20.37:533][718]LogD3D11RHI: ~FD3D11DynamicRHI
[2019.05.01-08.20.37:656][718]LogModuleManager: Shutting down and abandoning module MeshBuilder (634)
[2019.05.01-08.20.37:656][718]LogModuleManager: Shutting down and abandoning module HierarchicalLODOutliner (632)
[2019.05.01-08.20.37:656][718]LogModuleManager: Shutting down and abandoning module SceneOutliner (630)
[2019.05.01-08.20.37:656][718]LogModuleManager: Shutting down and abandoning module AddContentDialog (628)
[2019.05.01-08.20.37:657][718]LogModuleManager: Shutting down and abandoning module WidgetCarousel (627)
[2019.05.01-08.20.37:657][718]LogModuleManager: Shutting down and abandoning module EditorWidgets (624)
[2019.05.01-08.20.37:657][718]LogModuleManager: Shutting down and abandoning module CollectionManager (622)
[2019.05.01-08.20.37:657][718]LogModuleManager: Shutting down and abandoning module StatsViewer (620)
[2019.05.01-08.20.37:657][718]LogModuleManager: Shutting down and abandoning module FoliageEdit (618)
[2019.05.01-08.20.37:658][718]LogModuleManager: Shutting down and abandoning module LandscapeEditor (616)
[2019.05.01-08.20.37:658][718]LogModuleManager: Shutting down and abandoning module MeshPaintMode (614)
[2019.05.01-08.20.37:658][718]LogModuleManager: Shutting down and abandoning module SceneDepthPickerMode (612)
[2019.05.01-08.20.37:658][718]LogModuleManager: Shutting down and abandoning module ActorPickerMode (610)
[2019.05.01-08.20.37:658][718]LogModuleManager: Shutting down and abandoning module GeometryMode (608)
[2019.05.01-08.20.37:658][718]LogModuleManager: Shutting down and abandoning module TextureAlignMode (606)
[2019.05.01-08.20.37:658][718]LogModuleManager: Shutting down and abandoning module BspMode (604)
[2019.05.01-08.20.37:658][718]LogModuleManager: Shutting down and abandoning module PIEPreviewDeviceProfileSelector (602)
[2019.05.01-08.20.37:658][718]LogModuleManager: Shutting down and abandoning module SequenceRecorderSections (600)
[2019.05.01-08.20.37:658][718]LogModuleManager: Shutting down and abandoning module AutomationWorker (598)
[2019.05.01-08.20.37:658][718]LogModuleManager: Shutting down and abandoning module MixedRealityCaptureFramework (596)
[2019.05.01-08.20.37:659][718]LogModuleManager: Shutting down and abandoning module AudioCaptureEditor (594)
[2019.05.01-08.20.37:659][718]LogModuleManager: Shutting down and abandoning module MatineeToLevelSequence (592)
[2019.05.01-08.20.37:659][718]LogModuleManager: Shutting down and abandoning module LevelSequenceEditor (590)
[2019.05.01-08.20.37:659][718]LogModuleManager: Shutting down and abandoning module PlacementMode (589)
[2019.05.01-08.20.37:659][718]LogModuleManager: Shutting down and abandoning module MaterialEditor (588)
[2019.05.01-08.20.37:659][718]LogModuleManager: Shutting down and abandoning module WmfMediaFactory (584)
[2019.05.01-08.20.37:659][718]LogModuleManager: Shutting down and abandoning module WmfMediaEditor (582)
[2019.05.01-08.20.37:659][718]LogModuleManager: Shutting down and abandoning module WebMMediaFactory (580)
[2019.05.01-08.20.37:659][718]LogModuleManager: Shutting down and abandoning module WebMMediaEditor (578)
[2019.05.01-08.20.37:659][718]LogModuleManager: Shutting down and abandoning module WebMMedia (576)
[2019.05.01-08.20.37:659][718]LogModuleManager: Shutting down and abandoning module MediaPlayerEditor (574)
[2019.05.01-08.20.37:660][718]LogModuleManager: Shutting down and abandoning module MediaCompositingEditor (572)
[2019.05.01-08.20.37:660][718]LogModuleManager: Shutting down and abandoning module SequenceRecorder (571)
[2019.05.01-08.20.37:660][718]LogModuleManager: Shutting down and abandoning module OpenExrWrapper (568)
[2019.05.01-08.20.37:660][718]LogModuleManager: Shutting down and abandoning module ImgMediaFactory (566)
[2019.05.01-08.20.37:660][718]LogModuleManager: Shutting down and abandoning module ImgMediaEditor (564)
[2019.05.01-08.20.37:661][718]LogModuleManager: Shutting down and abandoning module AvfMediaFactory (562)
[2019.05.01-08.20.37:661][718]LogModuleManager: Shutting down and abandoning module AvfMediaEditor (560)
[2019.05.01-08.20.37:661][718]LogModuleManager: Shutting down and abandoning module AndroidMediaFactory (558)
[2019.05.01-08.20.37:661][718]LogModuleManager: Shutting down and abandoning module AndroidMediaEditor (556)
[2019.05.01-08.20.37:661][718]LogModuleManager: Shutting down and abandoning module MagicLeapCameraPreviewFactory (554)
[2019.05.01-08.20.37:661][718]LogModuleManager: Shutting down and abandoning module MagicLeapMediaFactory (552)
[2019.05.01-08.20.37:661][718]LogModuleManager: Shutting down and abandoning module MagicLeapMediaEditor (550)
[2019.05.01-08.20.37:661][718]LogModuleManager: Shutting down and abandoning module CharacterAI (548)
[2019.05.01-08.20.37:661][718]LogModuleManager: Shutting down and abandoning module SmartSnapping (546)
[2019.05.01-08.20.37:661][718]LogModuleManager: Shutting down and abandoning module SessionServices (544)
[2019.05.01-08.20.37:661][718]LogModuleManager: Shutting down and abandoning module ViewportSnapping (542)
[2019.05.01-08.20.37:661][718]LogModuleManager: Shutting down and abandoning module ViewportInteraction (540)
[2019.05.01-08.20.37:661][718]LogModuleManager: Shutting down and abandoning module ClothPainter (538)
[2019.05.01-08.20.37:661][718]LogModuleManager: Shutting down and abandoning module SkeletalMeshEditor (537)
[2019.05.01-08.20.37:662][718]LogModuleManager: Shutting down and abandoning module LogVisualizer (534)
[2019.05.01-08.20.37:662][718]LogModuleManager: Shutting down and abandoning module IntroTutorials (532)
[2019.05.01-08.20.37:662][718]LogModuleManager: Shutting down and abandoning module GameProjectGeneration (531)
[2019.05.01-08.20.37:662][718]LogModuleManager: Shutting down and abandoning module LuminPlatformEditor (528)
[2019.05.01-08.20.37:662][718]LogModuleManager: Shutting down and abandoning module IOSPlatformEditor (526)
[2019.05.01-08.20.37:662][718]LogModuleManager: Shutting down and abandoning module HTML5PlatformEditor (524)
[2019.05.01-08.20.37:662][718]LogModuleManager: Shutting down and abandoning module AndroidPlatformEditor (522)
[2019.05.01-08.20.37:663][718]LogModuleManager: Shutting down and abandoning module AndroidDeviceDetection (521)
[2019.05.01-08.20.38:168][718]LogModuleManager: Shutting down and abandoning module WindowsPlatformEditor (518)
[2019.05.01-08.20.38:168][718]LogModuleManager: Shutting down and abandoning module LuminRuntimeSettings (516)
[2019.05.01-08.20.38:168][718]LogModuleManager: Shutting down and abandoning module IOSRuntimeSettings (514)
[2019.05.01-08.20.38:168][718]LogModuleManager: Shutting down and abandoning module AndroidRuntimeSettings (512)
[2019.05.01-08.20.38:168][718]LogModuleManager: Shutting down and abandoning module TimeManagementEditor (510)
[2019.05.01-08.20.38:168][718]LogModuleManager: Shutting down and abandoning module InputBindingEditor (508)
[2019.05.01-08.20.38:168][718]LogModuleManager: Shutting down and abandoning module MergeActors (506)
[2019.05.01-08.20.38:168][718]LogModuleManager: Shutting down and abandoning module LocalizationDashboard (504)
[2019.05.01-08.20.38:168][718]LogModuleManager: Shutting down and abandoning module LocalizationService (503)
[2019.05.01-08.20.38:168][718]LogModuleManager: Shutting down and abandoning module HardwareTargeting (500)
[2019.05.01-08.20.38:168][718]LogModuleManager: Shutting down and abandoning module DeviceProfileEditor (498)
[2019.05.01-08.20.38:168][718]LogModuleManager: Shutting down and abandoning module UndoHistory (496)
[2019.05.01-08.20.38:168][718]LogModuleManager: Shutting down and abandoning module XmlParser (494)
[2019.05.01-08.20.38:168][718]LogModuleManager: Shutting down and abandoning module Blutility (492)
[2019.05.01-08.20.38:168][718]LogModuleManager: Shutting down and abandoning module ProjectSettingsViewer (490)
[2019.05.01-08.20.38:169][718]LogModuleManager: Shutting down and abandoning module ProjectTargetPlatformEditor (489)
[2019.05.01-08.20.38:170][718]LogModuleManager: Shutting down and abandoning module EditorSettingsViewer (486)
[2019.05.01-08.20.38:170][718]LogModuleManager: Shutting down and abandoning module SettingsEditor (484)
[2019.05.01-08.20.38:170][718]LogModuleManager: Shutting down and abandoning module ProjectLauncher (482)
[2019.05.01-08.20.38:170][718]LogModuleManager: Shutting down and abandoning module SessionFrontend (480)
[2019.05.01-08.20.38:170][718]LogModuleManager: Shutting down and abandoning module ProfilerClient (478)
[2019.05.01-08.20.38:170][718]LogModuleManager: Shutting down and abandoning module DeviceManager (476)
[2019.05.01-08.20.38:170][718]LogModuleManager: Shutting down and abandoning module TargetDeviceServices (475)
[2019.05.01-08.20.38:224][718]LogModuleManager: Shutting down and abandoning module AutomationController (472)
[2019.05.01-08.20.38:224][718]LogModuleManager: Shutting down and abandoning module AutomationWindow (470)
[2019.05.01-08.20.38:224][718]LogModuleManager: Shutting down and abandoning module Layers (468)
[2019.05.01-08.20.38:224][718]LogModuleManager: Shutting down and abandoning module ComponentVisualizers (466)
[2019.05.01-08.20.38:224][718]LogModuleManager: Shutting down and abandoning module DetailCustomizations (464)
[2019.05.01-08.20.38:224][718]LogModuleManager: Shutting down and abandoning module PackagesDialog (462)
[2019.05.01-08.20.38:224][718]LogModuleManager: Shutting down and abandoning module Persona (460)
[2019.05.01-08.20.38:224][718]LogModuleManager: Shutting down and abandoning module AdvancedPreviewScene (459)
[2019.05.01-08.20.38:224][718]LogModuleManager: Shutting down and abandoning module AnimGraph (457)
[2019.05.01-08.20.38:224][718]LogModuleManager: Shutting down and abandoning module Kismet (454)
[2019.05.01-08.20.38:225][718]LogModuleManager: Shutting down and abandoning module GraphEditor (452)
[2019.05.01-08.20.38:225][718]LogModuleManager: Shutting down and abandoning module ClassViewer (450)
[2019.05.01-08.20.38:225][718]LogModuleManager: Shutting down and abandoning module Toolbox (448)
[2019.05.01-08.20.38:225][718]LogModuleManager: Shutting down and abandoning module ModuleUI (446)
[2019.05.01-08.20.38:226][718]LogModuleManager: Shutting down and abandoning module MovieSceneTools (444)
[2019.05.01-08.20.38:226][718]LogModuleManager: Shutting down and abandoning module OutputLog (442)
[2019.05.01-08.20.38:226][718]LogModuleManager: Shutting down and abandoning module GammaUI (440)
[2019.05.01-08.20.38:226][718]LogModuleManager: Shutting down and abandoning module Documentation (438)
[2019.05.01-08.20.38:226][718]LogModuleManager: Shutting down and abandoning module MovieSceneTracks (436)
[2019.05.01-08.20.38:226][718]LogModuleManager: Shutting down and abandoning module MovieScene (434)
[2019.05.01-08.20.38:226][718]LogModuleManager: Shutting down and abandoning module StreamingPauseRendering (432)
[2019.05.01-08.20.38:226][718]LogModuleManager: Shutting down and abandoning module LauncherPlatform (430)
[2019.05.01-08.20.38:226][718]LogModuleManager: Shutting down and abandoning module AnalyticsET (428)
[2019.05.01-08.20.38:226][718]LogModuleManager: Shutting down and abandoning module PortalServices (426)
[2019.05.01-08.20.38:226][718]LogModuleManager: Shutting down and abandoning module PortalRpc (424)
[2019.05.01-08.20.38:226][718]LogModuleManager: Shutting down and abandoning module MessagingRpc (422)
[2019.05.01-08.20.38:226][718]LogModuleManager: Shutting down and abandoning module AIModule (420)
[2019.05.01-08.20.38:226][718]LogModuleManager: Shutting down and abandoning module GameplayDebugger (419)
[2019.05.01-08.20.38:226][718]LogModuleManager: Shutting down and abandoning module AITestSuite (417)
[2019.05.01-08.20.38:226][718]LogModuleManager: Shutting down and abandoning module NavigationSystem (415)
[2019.05.01-08.20.38:226][718]LogModuleManager: Shutting down and abandoning module DesktopPlatform (412)
[2019.05.01-08.20.38:226][718]LogModuleManager: Shutting down and abandoning module ImageWriteQueue (410)
[2019.05.01-08.20.38:231][718]LogModuleManager: Shutting down and abandoning module ProfilerService (408)
[2019.05.01-08.20.38:251][718]LogModuleManager: Shutting down and abandoning module TaskGraph (406)
[2019.05.01-08.20.38:251][718]LogModuleManager: Shutting down and abandoning module SteamVRController (404)
[2019.05.01-08.20.38:251][718]LogModuleManager: Shutting down and abandoning module ProceduralMeshComponentEditor (402)
[2019.05.01-08.20.38:251][718]LogModuleManager: Shutting down and abandoning module ProceduralMeshComponent (400)
[2019.05.01-08.20.38:251][718]LogModuleManager: Shutting down and abandoning module MobilePatchingUtils (398)
[2019.05.01-08.20.38:251][718]LogModuleManager: Shutting down and abandoning module EditableMesh (396)
[2019.05.01-08.20.38:251][718]LogModuleManager: Shutting down and abandoning module CustomMeshComponent (394)
[2019.05.01-08.20.38:251][718]LogModuleManager: Shutting down and abandoning module CableComponent (392)
[2019.05.01-08.20.38:251][718]LogModuleManager: Shutting down and abandoning module AudioCapture (390)
[2019.05.01-08.20.38:251][718]LogModuleManager: Shutting down and abandoning module ArchVisCharacter (388)
[2019.05.01-08.20.38:251][718]LogModuleManager: Shutting down and abandoning module AndroidPermission (386)
[2019.05.01-08.20.38:251][718]LogModuleManager: Shutting down and abandoning module NUTUnrealEngine4 (384)
[2019.05.01-08.20.38:251][718]LogModuleManager: Shutting down and abandoning module NetcodeUnitTest (382)
[2019.05.01-08.20.38:251][718]LogModuleManager: Shutting down and abandoning module MediaCompositing (380)
[2019.05.01-08.20.38:251][718]LogModuleManager: Shutting down and abandoning module LinearTimecode (378)
[2019.05.01-08.20.38:251][718]LogModuleManager: Shutting down and abandoning module ImgMedia (376)
[2019.05.01-08.20.38:259][718]LogModuleManager: Shutting down and abandoning module HTML5Networking (374)
[2019.05.01-08.20.38:259][718]LogModuleManager: Shutting down and abandoning module GeometryCacheTracks (372)
[2019.05.01-08.20.38:259][718]LogModuleManager: Shutting down and abandoning module GeometryCacheSequencer (370)
[2019.05.01-08.20.38:259][718]LogModuleManager: Shutting down and abandoning module BackChannel (368)
[2019.05.01-08.20.38:259][718]LogModuleManager: Shutting down and abandoning module AppleVision (366)
[2019.05.01-08.20.38:259][718]LogModuleManager: Shutting down and abandoning module AppleImageUtilsBlueprintSupport (364)
[2019.05.01-08.20.38:259][718]LogModuleManager: Shutting down and abandoning module AppleImageUtils (362)
[2019.05.01-08.20.38:259][718]LogModuleManager: Shutting down and abandoning module AlembicImporter (360)
[2019.05.01-08.20.38:259][718]LogModuleManager: Shutting down and abandoning module AlembicLibrary (359)
[2019.05.01-08.20.38:259][718]LogModuleManager: Shutting down and abandoning module GeometryCache (358)
[2019.05.01-08.20.38:259][718]LogModuleManager: Shutting down and abandoning module GeometryCacheEd (357)
[2019.05.01-08.20.38:259][718]LogModuleManager: Shutting down and abandoning module VariantManagerContent (352)
[2019.05.01-08.20.38:259][718]LogModuleManager: Shutting down and abandoning module DatasmithContentEditor (350)
[2019.05.01-08.20.38:259][718]LogModuleManager: Shutting down and abandoning module SpeedTreeImporter (348)
[2019.05.01-08.20.38:259][718]LogModuleManager: Shutting down and abandoning module PluginBrowser (346)
[2019.05.01-08.20.38:259][718]LogModuleManager: Shutting down and abandoning module MobileLauncherProfileWizard (344)
[2019.05.01-08.20.38:259][718]LogModuleManager: Shutting down and abandoning module PolygonModeling (342)
[2019.05.01-08.20.38:259][718]LogModuleManager: Shutting down and abandoning module MeshEditor (340)
[2019.05.01-08.20.38:259][718]LogModuleManager: Shutting down and abandoning module CryptoKeysOpenSSL (338)
[2019.05.01-08.20.38:259][718]LogModuleManager: Shutting down and abandoning module CryptoKeys (336)
[2019.05.01-08.20.38:259][718]LogModuleManager: Shutting down and abandoning module VisualStudioSourceCodeAccess (334)
[2019.05.01-08.20.38:259][718]LogModuleManager: Shutting down and abandoning module VisualStudioCodeSourceCodeAccess (332)
[2019.05.01-08.20.38:260][718]LogModuleManager: Shutting down and abandoning module UObjectPlugin (330)
[2019.05.01-08.20.38:260][718]LogModuleManager: Shutting down and abandoning module SubversionSourceControl (328)
[2019.05.01-08.20.38:260][718]LogModuleManager: Shutting down and abandoning module PerforceSourceControl (326)
[2019.05.01-08.20.38:260][718]LogModuleManager: Shutting down and abandoning module GitSourceControl (324)
[2019.05.01-08.20.38:260][718]LogModuleManager: Shutting down and abandoning module SourceControl (323)
[2019.05.01-08.20.38:260][718]LogModuleManager: Shutting down and abandoning module CLionSourceCodeAccess (320)
[2019.05.01-08.20.38:260][718]LogModuleManager: Shutting down and abandoning module ActorLayerUtilitiesEditor (318)
[2019.05.01-08.20.38:260][718]LogModuleManager: Shutting down and abandoning module ActorLayerUtilities (316)
[2019.05.01-08.20.38:260][718]LogModuleManager: Shutting down and abandoning module LightPropagationVolumeEditor (314)
[2019.05.01-08.20.38:260][718]LogModuleManager: Shutting down and abandoning module PaperTiledImporter (312)
[2019.05.01-08.20.38:260][718]LogModuleManager: Shutting down and abandoning module PaperSpriteSheetImporter (310)
[2019.05.01-08.20.38:260][718]LogModuleManager: Shutting down and abandoning module Paper2DEditor (308)
[2019.05.01-08.20.38:260][718]LogModuleManager: Shutting down and abandoning module MeshPaint (307)
[2019.05.01-08.20.38:260][718]LogModuleManager: Shutting down and abandoning module RuntimePhysXCooking (304)
[2019.05.01-08.20.38:260][718]LogModuleManager: Shutting down and abandoning module PhysXVehiclesEditor (302)
[2019.05.01-08.20.38:260][718]LogModuleManager: Shutting down and abandoning module PhysXVehicles (300)
[2019.05.01-08.20.38:260][718]LogModuleManager: Shutting down and abandoning module LocationServicesBPLibrary (298)
[2019.05.01-08.20.38:260][718]LogModuleManager: Shutting down and abandoning module ApexDestructionEditor (296)
[2019.05.01-08.20.38:260][718]LogModuleManager: Shutting down and abandoning module ApexDestruction (294)
[2019.05.01-08.20.38:260][718]LogModuleManager: Shutting down and abandoning module ActorSequence (292)
[2019.05.01-08.20.38:260][718]LogModuleManager: Shutting down and abandoning module UdpMessaging (290)
[2019.05.01-08.20.38:361][718]LogModuleManager: Shutting down and abandoning module TcpMessaging (288)
[2019.05.01-08.20.38:462][718]LogModuleManager: Shutting down and abandoning module MagicLeapAudio (286)
[2019.05.01-08.20.38:462][718]LogModuleManager: Shutting down and abandoning module GameplayTagsEditor (284)
[2019.05.01-08.20.38:462][718]LogModuleManager: Shutting down and abandoning module FacialAnimationEditor (282)
[2019.05.01-08.20.38:462][718]LogModuleManager: Shutting down and abandoning module FacialAnimation (280)
[2019.05.01-08.20.38:462][718]LogModuleManager: Shutting down and abandoning module DataValidation (278)
[2019.05.01-08.20.38:462][718]LogModuleManager: Shutting down and abandoning module AssetManagerEditor (276)
[2019.05.01-08.20.38:462][718]LogModuleManager: Shutting down and abandoning module LevelEditor (275)
[2019.05.01-08.20.38:464][718]LogModuleManager: Shutting down and abandoning module PixelInspectorModule (274)
[2019.05.01-08.20.38:464][718]LogModuleManager: Shutting down and abandoning module CommonMenuExtensions (272)
[2019.05.01-08.20.38:465][718]LogModuleManager: Shutting down and abandoning module MainFrame (270)
[2019.05.01-08.20.38:465][718]LogModuleManager: Shutting down and abandoning module HotReload (269)
[2019.05.01-08.20.38:467][718]LogModuleManager: Shutting down and abandoning module ContentBrowser (265)
[2019.05.01-08.20.38:470][718]LogModuleManager: Shutting down and abandoning module TreeMap (263)
[2019.05.01-08.20.38:470][718]LogModuleManager: Shutting down and abandoning module LightPropagationVolumeRuntime (260)
[2019.05.01-08.20.38:470][718]LogModuleManager: Shutting down and abandoning module AISupportModule (258)
[2019.05.01-08.20.38:470][718]LogModuleManager: Shutting down and abandoning module Paper2D (256)
[2019.05.01-08.20.38:471][718]LogModuleManager: Shutting down and abandoning module WindowsMoviePlayer (254)
[2019.05.01-08.20.38:471][718]LogModuleManager: Shutting down and abandoning module WebMMoviePlayer (252)
[2019.05.01-08.20.38:471][718]LogModuleManager: Shutting down and abandoning module WmfMedia (250)
[2019.05.01-08.20.38:477][718]LogModuleManager: Shutting down and abandoning module Media (249)
[2019.05.01-08.20.38:484][718]LogModuleManager: Shutting down and abandoning module PacketHandler (246)
[2019.05.01-08.20.38:484][718]LogModuleManager: Shutting down and abandoning module ClothingSystemEditor (244)
[2019.05.01-08.20.38:484][718]LogModuleManager: Shutting down and abandoning module ClothingSystemRuntime (242)
[2019.05.01-08.20.38:484][718]LogModuleManager: Shutting down and abandoning module MediaAssets (240)
[2019.05.01-08.20.38:484][718]LogModuleManager: Shutting down and abandoning module Overlay (238)
[2019.05.01-08.20.38:484][718]LogModuleManager: Shutting down and abandoning module OverlayEditor (237)
[2019.05.01-08.20.38:484][718]LogModuleManager: Shutting down and abandoning module VREditor (234)
[2019.05.01-08.20.38:485][718]LogModuleManager: Shutting down and abandoning module StringTableEditor (232)
[2019.05.01-08.20.38:485][718]LogModuleManager: Shutting down and abandoning module GameplayTasksEditor (230)
[2019.05.01-08.20.38:485][718]LogModuleManager: Shutting down and abandoning module BehaviorTreeEditor (228)
[2019.05.01-08.20.38:485][718]LogModuleManager: Shutting down and abandoning module FunctionalTesting (226)
[2019.05.01-08.20.38:485][718]LogModuleManager: Shutting down and abandoning module CollisionAnalyzer (224)
[2019.05.01-08.20.38:485][718]LogModuleManager: Shutting down and abandoning module WorkspaceMenuStructure (223)
[2019.05.01-08.20.38:485][718]LogModuleManager: Shutting down and abandoning module UMG (220)
[2019.05.01-08.20.38:486][718]LogModuleManager: Shutting down and abandoning module UMGEditor (219)
[2019.05.01-08.20.38:486][718]LogModuleManager: Shutting down and abandoning module Sequencer (218)
[2019.05.01-08.20.38:486][718]LogModuleManager: Shutting down and abandoning module MessageLog (215)
[2019.05.01-08.20.38:486][718]LogModuleManager: Shutting down and abandoning module SlateReflector (210)
[2019.05.01-08.20.38:487][718]LogModuleManager: Shutting down and abandoning module Slate (208)
[2019.05.01-08.20.38:487][718]LogModuleManager: Shutting down and abandoning module EditorStyle (206)
[2019.05.01-08.20.38:492][718]LogModuleManager: Shutting down and abandoning module MRMesh (204)
[2019.05.01-08.20.38:492][718]LogModuleManager: Shutting down and abandoning module SourceCodeAccess (202)
[2019.05.01-08.20.38:492][718]LogModuleManager: Shutting down and abandoning module HeadMountedDisplay (200)
[2019.05.01-08.20.38:492][718]LogModuleManager: Shutting down and abandoning module XAudio2 (198)
[2019.05.01-08.20.38:492][718]LogModuleManager: Shutting down and abandoning module Networking (196)
[2019.05.01-08.20.38:492][718]LogModuleManager: Shutting down and abandoning module Core (194)
[2019.05.01-08.20.38:492][718]LogModuleManager: Shutting down and abandoning module LevelSequence (192)
[2019.05.01-08.20.38:492][718]LogModuleManager: Shutting down and abandoning module KismetCompiler (190)
[2019.05.01-08.20.38:492][718]LogModuleManager: Shutting down and abandoning module MeshUtilities (188)
[2019.05.01-08.20.38:492][718]LogModuleManager: Shutting down and abandoning module MeshMergeUtilities (187)
[2019.05.01-08.20.38:492][718]LogModuleManager: Shutting down and abandoning module MeshReductionInterface (186)
[2019.05.01-08.20.38:492][718]LogModuleManager: Shutting down and abandoning module SimplygonSwarm (185)
[2019.05.01-08.20.38:492][718]LogModuleManager: Shutting down and abandoning module ProxyLODMeshReduction (183)
[2019.05.01-08.20.38:492][718]LogModuleManager: Shutting down and abandoning module SimplygonMeshReduction (181)
[2019.05.01-08.20.38:493][718]LogModuleManager: Shutting down and abandoning module QuadricMeshReduction (179)
[2019.05.01-08.20.38:493][718]LogModuleManager: Shutting down and abandoning module MaterialBaking (175)
[2019.05.01-08.20.38:493][718]LogModuleManager: Shutting down and abandoning module DirectoryWatcher (171)
[2019.05.01-08.20.38:493][718]LogModuleManager: Shutting down and abandoning module DerivedDataCache (168)
[2019.05.01-08.20.38:541][718]LogDerivedDataCache: Shutdown
[2019.05.01-08.20.38:541][718]LogModuleManager: Shutting down and abandoning module XGEController (166)
[2019.05.01-08.20.38:541][718]LogModuleManager: Shutting down and abandoning module TargetPlatform (164)
[2019.05.01-08.20.38:541][718]LogModuleManager: Shutting down and abandoning module VulkanShaderFormat (163)
[2019.05.01-08.20.38:541][718]LogModuleManager: Shutting down and abandoning module ShaderFormatVectorVM (161)
[2019.05.01-08.20.38:541][718]LogModuleManager: Shutting down and abandoning module ShaderFormatOpenGL (159)
[2019.05.01-08.20.38:541][718]LogModuleManager: Shutting down and abandoning module ShaderFormatD3D (157)
[2019.05.01-08.20.38:541][718]LogModuleManager: Shutting down and abandoning module MetalShaderFormat (155)
[2019.05.01-08.20.38:541][718]LogModuleManager: Shutting down and abandoning module TextureFormatUncompressed (153)
[2019.05.01-08.20.38:541][718]LogModuleManager: Shutting down and abandoning module TextureFormatPVR (151)
[2019.05.01-08.20.38:541][718]LogModuleManager: Shutting down and abandoning module TextureFormatDXT (149)
[2019.05.01-08.20.38:541][718]LogModuleManager: Shutting down and abandoning module TextureFormatIntelISPCTexComp (147)
[2019.05.01-08.20.38:541][718]LogModuleManager: Shutting down and abandoning module TextureFormatASTC (145)
[2019.05.01-08.20.38:541][718]LogModuleManager: Shutting down and abandoning module ImageWrapper (144)
[2019.05.01-08.20.38:541][718]LogModuleManager: Shutting down and abandoning module TextureFormatAndroid (141)
[2019.05.01-08.20.38:541][718]LogModuleManager: Shutting down and abandoning module AudioFormatOpus (139)
[2019.05.01-08.20.38:541][718]LogModuleManager: Shutting down and abandoning module AudioFormatOgg (137)
[2019.05.01-08.20.38:541][718]LogModuleManager: Shutting down and abandoning module AudioFormatADPCM (135)
[2019.05.01-08.20.38:541][718]LogModuleManager: Shutting down and abandoning module LuminTargetPlatform (133)
[2019.05.01-08.20.38:542][718]LogModuleManager: Shutting down and abandoning module LinuxTargetPlatform (131)
[2019.05.01-08.20.38:542][718]LogModuleManager: Shutting down and abandoning module LinuxServerTargetPlatform (129)
[2019.05.01-08.20.38:542][718]LogModuleManager: Shutting down and abandoning module LinuxNoEditorTargetPlatform (127)
[2019.05.01-08.20.38:542][718]LogModuleManager: Shutting down and abandoning module LinuxClientTargetPlatform (125)
[2019.05.01-08.20.38:542][718]LogModuleManager: Shutting down and abandoning module TVOSTargetPlatform (123)
[2019.05.01-08.20.38:543][718]LogModuleManager: Shutting down and abandoning module Messaging (121)
[2019.05.01-08.20.38:543][718]LogModuleManager: Shutting down and abandoning module IOSTargetPlatform (119)
[2019.05.01-08.20.38:545][718]LogModuleManager: Shutting down and abandoning module HTML5TargetPlatform (117)
[2019.05.01-08.20.38:545][718]LogModuleManager: Shutting down and abandoning module AndroidTargetPlatform (115)
[2019.05.01-08.20.38:562][718]LogModuleManager: Shutting down and abandoning module WindowsTargetPlatform (113)
[2019.05.01-08.20.38:562][718]LogModuleManager: Shutting down and abandoning module WindowsServerTargetPlatform (111)
[2019.05.01-08.20.38:562][718]LogModuleManager: Shutting down and abandoning module WindowsNoEditorTargetPlatform (109)
[2019.05.01-08.20.38:562][718]LogModuleManager: Shutting down and abandoning module WindowsClientTargetPlatform (107)
[2019.05.01-08.20.38:562][718]LogModuleManager: Shutting down and abandoning module MacTargetPlatform (105)
[2019.05.01-08.20.38:562][718]LogModuleManager: Shutting down and abandoning module MacServerTargetPlatform (103)
[2019.05.01-08.20.38:562][718]LogModuleManager: Shutting down and abandoning module MacNoEditorTargetPlatform (101)
[2019.05.01-08.20.38:562][718]LogModuleManager: Shutting down and abandoning module MacClientTargetPlatform (99)
[2019.05.01-08.20.38:562][718]LogModuleManager: Shutting down and abandoning module AllDesktopTargetPlatform (97)
[2019.05.01-08.20.38:562][718]LogModuleManager: Shutting down and abandoning module InputCore (94)
[2019.05.01-08.20.38:562][718]LogModuleManager: Shutting down and abandoning module Settings (92)
[2019.05.01-08.20.38:562][718]LogModuleManager: Shutting down and abandoning module PhysXCooking (90)
[2019.05.01-08.20.38:563][718]LogModuleManager: Shutting down and abandoning module WindowsMixedRealitySpatialInput (88)
[2019.05.01-08.20.38:563][718]LogModuleManager: Shutting down and abandoning module WindowsMixedRealityHMD (86)
[2019.05.01-08.20.38:563][718]LogModuleManager: Shutting down and abandoning module SteamVR (84)
[2019.05.01-08.20.38:564][718]LogHMD: Freeing OpenVRDLLHandle.
[2019.05.01-08.20.38:565][718]LogModuleManager: Shutting down and abandoning module ExampleDeviceProfileSelector (82)
[2019.05.01-08.20.38:565][718]LogModuleManager: Shutting down and abandoning module LauncherChunkInstaller (80)
[2019.05.01-08.20.38:565][718]LogModuleManager: Shutting down and abandoning module OnlineBlueprintSupport (78)
[2019.05.01-08.20.38:565][718]LogModuleManager: Shutting down and abandoning module OnlineSubsystem (74)
[2019.05.01-08.20.38:566][718]LogModuleManager: Shutting down and abandoning module XMPP (69)
[2019.05.01-08.20.38:567][718]LogModuleManager: Shutting down and abandoning module WebSockets (68)
[2019.05.01-08.20.38:589][718]LogModuleManager: Shutting down and abandoning module HTTP (65)
[2019.05.01-08.20.38:589][718]LogHttp: Display: Http module shutting down, but needs to wait on 1 outstanding Http requests:
[2019.05.01-08.20.38:589][718]LogHttp: Display: 	verb=[POST] url=[https://datarouter.ol.epicgames.com/datarouter/api/v1/public/data?SessionID=%7B8A775D9A-4E96-57FE-2FC6-748061FC7E1B%7D&AppID=UEEditor.Rocket.Release&AppVersion=4.21.2-4753647%2B%2B%2BUE4%2BRelease-4.21&UserID=ff9bbeae40f5e8c2517441808b68cbb5%7C2c903a4a89bb4bce91c36f9f214ef532%7C3b370acd-f3d4-4a0d-a737-90ca5ec2c64e&AppEnvironment=datacollector-binary&UploadType=eteventstream] status=Processing
[2019.05.01-08.20.38:622][718]LogModuleManager: Shutting down and abandoning module SSL (64)
[2019.05.01-08.20.38:624][718]LogModuleManager: Shutting down and abandoning module MagicLeapIdentity (60)
[2019.05.01-08.20.38:624][718]LogModuleManager: Shutting down and abandoning module MagicLeapHelperVulkan (58)
[2019.05.01-08.20.38:624][718]LogModuleManager: Shutting down and abandoning module MagicLeapHelperOpenGL (56)
[2019.05.01-08.20.38:624][718]LogModuleManager: Shutting down and abandoning module MagicLeapSecureStorage (54)
[2019.05.01-08.20.38:624][718]LogModuleManager: Shutting down and abandoning module MagicLeapHandTracking (52)
[2019.05.01-08.20.38:624][718]LogModuleManager: Shutting down and abandoning module MagicLeapEyeTracker (50)
[2019.05.01-08.20.38:624][718]LogModuleManager: Shutting down and abandoning module MagicLeapController (48)
[2019.05.01-08.20.38:624][718]LogSlate: Slate User Destroyed.  User Index 0, Is Virtual User: 0
[2019.05.01-08.20.38:624][718]LogModuleManager: Shutting down and abandoning module MagicLeap (46)
[2019.05.01-08.20.38:624][718]LogModuleManager: Shutting down and abandoning module DatasmithContent (44)
[2019.05.01-08.20.38:625][718]LogModuleManager: Shutting down and abandoning module OpenCVHelper (42)
[2019.05.01-08.20.38:629][718]LogModuleManager: Shutting down and abandoning module OpenCVLensDistortion (40)
[2019.05.01-08.20.38:629][718]LogModuleManager: Shutting down and abandoning module OpenCVLensCalibration (38)
[2019.05.01-08.20.38:629][718]LogModuleManager: Shutting down and abandoning module AnimationModifiers (36)
[2019.05.01-08.20.38:629][718]LogModuleManager: Shutting down and abandoning module PropertyEditor (35)
[2019.05.01-08.20.38:629][718]LogModuleManager: Shutting down and abandoning module AudioEditor (32)
[2019.05.01-08.20.38:629][718]LogModuleManager: Shutting down and abandoning module TextureCompressor (30)
[2019.05.01-08.20.38:629][718]LogModuleManager: Shutting down and abandoning module ShaderCore (28)
[2019.05.01-08.20.38:629][718]LogModuleManager: Shutting down and abandoning module Landscape (26)
[2019.05.01-08.20.38:629][718]LogModuleManager: Shutting down and abandoning module SlateRHIRenderer (24)
[2019.05.01-08.20.38:629][718]LogModuleManager: Shutting down and abandoning module OpenGLDrv (22)
[2019.05.01-08.20.38:629][718]LogModuleManager: Shutting down and abandoning module D3D11RHI (20)
[2019.05.01-08.20.38:629][718]LogModuleManager: Shutting down and abandoning module AnimGraphRuntime (18)
[2019.05.01-08.20.38:629][718]LogModuleManager: Shutting down and abandoning module Renderer (16)
[2019.05.01-08.20.38:629][718]LogModuleManager: Shutting down and abandoning module Engine (14)
[2019.05.01-08.20.38:629][718]LogModuleManager: Shutting down and abandoning module CoreUObject (12)
[2019.05.01-08.20.38:629][718]LogModuleManager: Shutting down and abandoning module NetworkFile (10)
[2019.05.01-08.20.38:630][718]LogModuleManager: Shutting down and abandoning module CookedIterativeFile (8)
[2019.05.01-08.20.38:630][718]LogModuleManager: Shutting down and abandoning module StreamingFile (6)
[2019.05.01-08.20.38:630][718]LogModuleManager: Shutting down and abandoning module SandboxFile (4)
[2019.05.01-08.20.38:630][718]LogModuleManager: Shutting down and abandoning module PakFile (2)
[2019.05.01-08.20.38:659][718]LogExit: Exiting.
[2019.05.01-08.20.38:737][718]Log file closed, 05/01/19 04:20:38
