Log file open, 05/02/19 18:49:09
LogWindows: Failed to load 'aqProf.dll' (GetLastError=126)
LogWindows: File 'aqProf.dll' does not exist
LogWindows: Failed to load 'VtuneApi.dll' (GetLastError=126)
LogWindows: File 'VtuneApi.dll' does not exist
LogWindows: Failed to load 'VtuneApi32e.dll' (GetLastError=126)
LogWindows: File 'VtuneApi32e.dll' does not exist
LogConsoleResponse: Display: Failed to find resolution value strings in scalability ini. Falling back to default.
LogInit: Display: Running engine for game: VRLevel
LogPakFile: Registered encryption key '00000000000000000000000000000000': 0 pak files mounted, 0 remain pending
LogPlatformFile: Not using cached read wrapper
LogTaskGraph: Started task graph with 5 named threads and 47 total threads with 3 sets of task threads.
LogStats: Stats thread started at 0.531506
LogD3D11RHI: Loaded GFSDK_Aftermath_Lib.x64.dll
LogICUInternationalization: ICU TimeZone Detection - Raw Offset: -5:00, Platform Override: ''
LogPluginManager: Mounting plugin Paper2D
LogPluginManager: Mounting plugin AISupport
LogPluginManager: Mounting plugin LightPropagationVolume
LogPluginManager: Mounting plugin OpenCVLensDistortion
LogPluginManager: Mounting plugin ActorLayerUtilities
LogPluginManager: Mounting plugin CLionSourceCodeAccess
LogPluginManager: Mounting plugin CodeLiteSourceCodeAccess
LogPluginManager: Mounting plugin GitSourceControl
LogPluginManager: Mounting plugin KDevelopSourceCodeAccess
LogPluginManager: Mounting plugin NullSourceCodeAccess
LogPluginManager: Mounting plugin PerforceSourceControl
LogPluginManager: Mounting plugin SubversionSourceControl
LogPluginManager: Mounting plugin UObjectPlugin
LogPluginManager: Mounting plugin VisualStudioCodeSourceCodeAccess
LogPluginManager: Mounting plugin VisualStudioSourceCodeAccess
LogPluginManager: Mounting plugin XCodeSourceCodeAccess
LogPluginManager: Mounting plugin AssetManagerEditor
LogPluginManager: Mounting plugin CryptoKeys
LogPluginManager: Mounting plugin DataValidation
LogPluginManager: Mounting plugin FacialAnimation
LogPluginManager: Mounting plugin GameplayTagsEditor
LogPluginManager: Mounting plugin MacGraphicsSwitching
LogPluginManager: Mounting plugin MeshEditor
LogPluginManager: Mounting plugin MobileLauncherProfileWizard
LogPluginManager: Mounting plugin PluginBrowser
LogPluginManager: Mounting plugin SpeedTreeImporter
LogPluginManager: Mounting plugin DatasmithContent
LogPluginManager: Mounting plugin VariantManagerContent
LogPluginManager: Mounting plugin AlembicImporter
LogPluginManager: Mounting plugin AppleImageUtils
LogPluginManager: Mounting plugin AppleVision
LogPluginManager: Mounting plugin BackChannel
LogPluginManager: Mounting plugin CharacterAI
LogPluginManager: Mounting plugin GeometryCache
LogPluginManager: Mounting plugin HTML5Networking
LogPluginManager: Mounting plugin ProxyLODPlugin
LogPluginManager: Mounting plugin MagicLeap
LogPluginManager: Mounting plugin MagicLeapMedia
LogPluginManager: Mounting plugin AndroidMedia
LogPluginManager: Mounting plugin AvfMedia
LogPluginManager: Mounting plugin ImgMedia
LogPluginManager: Mounting plugin LinearTimecode
LogPluginManager: Mounting plugin MediaCompositing
LogPluginManager: Mounting plugin MediaPlayerEditor
LogPluginManager: Mounting plugin WebMMedia
LogPluginManager: Mounting plugin WmfMedia
LogPluginManager: Mounting plugin TcpMessaging
LogPluginManager: Mounting plugin UdpMessaging
LogPluginManager: Mounting plugin ActorSequence
LogPluginManager: Mounting plugin LevelSequenceEditor
LogPluginManager: Mounting plugin MatineeToLevelSequence
LogPluginManager: Mounting plugin NetcodeUnitTest
LogPluginManager: Mounting plugin NUTUnrealEngine4
LogPluginManager: Mounting plugin OnlineSubsystemGooglePlay
LogPluginManager: Mounting plugin OnlineSubsystemIOS
LogPluginManager: Mounting plugin OnlineSubsystem
LogPluginManager: Mounting plugin OnlineSubsystemNull
LogPluginManager: Mounting plugin OnlineSubsystemUtils
LogPluginManager: Mounting plugin LauncherChunkInstaller
LogPluginManager: Mounting plugin AndroidDeviceProfileSelector
LogPluginManager: Mounting plugin AndroidMoviePlayer
LogPluginManager: Mounting plugin AndroidPermission
LogPluginManager: Mounting plugin ApexDestruction
LogPluginManager: Mounting plugin AppleMoviePlayer
LogPluginManager: Mounting plugin ArchVisCharacter
LogPluginManager: Mounting plugin AudioCapture
LogPluginManager: Mounting plugin CableComponent
LogPluginManager: Mounting plugin CustomMeshComponent
LogPluginManager: Mounting plugin EditableMesh
LogPluginManager: Mounting plugin ExampleDeviceProfileSelector
LogPluginManager: Mounting plugin Firebase
LogPluginManager: Mounting plugin GoogleCloudMessaging
LogPluginManager: Mounting plugin IOSDeviceProfileSelector
LogPluginManager: Mounting plugin LinuxDeviceProfileSelector
LogPluginManager: Mounting plugin LocationServicesBPLibrary
LogPluginManager: Mounting plugin MixedRealityCaptureFramework
LogPluginManager: Mounting plugin MobilePatchingUtils
LogPluginManager: Mounting plugin PhysXVehicles
LogPluginManager: Mounting plugin ProceduralMeshComponent
LogPluginManager: Mounting plugin RuntimePhysXCooking
LogPluginManager: Mounting plugin SteamVR
LogPluginManager: Mounting plugin WebMMoviePlayer
LogPluginManager: Mounting plugin WindowsMixedReality
LogPluginManager: Mounting plugin WindowsMoviePlayer
LogStreaming: Display: Took  1.456s to configure plugins.
LogInit: Using libcurl 7.55.1-DEV
LogInit:  - built for x86_64-pc-win32
LogInit:  - supports SSL with OpenSSL/1.0.2h
LogInit:  - supports HTTP deflate (compression) using libz 1.2.8
LogInit:  - other features:
LogInit:      CURL_VERSION_SSL
LogInit:      CURL_VERSION_LIBZ
LogInit:      CURL_VERSION_IPV6
LogInit:      CURL_VERSION_ASYNCHDNS
LogInit:      CURL_VERSION_LARGEFILE
LogInit:      CURL_VERSION_IDN
LogInit:  CurlRequestOptions (configurable via config and command line):
LogInit:  - bVerifyPeer = true  - Libcurl will verify peer certificate
LogInit:  - bUseHttpProxy = false  - Libcurl will NOT use HTTP proxy
LogInit:  - bDontReuseConnections = false  - Libcurl will reuse connections
LogInit:  - MaxHostConnections = 16  - Libcurl will limit the number of connections to a host
LogInit:  - LocalHostAddr = Default
LogInit:  - BufferSize = 65536
LogInit: WinSock: version 1.1 (2.2), MaxSocks=32767, MaxUdp=65467
LogInit: Build: ++UE4+Release-4.21-CL-4613538
LogInit: Engine Version: 4.21.1-4613538+++UE4+Release-4.21
LogInit: Compatible Engine Version: 4.21.0-4541578+++UE4+Release-4.21
LogInit: Net CL: 4541578
LogInit: OS: Windows 10 (), CPU: Intel(R) Xeon(R) W-2145 CPU @ 3.70GHz, GPU: NVIDIA GeForce GTX 1080
LogInit: Compiled (64-bit): Nov 30 2018 04:13:25
LogInit: Compiled with Visual C++: 19.13.26129.00
LogInit: Build Configuration: Development
LogInit: Branch Name: ++UE4+Release-4.21
LogInit: Command Line: 
LogInit: Base Directory: C:/Program Files/Epic Games/UE_4.21/Engine/Binaries/Win64/
LogInit: Installed Engine Build: 1
LogDevObjectVersion: Number of dev versions registered: 22
LogDevObjectVersion:   Dev-Blueprints (B0D832E4-1F89-4F0D-ACCF-7EB736FD4AA2): 10
LogDevObjectVersion:   Dev-Build (E1C64328-A22C-4D53-A36C-8E866417BD8C): 0
LogDevObjectVersion:   Dev-Core (375EC13C-06E4-48FB-B500-84F0262A717E): 2
LogDevObjectVersion:   Dev-Editor (E4B068ED-F494-42E9-A231-DA0B2E46BB41): 26
LogDevObjectVersion:   Dev-Framework (CFFC743F-43B0-4480-9391-14DF171D2073): 34
LogDevObjectVersion:   Dev-Mobile (B02B49B5-BB20-44E9-A304-32B752E40360): 2
LogDevObjectVersion:   Dev-Networking (A4E4105C-59A1-49B5-A7C5-40C4547EDFEE): 0
LogDevObjectVersion:   Dev-Online (39C831C9-5AE6-47DC-9A44-9C173E1C8E7C): 0
LogDevObjectVersion:   Dev-Physics (78F01B33-EBEA-4F98-B9B4-84EACCB95AA2): 0
LogDevObjectVersion:   Dev-Platform (6631380F-2D4D-43E0-8009-CF276956A95A): 0
LogDevObjectVersion:   Dev-Rendering (12F88B9F-8875-4AFC-A67C-D90C383ABD29): 27
LogDevObjectVersion:   Dev-Sequencer (7B5AE74C-D270-4C10-A958-57980B212A5A): 9
LogDevObjectVersion:   Dev-VR (D7296918-1DD6-4BDD-9DE2-64A83CC13884): 2
LogDevObjectVersion:   Dev-LoadTimes (C2A15278-BFE7-4AFE-6C17-90FF531DF755): 1
LogDevObjectVersion:   Private-Geometry (6EACA3D4-40EC-4CC1-B786-8BED09428FC5): 3
LogDevObjectVersion:   Dev-AnimPhys (29E575DD-E0A3-4627-9D10-D276232CDCEA): 17
LogDevObjectVersion:   Dev-Anim (AF43A65D-7FD3-4947-9873-3E8ED9C1BB05): 2
LogDevObjectVersion:   Dev-ReflectionCapture (6B266CEC-1EC7-4B8F-A30B-E4D90942FC07): 1
LogDevObjectVersion:   Dev-Automation (0DF73D61-A23F-47EA-B727-89E90C41499A): 1
LogDevObjectVersion:   FortniteMain (601D1886-AC64-4F84-AA16-D3DE0DEAC7D6): 17
LogDevObjectVersion:   Dev-Enterprise (9DFFBCD6-494F-0158-E221-12823C92A888): 4
LogDevObjectVersion:   Dev-Niagara (F2AED0AC-9AFE-416F-8664-AA7FFA26D6FC): 1
LogStreaming: Display: Took  0.071s to delete old logs.
LogLinker: AddRedirectList(Z:/IGMProfile/Documents/GroupDFinal/demo2/Saved/Config/Windows/MixedRealityCaptureFramework.ini) has substring redirect /MixedRealityFramework/, these are very slow and should be resolved as soon as possible!
LogInit: Presizing for max 8388607 objects, including 0 objects not considered by GC, pre-allocating 0 bytes for permanent pool.
LogInit: Object subsystem initialized
LogConfig: Setting CVar [[con.DebugEarlyDefault:1]]
LogConfig: Setting CVar [[r.setres:1280x720]]
[2019.05.02-22.49.10:961][  0]LogConfig: Setting CVar [[r.VSync:0]]
[2019.05.02-22.49.10:961][  0]LogConfig: Setting CVar [[r.RHICmdBypass:0]]
[2019.05.02-22.49.10:961][  0]LogConfig: Applying CVar settings from Section [/Script/Engine.RendererSettings] File [Z:/IGMProfile/Documents/GroupDFinal/demo2/Saved/Config/Windows/Engine.ini]
[2019.05.02-22.49.10:961][  0]LogConfig: Setting CVar [[r.GPUCrashDebugging:0]]
[2019.05.02-22.49.10:961][  0]LogConfig: Setting CVar [[r.DefaultFeature.AmbientOcclusion:0]]
[2019.05.02-22.49.10:961][  0]LogConfig: Setting CVar [[r.DefaultFeature.AmbientOcclusionStaticFraction:0]]
[2019.05.02-22.49.10:961][  0]LogConfig: Setting CVar [[vr.InstancedStereo:1]]
[2019.05.02-22.49.10:961][  0]LogConfig: Setting CVar [[r.SeparateTranslucency:0]]
[2019.05.02-22.49.10:961][  0]LogConfig: Setting CVar [[r.HZBOcclusion:0]]
[2019.05.02-22.49.10:961][  0]LogConfig: Setting CVar [[r.SSR.MaxRoughness:0]]
[2019.05.02-22.49.10:961][  0]LogConfig: Setting CVar [[r.rhicmdbypass:0]]
[2019.05.02-22.49.10:961][  0]LogConfig: Applying CVar settings from Section [/Script/Engine.RendererOverrideSettings] File [Z:/IGMProfile/Documents/GroupDFinal/demo2/Saved/Config/Windows/Engine.ini]
[2019.05.02-22.49.10:961][  0]LogConfig: Applying CVar settings from Section [/Script/Engine.StreamingSettings] File [Z:/IGMProfile/Documents/GroupDFinal/demo2/Saved/Config/Windows/Engine.ini]
[2019.05.02-22.49.10:961][  0]LogConfig: Setting CVar [[s.MinBulkDataSizeForAsyncLoading:131072]]
[2019.05.02-22.49.10:961][  0]LogConfig: Setting CVar [[s.AsyncLoadingThreadEnabled:0]]
[2019.05.02-22.49.10:961][  0]LogConfig: Setting CVar [[s.EventDrivenLoaderEnabled:1]]
[2019.05.02-22.49.10:961][  0]LogConfig: Setting CVar [[s.WarnIfTimeLimitExceeded:0]]
[2019.05.02-22.49.10:961][  0]LogConfig: Setting CVar [[s.TimeLimitExceededMultiplier:1.5]]
[2019.05.02-22.49.10:961][  0]LogConfig: Setting CVar [[s.TimeLimitExceededMinTime:0.005]]
[2019.05.02-22.49.10:961][  0]LogConfig: Setting CVar [[s.UseBackgroundLevelStreaming:1]]
[2019.05.02-22.49.10:961][  0]LogConfig: Setting CVar [[s.PriorityAsyncLoadingExtraTime:15.0]]
[2019.05.02-22.49.10:961][  0]LogConfig: Setting CVar [[s.LevelStreamingActorsUpdateTimeLimit:5.0]]
[2019.05.02-22.49.10:961][  0]LogConfig: Setting CVar [[s.PriorityLevelStreamingActorsUpdateExtraTime:5.0]]
[2019.05.02-22.49.10:961][  0]LogConfig: Setting CVar [[s.LevelStreamingComponentsRegistrationGranularity:10]]
[2019.05.02-22.49.10:961][  0]LogConfig: Setting CVar [[s.UnregisterComponentsTimeLimit:1.0]]
[2019.05.02-22.49.10:961][  0]LogConfig: Setting CVar [[s.LevelStreamingComponentsUnregistrationGranularity:5]]
[2019.05.02-22.49.10:961][  0]LogConfig: Applying CVar settings from Section [/Script/Engine.GarbageCollectionSettings] File [Z:/IGMProfile/Documents/GroupDFinal/demo2/Saved/Config/Windows/Engine.ini]
[2019.05.02-22.49.10:961][  0]LogConfig: Setting CVar [[gc.MaxObjectsNotConsideredByGC:1]]
[2019.05.02-22.49.10:961][  0]LogConfig: Setting CVar [[gc.SizeOfPermanentObjectPool:0]]
[2019.05.02-22.49.10:961][  0]LogConfig: Setting CVar [[gc.FlushStreamingOnGC:0]]
[2019.05.02-22.49.10:961][  0]LogConfig: Setting CVar [[gc.NumRetriesBeforeForcingGC:10]]
[2019.05.02-22.49.10:961][  0]LogConfig: Setting CVar [[gc.AllowParallelGC:1]]
[2019.05.02-22.49.10:961][  0]LogConfig: Setting CVar [[gc.TimeBetweenPurgingPendingKillObjects:61.1]]
[2019.05.02-22.49.10:961][  0]LogConfig: Setting CVar [[gc.MaxObjectsInEditor:8388607]]
[2019.05.02-22.49.10:961][  0]LogConfig: Setting CVar [[gc.IncrementalBeginDestroyEnabled:1]]
[2019.05.02-22.49.10:961][  0]LogConfig: Setting CVar [[gc.CreateGCClusters:1]]
[2019.05.02-22.49.10:961][  0]LogConfig: Setting CVar [[gc.MergeGCClusters:0]]
[2019.05.02-22.49.10:961][  0]LogConfig: Setting CVar [[gc.MinGCClusterSize:5]]
[2019.05.02-22.49.10:961][  0]LogConfig: Setting CVar [[gc.ActorClusteringEnabled:0]]
[2019.05.02-22.49.10:961][  0]LogConfig: Setting CVar [[gc.BlueprintClusteringEnabled:0]]
[2019.05.02-22.49.10:961][  0]LogConfig: Setting CVar [[gc.UseDisregardForGCOnDedicatedServers:0]]
[2019.05.02-22.49.10:961][  0]LogConfig: Applying CVar settings from Section [/Script/Engine.NetworkSettings] File [Z:/IGMProfile/Documents/GroupDFinal/demo2/Saved/Config/Windows/Engine.ini]
[2019.05.02-22.49.10:961][  0]LogConfig: Applying CVar settings from Section [/Script/UnrealEd.CookerSettings] File [Z:/IGMProfile/Documents/GroupDFinal/demo2/Saved/Config/Windows/Engine.ini]
[2019.05.02-22.49.10:970][  0]LogConfig: Applying CVar settings from Section [ViewDistanceQuality@3] File [Z:/IGMProfile/Documents/GroupDFinal/demo2/Saved/Config/Windows/Scalability.ini]
[2019.05.02-22.49.10:970][  0]LogConfig: Setting CVar [[r.SkeletalMeshLODBias:0]]
[2019.05.02-22.49.10:970][  0]LogConfig: Setting CVar [[r.ViewDistanceScale:1.0]]
[2019.05.02-22.49.10:970][  0]LogConfig: Applying CVar settings from Section [AntiAliasingQuality@3] File [Z:/IGMProfile/Documents/GroupDFinal/demo2/Saved/Config/Windows/Scalability.ini]
[2019.05.02-22.49.10:970][  0]LogConfig: Setting CVar [[r.PostProcessAAQuality:3]]
[2019.05.02-22.49.10:970][  0]LogConfig: Applying CVar settings from Section [ShadowQuality@3] File [Z:/IGMProfile/Documents/GroupDFinal/demo2/Saved/Config/Windows/Scalability.ini]
[2019.05.02-22.49.10:970][  0]LogConfig: Setting CVar [[r.LightFunctionQuality:1]]
[2019.05.02-22.49.10:970][  0]LogConfig: Setting CVar [[r.ShadowQuality:5]]
[2019.05.02-22.49.10:970][  0]LogConfig: Setting CVar [[r.Shadow.CSM.MaxCascades:10]]
[2019.05.02-22.49.10:970][  0]LogConfig: Setting CVar [[r.Shadow.MaxResolution:2048]]
[2019.05.02-22.49.10:970][  0]LogConfig: Setting CVar [[r.Shadow.MaxCSMResolution:2048]]
[2019.05.02-22.49.10:970][  0]LogConfig: Setting CVar [[r.Shadow.RadiusThreshold:0.01]]
[2019.05.02-22.49.10:970][  0]LogConfig: Setting CVar [[r.Shadow.DistanceScale:1.0]]
[2019.05.02-22.49.10:970][  0]LogConfig: Setting CVar [[r.Shadow.CSM.TransitionScale:1.0]]
[2019.05.02-22.49.10:970][  0]LogConfig: Setting CVar [[r.Shadow.PreShadowResolutionFactor:1.0]]
[2019.05.02-22.49.10:970][  0]LogConfig: Setting CVar [[r.DistanceFieldShadowing:1]]
[2019.05.02-22.49.10:970][  0]LogConfig: Setting CVar [[r.DistanceFieldAO:1]]
[2019.05.02-22.49.10:970][  0]LogConfig: Setting CVar [[r.AOQuality:2]]
[2019.05.02-22.49.10:970][  0]LogConfig: Setting CVar [[r.VolumetricFog:1]]
[2019.05.02-22.49.10:970][  0]LogConfig: Setting CVar [[r.VolumetricFog.GridPixelSize:8]]
[2019.05.02-22.49.10:970][  0]LogConfig: Setting CVar [[r.VolumetricFog.GridSizeZ:128]]
[2019.05.02-22.49.10:970][  0]LogConfig: Setting CVar [[r.VolumetricFog.HistoryMissSupersampleCount:4]]
[2019.05.02-22.49.10:970][  0]LogConfig: Setting CVar [[r.LightMaxDrawDistanceScale:1]]
[2019.05.02-22.49.10:970][  0]LogConfig: Setting CVar [[r.CapsuleShadows:1]]
[2019.05.02-22.49.10:970][  0]LogConfig: Applying CVar settings from Section [PostProcessQuality@3] File [Z:/IGMProfile/Documents/GroupDFinal/demo2/Saved/Config/Windows/Scalability.ini]
[2019.05.02-22.49.10:970][  0]LogConfig: Setting CVar [[r.MotionBlurQuality:0]]
[2019.05.02-22.49.10:970][  0]LogConfig: Setting CVar [[r.AmbientOcclusionMipLevelFactor:0.4]]
[2019.05.02-22.49.10:970][  0]LogConfig: Setting CVar [[r.AmbientOcclusionMaxQuality:100]]
[2019.05.02-22.49.10:970][  0]LogConfig: Setting CVar [[r.AmbientOcclusionLevels:0]]
[2019.05.02-22.49.10:970][  0]LogConfig: Setting CVar [[r.AmbientOcclusionRadiusScale:1.0]]
[2019.05.02-22.49.10:971][  0]LogConfig: Setting CVar [[r.DepthOfFieldQuality:0]]
[2019.05.02-22.49.10:971][  0]LogConfig: Setting CVar [[r.RenderTargetPoolMin:400]]
[2019.05.02-22.49.10:971][  0]LogConfig: Setting CVar [[r.LensFlareQuality:0]]
[2019.05.02-22.49.10:971][  0]LogConfig: Setting CVar [[r.SceneColorFringeQuality:0]]
[2019.05.02-22.49.10:971][  0]LogConfig: Setting CVar [[r.EyeAdaptationQuality:2]]
[2019.05.02-22.49.10:971][  0]LogConfig: Setting CVar [[r.BloomQuality:1]]
[2019.05.02-22.49.10:971][  0]LogConfig: Setting CVar [[r.FastBlurThreshold:0]]
[2019.05.02-22.49.10:971][  0]LogConfig: Setting CVar [[r.Upscale.Quality:3]]
[2019.05.02-22.49.10:971][  0]LogConfig: Setting CVar [[r.Tonemapper.GrainQuantization:1]]
[2019.05.02-22.49.10:971][  0]LogConfig: Setting CVar [[r.LightShaftQuality:1]]
[2019.05.02-22.49.10:971][  0]LogConfig: Setting CVar [[r.Filter.SizeScale:1]]
[2019.05.02-22.49.10:971][  0]LogConfig: Setting CVar [[r.Tonemapper.Quality:5]]
[2019.05.02-22.49.10:971][  0]LogConfig: Setting CVar [[r.DOF.Gather.AccumulatorQuality:1        ; higher gathering accumulator quality]]
[2019.05.02-22.49.10:971][  0]LogConfig: Setting CVar [[r.DOF.Gather.PostfilterMethod:1          ; Median3x3 postfilering method]]
[2019.05.02-22.49.10:971][  0]LogConfig: Setting CVar [[r.DOF.Gather.EnableBokehSettings:0       ; no bokeh simulation when gathering]]
[2019.05.02-22.49.10:971][  0]LogConfig: Setting CVar [[r.DOF.Gather.RingCount:4                 ; medium number of samples when gathering]]
[2019.05.02-22.49.10:971][  0]LogConfig: Setting CVar [[r.DOF.Scatter.ForegroundCompositing:1    ; additive foreground scattering]]
[2019.05.02-22.49.10:971][  0]LogConfig: Setting CVar [[r.DOF.Scatter.BackgroundCompositing:2    ; additive background scattering]]
[2019.05.02-22.49.10:971][  0]LogConfig: Setting CVar [[r.DOF.Scatter.EnableBokehSettings:1      ; bokeh simulation when scattering]]
[2019.05.02-22.49.10:971][  0]LogConfig: Setting CVar [[r.DOF.Scatter.MaxSpriteRatio:0.1         ; only a maximum of 10% of scattered bokeh]]
[2019.05.02-22.49.10:971][  0]LogConfig: Setting CVar [[r.DOF.Recombine.Quality:1                ; cheap slight out of focus]]
[2019.05.02-22.49.10:971][  0]LogConfig: Setting CVar [[r.DOF.Recombine.EnableBokehSettings:0    ; no bokeh simulation on slight out of focus]]
[2019.05.02-22.49.10:971][  0]LogConfig: Setting CVar [[r.DOF.TemporalAAQuality:1                ; more stable temporal accumulation]]
[2019.05.02-22.49.10:971][  0]LogConfig: Setting CVar [[r.DOF.Kernel.MaxForegroundRadius:0.025]]
[2019.05.02-22.49.10:971][  0]LogConfig: Setting CVar [[r.DOF.Kernel.MaxBackgroundRadius:0.025]]
[2019.05.02-22.49.10:971][  0]LogConfig: Applying CVar settings from Section [TextureQuality@3] File [Z:/IGMProfile/Documents/GroupDFinal/demo2/Saved/Config/Windows/Scalability.ini]
[2019.05.02-22.49.10:971][  0]LogConfig: Setting CVar [[r.Streaming.MipBias:0]]
[2019.05.02-22.49.10:971][  0]LogConfig: Setting CVar [[r.Streaming.AmortizeCPUToGPUCopy:0]]
[2019.05.02-22.49.10:971][  0]LogConfig: Setting CVar [[r.Streaming.MaxNumTexturesToStreamPerFrame:0]]
[2019.05.02-22.49.10:971][  0]LogConfig: Setting CVar [[r.Streaming.Boost:1]]
[2019.05.02-22.49.10:971][  0]LogConfig: Setting CVar [[r.MaxAnisotropy:8]]
[2019.05.02-22.49.10:971][  0]LogConfig: Setting CVar [[r.Streaming.LimitPoolSizeToVRAM:0]]
[2019.05.02-22.49.10:971][  0]LogConfig: Setting CVar [[r.Streaming.PoolSize:1000]]
[2019.05.02-22.49.10:971][  0]LogConfig: Setting CVar [[r.Streaming.MaxEffectiveScreenSize:0]]
[2019.05.02-22.49.10:971][  0]LogConfig: Applying CVar settings from Section [EffectsQuality@3] File [Z:/IGMProfile/Documents/GroupDFinal/demo2/Saved/Config/Windows/Scalability.ini]
[2019.05.02-22.49.10:971][  0]LogConfig: Setting CVar [[r.TranslucencyLightingVolumeDim:4]]
[2019.05.02-22.49.10:971][  0]LogConfig: Setting CVar [[r.RefractionQuality:2]]
[2019.05.02-22.49.10:971][  0]LogConfig: Setting CVar [[r.SSR.Quality:0]]
[2019.05.02-22.49.10:971][  0]LogConfig: Setting CVar [[r.SceneColorFormat:2]]
[2019.05.02-22.49.10:971][  0]LogConfig: Setting CVar [[r.DetailMode:2]]
[2019.05.02-22.49.10:971][  0]LogConfig: Setting CVar [[r.TranslucencyVolumeBlur:0]]
[2019.05.02-22.49.10:971][  0]LogConfig: Setting CVar [[r.MaterialQualityLevel:1 ; High quality]]
[2019.05.02-22.49.10:971][  0]LogConfig: Setting CVar [[r.SSS.Scale:1]]
[2019.05.02-22.49.10:971][  0]LogConfig: Setting CVar [[r.SSS.SampleSet:2]]
[2019.05.02-22.49.10:971][  0]LogConfig: Setting CVar [[r.SSS.Quality:1]]
[2019.05.02-22.49.10:971][  0]LogConfig: Setting CVar [[r.SSS.HalfRes:1]]
[2019.05.02-22.49.10:971][  0]LogConfig: Setting CVar [[r.EmitterSpawnRateScale:1.0]]
[2019.05.02-22.49.10:971][  0]LogConfig: Setting CVar [[r.ParticleLightQuality:2]]
[2019.05.02-22.49.10:971][  0]LogConfig: Applying CVar settings from Section [FoliageQuality@3] File [Z:/IGMProfile/Documents/GroupDFinal/demo2/Saved/Config/Windows/Scalability.ini]
[2019.05.02-22.49.10:971][  0]LogConfig: Setting CVar [[foliage.DensityScale:1.0]]
[2019.05.02-22.49.10:971][  0]LogConfig: Setting CVar [[grass.DensityScale:1.0]]
[2019.05.02-22.49.10:972][  0]LogInit: Selected Device Profile: [Windows]
[2019.05.02-22.49.10:972][  0]LogInit: Applying CVar settings loaded from the selected device profile: [Windows]
[2019.05.02-22.49.11:090][  0]LogHAL: Display: Platform has ~ 32 GB [34020569088 / 34359738368 / 32], which maps to Largest [LargestMinGB=32, LargerMinGB=12, DefaultMinGB=8, SmallerMinGB=6, SmallestMinGB=0)
[2019.05.02-22.49.11:090][  0]LogConfig: Setting CVar [[r.Vulkan.UseRealUBs:1]]
[2019.05.02-22.49.11:090][  0]LogInit: Going up to parent DeviceProfile []
[2019.05.02-22.49.11:090][  0]LogConfig: Applying CVar settings from Section [ViewDistanceQuality@3] File [Z:/IGMProfile/Documents/GroupDFinal/demo2/Saved/Config/Windows/Scalability.ini]
[2019.05.02-22.49.11:090][  0]LogConfig: Setting CVar [[r.SkeletalMeshLODBias:0]]
[2019.05.02-22.49.11:090][  0]LogConfig: Setting CVar [[r.ViewDistanceScale:1.0]]
[2019.05.02-22.49.11:090][  0]LogConfig: Applying CVar settings from Section [AntiAliasingQuality@3] File [Z:/IGMProfile/Documents/GroupDFinal/demo2/Saved/Config/Windows/Scalability.ini]
[2019.05.02-22.49.11:091][  0]LogConfig: Setting CVar [[r.PostProcessAAQuality:3]]
[2019.05.02-22.49.11:091][  0]LogConfig: Applying CVar settings from Section [ShadowQuality@3] File [Z:/IGMProfile/Documents/GroupDFinal/demo2/Saved/Config/Windows/Scalability.ini]
[2019.05.02-22.49.11:091][  0]LogConfig: Setting CVar [[r.LightFunctionQuality:1]]
[2019.05.02-22.49.11:091][  0]LogConfig: Setting CVar [[r.ShadowQuality:5]]
[2019.05.02-22.49.11:091][  0]LogConfig: Setting CVar [[r.Shadow.CSM.MaxCascades:10]]
[2019.05.02-22.49.11:091][  0]LogConfig: Setting CVar [[r.Shadow.MaxResolution:2048]]
[2019.05.02-22.49.11:091][  0]LogConfig: Setting CVar [[r.Shadow.MaxCSMResolution:2048]]
[2019.05.02-22.49.11:091][  0]LogConfig: Setting CVar [[r.Shadow.RadiusThreshold:0.01]]
[2019.05.02-22.49.11:091][  0]LogConfig: Setting CVar [[r.Shadow.DistanceScale:1.0]]
[2019.05.02-22.49.11:091][  0]LogConfig: Setting CVar [[r.Shadow.CSM.TransitionScale:1.0]]
[2019.05.02-22.49.11:091][  0]LogConfig: Setting CVar [[r.Shadow.PreShadowResolutionFactor:1.0]]
[2019.05.02-22.49.11:091][  0]LogConfig: Setting CVar [[r.DistanceFieldShadowing:1]]
[2019.05.02-22.49.11:091][  0]LogConfig: Setting CVar [[r.DistanceFieldAO:1]]
[2019.05.02-22.49.11:091][  0]LogConfig: Setting CVar [[r.AOQuality:2]]
[2019.05.02-22.49.11:091][  0]LogConfig: Setting CVar [[r.VolumetricFog:1]]
[2019.05.02-22.49.11:091][  0]LogConfig: Setting CVar [[r.VolumetricFog.GridPixelSize:8]]
[2019.05.02-22.49.11:091][  0]LogConfig: Setting CVar [[r.VolumetricFog.GridSizeZ:128]]
[2019.05.02-22.49.11:091][  0]LogConfig: Setting CVar [[r.VolumetricFog.HistoryMissSupersampleCount:4]]
[2019.05.02-22.49.11:091][  0]LogConfig: Setting CVar [[r.LightMaxDrawDistanceScale:1]]
[2019.05.02-22.49.11:091][  0]LogConfig: Setting CVar [[r.CapsuleShadows:1]]
[2019.05.02-22.49.11:091][  0]LogConfig: Applying CVar settings from Section [PostProcessQuality@3] File [Z:/IGMProfile/Documents/GroupDFinal/demo2/Saved/Config/Windows/Scalability.ini]
[2019.05.02-22.49.11:091][  0]LogConfig: Setting CVar [[r.MotionBlurQuality:0]]
[2019.05.02-22.49.11:091][  0]LogConfig: Setting CVar [[r.AmbientOcclusionMipLevelFactor:0.4]]
[2019.05.02-22.49.11:091][  0]LogConfig: Setting CVar [[r.AmbientOcclusionMaxQuality:100]]
[2019.05.02-22.49.11:091][  0]LogConfig: Setting CVar [[r.AmbientOcclusionLevels:0]]
[2019.05.02-22.49.11:091][  0]LogConfig: Setting CVar [[r.AmbientOcclusionRadiusScale:1.0]]
[2019.05.02-22.49.11:091][  0]LogConfig: Setting CVar [[r.DepthOfFieldQuality:0]]
[2019.05.02-22.49.11:091][  0]LogConfig: Setting CVar [[r.RenderTargetPoolMin:400]]
[2019.05.02-22.49.11:091][  0]LogConfig: Setting CVar [[r.LensFlareQuality:0]]
[2019.05.02-22.49.11:091][  0]LogConfig: Setting CVar [[r.SceneColorFringeQuality:0]]
[2019.05.02-22.49.11:091][  0]LogConfig: Setting CVar [[r.EyeAdaptationQuality:2]]
[2019.05.02-22.49.11:091][  0]LogConfig: Setting CVar [[r.BloomQuality:1]]
[2019.05.02-22.49.11:091][  0]LogConfig: Setting CVar [[r.FastBlurThreshold:0]]
[2019.05.02-22.49.11:091][  0]LogConfig: Setting CVar [[r.Upscale.Quality:3]]
[2019.05.02-22.49.11:091][  0]LogConfig: Setting CVar [[r.Tonemapper.GrainQuantization:1]]
[2019.05.02-22.49.11:091][  0]LogConfig: Setting CVar [[r.LightShaftQuality:1]]
[2019.05.02-22.49.11:091][  0]LogConfig: Setting CVar [[r.Filter.SizeScale:1]]
[2019.05.02-22.49.11:091][  0]LogConfig: Setting CVar [[r.Tonemapper.Quality:5]]
[2019.05.02-22.49.11:091][  0]LogConfig: Setting CVar [[r.DOF.Gather.AccumulatorQuality:1        ; higher gathering accumulator quality]]
[2019.05.02-22.49.11:091][  0]LogConfig: Setting CVar [[r.DOF.Gather.PostfilterMethod:1          ; Median3x3 postfilering method]]
[2019.05.02-22.49.11:091][  0]LogConfig: Setting CVar [[r.DOF.Gather.EnableBokehSettings:0       ; no bokeh simulation when gathering]]
[2019.05.02-22.49.11:091][  0]LogConfig: Setting CVar [[r.DOF.Gather.RingCount:4                 ; medium number of samples when gathering]]
[2019.05.02-22.49.11:091][  0]LogConfig: Setting CVar [[r.DOF.Scatter.ForegroundCompositing:1    ; additive foreground scattering]]
[2019.05.02-22.49.11:091][  0]LogConfig: Setting CVar [[r.DOF.Scatter.BackgroundCompositing:2    ; additive background scattering]]
[2019.05.02-22.49.11:091][  0]LogConfig: Setting CVar [[r.DOF.Scatter.EnableBokehSettings:1      ; bokeh simulation when scattering]]
[2019.05.02-22.49.11:091][  0]LogConfig: Setting CVar [[r.DOF.Scatter.MaxSpriteRatio:0.1         ; only a maximum of 10% of scattered bokeh]]
[2019.05.02-22.49.11:091][  0]LogConfig: Setting CVar [[r.DOF.Recombine.Quality:1                ; cheap slight out of focus]]
[2019.05.02-22.49.11:091][  0]LogConfig: Setting CVar [[r.DOF.Recombine.EnableBokehSettings:0    ; no bokeh simulation on slight out of focus]]
[2019.05.02-22.49.11:091][  0]LogConfig: Setting CVar [[r.DOF.TemporalAAQuality:1                ; more stable temporal accumulation]]
[2019.05.02-22.49.11:091][  0]LogConfig: Setting CVar [[r.DOF.Kernel.MaxForegroundRadius:0.025]]
[2019.05.02-22.49.11:091][  0]LogConfig: Setting CVar [[r.DOF.Kernel.MaxBackgroundRadius:0.025]]
[2019.05.02-22.49.11:091][  0]LogConfig: Applying CVar settings from Section [TextureQuality@3] File [Z:/IGMProfile/Documents/GroupDFinal/demo2/Saved/Config/Windows/Scalability.ini]
[2019.05.02-22.49.11:091][  0]LogConfig: Setting CVar [[r.Streaming.MipBias:0]]
[2019.05.02-22.49.11:091][  0]LogConfig: Setting CVar [[r.Streaming.AmortizeCPUToGPUCopy:0]]
[2019.05.02-22.49.11:091][  0]LogConfig: Setting CVar [[r.Streaming.MaxNumTexturesToStreamPerFrame:0]]
[2019.05.02-22.49.11:091][  0]LogConfig: Setting CVar [[r.Streaming.Boost:1]]
[2019.05.02-22.49.11:091][  0]LogConfig: Setting CVar [[r.MaxAnisotropy:8]]
[2019.05.02-22.49.11:091][  0]LogConfig: Setting CVar [[r.Streaming.LimitPoolSizeToVRAM:0]]
[2019.05.02-22.49.11:091][  0]LogConfig: Setting CVar [[r.Streaming.PoolSize:1000]]
[2019.05.02-22.49.11:091][  0]LogConfig: Setting CVar [[r.Streaming.MaxEffectiveScreenSize:0]]
[2019.05.02-22.49.11:091][  0]LogConfig: Applying CVar settings from Section [EffectsQuality@3] File [Z:/IGMProfile/Documents/GroupDFinal/demo2/Saved/Config/Windows/Scalability.ini]
[2019.05.02-22.49.11:091][  0]LogConfig: Setting CVar [[r.TranslucencyLightingVolumeDim:4]]
[2019.05.02-22.49.11:092][  0]LogConfig: Setting CVar [[r.RefractionQuality:2]]
[2019.05.02-22.49.11:092][  0]LogConfig: Setting CVar [[r.SSR.Quality:0]]
[2019.05.02-22.49.11:092][  0]LogConfig: Setting CVar [[r.SceneColorFormat:2]]
[2019.05.02-22.49.11:092][  0]LogConfig: Setting CVar [[r.DetailMode:2]]
[2019.05.02-22.49.11:092][  0]LogConfig: Setting CVar [[r.TranslucencyVolumeBlur:0]]
[2019.05.02-22.49.11:092][  0]LogConfig: Setting CVar [[r.MaterialQualityLevel:1 ; High quality]]
[2019.05.02-22.49.11:092][  0]LogConfig: Setting CVar [[r.SSS.Scale:1]]
[2019.05.02-22.49.11:092][  0]LogConfig: Setting CVar [[r.SSS.SampleSet:2]]
[2019.05.02-22.49.11:092][  0]LogConfig: Setting CVar [[r.SSS.Quality:1]]
[2019.05.02-22.49.11:092][  0]LogConfig: Setting CVar [[r.SSS.HalfRes:1]]
[2019.05.02-22.49.11:092][  0]LogConfig: Setting CVar [[r.EmitterSpawnRateScale:1.0]]
[2019.05.02-22.49.11:092][  0]LogConfig: Setting CVar [[r.ParticleLightQuality:2]]
[2019.05.02-22.49.11:092][  0]LogConfig: Applying CVar settings from Section [FoliageQuality@3] File [Z:/IGMProfile/Documents/GroupDFinal/demo2/Saved/Config/Windows/Scalability.ini]
[2019.05.02-22.49.11:092][  0]LogConfig: Setting CVar [[foliage.DensityScale:1.0]]
[2019.05.02-22.49.11:092][  0]LogConfig: Setting CVar [[grass.DensityScale:1.0]]
[2019.05.02-22.49.11:092][  0]LogConfig: Applying CVar settings from Section [Startup] File [../../../Engine/Config/ConsoleVariables.ini]
[2019.05.02-22.49.11:092][  0]LogConfig: Setting CVar [[net.UseAdaptiveNetUpdateFrequency:0]]
[2019.05.02-22.49.11:092][  0]LogConfig: Applying CVar settings from Section [ConsoleVariables] File [Z:/IGMProfile/Documents/GroupDFinal/demo2/Saved/Config/Windows/Engine.ini]
[2019.05.02-22.49.11:092][  0]LogInit: Computer: MSS2150-19
[2019.05.02-22.49.11:092][  0]LogInit: User: kwb6721
[2019.05.02-22.49.11:092][  0]LogInit: CPU Page size=4096, Cores=8
[2019.05.02-22.49.11:092][  0]LogInit: High frequency timer resolution =10.000000 MHz
[2019.05.02-22.49.11:093][  0]LogMemory: Memory total: Physical=31.7GB (32GB approx)
[2019.05.02-22.49.11:093][  0]LogMemory: Platform Memory Stats for Windows
[2019.05.02-22.49.11:093][  0]LogMemory: Process Physical Memory: 109.01 MB used, 109.02 MB peak
[2019.05.02-22.49.11:093][  0]LogMemory: Process Virtual Memory: 110.93 MB used, 110.93 MB peak
[2019.05.02-22.49.11:093][  0]LogMemory: Physical Memory: 7417.07 MB used,  25027.47 MB free, 32444.54 MB total
[2019.05.02-22.49.11:093][  0]LogMemory: Virtual Memory: 4721.21 MB used,  134213008.00 MB free, 134217728.00 MB total
[2019.05.02-22.49.11:125][  0]LogInit: Using OS detected language (en-US).
[2019.05.02-22.49.11:125][  0]LogInit: Using OS detected locale (en-US).
[2019.05.02-22.49.11:126][  0]LogTextLocalizationManager: No specific localization for 'en-US' exists, so the 'en' localization will be used.
[2019.05.02-22.49.11:650][  0]LogStreaming: Display: Took  0.525s to InitEngineTextLocalization.
[2019.05.02-22.49.11:651][  0]LogInit: Setting process to per monitor DPI aware
[2019.05.02-22.49.11:712][  0]LogSlate: New Slate User Created.  User Index 0, Is Virtual User: 0
[2019.05.02-22.49.11:712][  0]LogSlate: Slate User Registered.  User Index 0, Is Virtual User: 0
[2019.05.02-22.49.11:951][  0]LogD3D11RHI: D3D11 adapters:
[2019.05.02-22.49.12:026][  0]LogD3D11RHI:    0. 'NVIDIA GeForce GTX 1080' (Feature Level 11_0)
[2019.05.02-22.49.12:026][  0]LogD3D11RHI:       8079/0/16222 MB DedicatedVideo/DedicatedSystem/SharedSystem, Outputs:2, VendorId:0x10de
[2019.05.02-22.49.12:030][  0]LogD3D11RHI:    1. 'Microsoft Basic Render Driver' (Feature Level 11_0)
[2019.05.02-22.49.12:030][  0]LogD3D11RHI:       0/0/16222 MB DedicatedVideo/DedicatedSystem/SharedSystem, Outputs:0, VendorId:0x1414
[2019.05.02-22.49.12:030][  0]LogD3D11RHI: Chosen D3D11 Adapter: 0
[2019.05.02-22.49.12:041][  0]LogD3D11RHI: Creating new Direct3DDevice
[2019.05.02-22.49.12:041][  0]LogD3D11RHI:     GPU DeviceId: 0x1b80 (for the marketing name, search the web for "GPU Device Id")
[2019.05.02-22.49.12:041][  0]LogWindows: EnumDisplayDevices:
[2019.05.02-22.49.12:041][  0]LogWindows:    0. 'NVIDIA GeForce GTX 1080' (P:1 D:1)
[2019.05.02-22.49.12:042][  0]LogWindows:    1. 'NVIDIA GeForce GTX 1080' (P:0 D:1)
[2019.05.02-22.49.12:042][  0]LogWindows:    2. 'NVIDIA GeForce GTX 1080' (P:0 D:0)
[2019.05.02-22.49.12:042][  0]LogWindows:    3. 'NVIDIA GeForce GTX 1080' (P:0 D:0)
[2019.05.02-22.49.12:042][  0]LogWindows: DebugString: FoundDriverCount:4 
[2019.05.02-22.49.12:042][  0]LogD3D11RHI:     Adapter Name: NVIDIA GeForce GTX 1080
[2019.05.02-22.49.12:042][  0]LogD3D11RHI:   Driver Version: 430.39 (internal:26.21.14.3039, unified:430.39)
[2019.05.02-22.49.12:042][  0]LogD3D11RHI:      Driver Date: 4-17-2019
[2019.05.02-22.49.12:042][  0]LogRHI: Texture pool is 5655 MB (70% of 8079 MB)
[2019.05.02-22.49.12:093][  0]LogD3D11RHI: Async texture creation enabled
[2019.05.02-22.49.12:106][  0]LogD3D11RHI: GPU Timing Frequency: 1000.000000 (Debug: 2 1)
[2019.05.02-22.49.12:456][  0]LogTemp: Display: Loaded TP AllDesktopTargetPlatform
[2019.05.02-22.49.12:472][  0]LogTemp: Display: Loaded TP MacClientTargetPlatform
[2019.05.02-22.49.12:489][  0]LogTemp: Display: Loaded TP MacNoEditorTargetPlatform
[2019.05.02-22.49.12:507][  0]LogTemp: Display: Loaded TP MacServerTargetPlatform
[2019.05.02-22.49.12:524][  0]LogTemp: Display: Loaded TP MacTargetPlatform
[2019.05.02-22.49.12:543][  0]LogTemp: Display: Loaded TP WindowsClientTargetPlatform
[2019.05.02-22.49.12:561][  0]LogTemp: Display: Loaded TP WindowsNoEditorTargetPlatform
[2019.05.02-22.49.12:580][  0]LogTemp: Display: Loaded TP WindowsServerTargetPlatform
[2019.05.02-22.49.12:587][  0]LogTemp: Display: Loaded TP WindowsTargetPlatform
[2019.05.02-22.49.12:683][  0]LogTemp: Display: Loaded TP AndroidTargetPlatform
[2019.05.02-22.49.12:683][  0]LogTemp: Display: Loaded TP AndroidTargetPlatform
[2019.05.02-22.49.12:683][  0]LogTemp: Display: Loaded TP AndroidTargetPlatform
[2019.05.02-22.49.12:683][  0]LogTemp: Display: Loaded TP AndroidTargetPlatform
[2019.05.02-22.49.12:683][  0]LogTemp: Display: Loaded TP AndroidTargetPlatform
[2019.05.02-22.49.12:683][  0]LogTemp: Display: Loaded TP AndroidTargetPlatform
[2019.05.02-22.49.12:683][  0]LogTemp: Display: Loaded TP AndroidTargetPlatform
[2019.05.02-22.49.12:683][  0]LogTemp: Display: Loaded TP AndroidTargetPlatform
[2019.05.02-22.49.12:683][  0]LogTemp: Display: Loaded TP AndroidTargetPlatform
[2019.05.02-22.49.12:683][  0]LogTemp: Display: Loaded TP AndroidTargetPlatform
[2019.05.02-22.49.12:683][  0]LogTemp: Display: Loaded TP AndroidTargetPlatform
[2019.05.02-22.49.12:683][  0]LogTemp: Display: Loaded TP AndroidTargetPlatform
[2019.05.02-22.49.12:683][  0]LogTemp: Display: Loaded TP AndroidTargetPlatform
[2019.05.02-22.49.12:683][  0]LogTemp: Display: Loaded TP AndroidTargetPlatform
[2019.05.02-22.49.12:683][  0]LogTemp: Display: Loaded TP AndroidTargetPlatform
[2019.05.02-22.49.12:683][  0]LogTemp: Display: Loaded TP AndroidTargetPlatform
[2019.05.02-22.49.12:683][  0]LogTemp: Display: Loaded TP AndroidTargetPlatform
[2019.05.02-22.49.12:683][  0]LogTemp: Display: Loaded TP AndroidTargetPlatform
[2019.05.02-22.49.12:684][  0]LogTemp: Display: Loaded TP HTML5TargetPlatform
[2019.05.02-22.49.12:763][  0]LogTemp: Display: Loaded TP IOSTargetPlatform
[2019.05.02-22.49.12:763][  0]LogTemp: Display: Loaded TP IOSTargetPlatform
[2019.05.02-22.49.12:789][  0]LogTemp: Display: Loaded TP TVOSTargetPlatform
[2019.05.02-22.49.12:789][  0]LogTemp: Display: Loaded TP TVOSTargetPlatform
[2019.05.02-22.49.12:805][  0]LogTemp: Display: Loaded TP LinuxClientTargetPlatform
[2019.05.02-22.49.12:820][  0]LogTemp: Display: Loaded TP LinuxNoEditorTargetPlatform
[2019.05.02-22.49.12:836][  0]LogTemp: Display: Loaded TP LinuxServerTargetPlatform
[2019.05.02-22.49.12:852][  0]LogTemp: Display: Loaded TP LinuxTargetPlatform
[2019.05.02-22.49.12:907][  0]LogTemp: Display: Loaded TP LuminTargetPlatform
[2019.05.02-22.49.12:908][  0]LogTemp: Display: Loaded TP LuminTargetPlatform
[2019.05.02-22.49.12:908][  0]LogTargetPlatformManager: Display: Building Assets For Windows
[2019.05.02-22.49.12:965][  0]LogShaderCompilers: Guid format shader working directory is 10 characters bigger than the processId version (Z:/IGMProfile/Documents/GroupDFinal/demo2/Intermediate/Shaders/WorkingDirectory/4776/).
[2019.05.02-22.49.12:965][  0]LogShaderCompilers: Cleaned the shader compiler working directory 'D:/Profiles/kwb6721/AppData/Local/Temp/UnrealShaderWorkingDir/1FD550AD470FA5048CD7DCAF2E8139B7/'.
[2019.05.02-22.49.12:968][  0]LogXGEController: Cannot use XGE Controller as Incredibuild is not installed on this machine.
[2019.05.02-22.49.12:968][  0]LogShaderCompilers: Cannot use XGE Shader Compiler as Incredibuild is not installed on this machine.
[2019.05.02-22.49.12:968][  0]LogShaderCompilers: Display: Using Local Shader Compiler.
[2019.05.02-22.49.13:439][  0]LogDerivedDataCache: Display: Max Cache Size: 512 MB
[2019.05.02-22.49.13:495][  0]LogDerivedDataCache: Loaded boot cache 0.06s 68MB D:/Profiles/kwb6721/AppData/Local/UnrealEngine/4.21/DerivedDataCache/Boot.ddc.
[2019.05.02-22.49.13:495][  0]LogDerivedDataCache: Display: Loaded Boot cache: D:/Profiles/kwb6721/AppData/Local/UnrealEngine/4.21/DerivedDataCache/Boot.ddc
[2019.05.02-22.49.13:496][  0]LogDerivedDataCache: FDerivedDataBackendGraph:  Pak pak cache file Z:/IGMProfile/Documents/GroupDFinal/demo2/DerivedDataCache/DDC.ddp not found, will not use a pak cache.
[2019.05.02-22.49.13:496][  0]LogDerivedDataCache: Unable to find inner node Pak for hierarchical cache Hierarchy.
[2019.05.02-22.49.13:496][  0]LogDerivedDataCache: FDerivedDataBackendGraph:  CompressedPak pak cache file Z:/IGMProfile/Documents/GroupDFinal/demo2/DerivedDataCache/Compressed.ddp not found, will not use a pak cache.
[2019.05.02-22.49.13:496][  0]LogDerivedDataCache: Unable to find inner node CompressedPak for hierarchical cache Hierarchy.
[2019.05.02-22.49.13:509][  0]LogDerivedDataCache: Display: Pak cache opened for reading ../../../Engine/DerivedDataCache/Compressed.ddp.
[2019.05.02-22.49.13:509][  0]LogDerivedDataCache: FDerivedDataBackendGraph:  EnterprisePak pak cache file ../../../Enterprise/DerivedDataCache/Compressed.ddp not found, will not use a pak cache.
[2019.05.02-22.49.13:509][  0]LogDerivedDataCache: Unable to find inner node EnterprisePak for hierarchical cache Hierarchy.
[2019.05.02-22.49.13:521][  0]LogDerivedDataCache: Using Local data cache path D:/Profiles/kwb6721/AppData/Local/UnrealEngine/Common/DerivedDataCache: Writable
[2019.05.02-22.49.13:521][  0]LogDerivedDataCache: Shared data cache path not found in *engine.ini, will not use an Shared cache.
[2019.05.02-22.49.13:521][  0]LogDerivedDataCache: Unable to find inner node Shared for hierarchical cache Hierarchy.
[2019.05.02-22.49.13:541][  0]LogMaterial: Verifying Global Shaders for PCD3D_SM5
[2019.05.02-22.49.13:542][  0]LogSlate: Using FreeType 2.6.0
[2019.05.02-22.49.13:543][  0]LogSlate: SlateFontServices - WITH_FREETYPE: 1, WITH_HARFBUZZ: 1
[2019.05.02-22.49.13:620][  0]LogAssetRegistry: FAssetRegistry took 0.0360 seconds to start up
[2019.05.02-22.49.13:895][  0]LogInit: Selected Device Profile: [Windows]
[2019.05.02-22.49.14:038][  0]LogSimplygon: Simplygon DLL not present - disabling.
[2019.05.02-22.49.14:041][  0]LogMeshReduction: Using SimplygonSwarm for distributed automatic mesh merging
[2019.05.02-22.49.14:041][  0]LogMeshReduction: Using ProxyLODMeshReduction for automatic mesh merging
[2019.05.02-22.49.14:041][  0]LogMeshReduction: Using QuadricMeshReduction for automatic static mesh reduction
[2019.05.02-22.49.14:041][  0]LogMeshReduction: No automatic skeletal mesh reduction module available
[2019.05.02-22.49.14:055][  0]LogNetVersion: VRLevel 1.0.0, NetCL: 4541578, EngineNetVer: 5, GameNetVer: 0 (Checksum: 341503009)
[2019.05.02-22.49.16:309][  0]LogPackageLocalizationCache: Processed 12 localized package path(s) for 2 prioritized culture(s) in 1.837469 seconds
[2019.05.02-22.49.16:316][  0]LogUObjectArray: 39679 objects as part of root set at end of initial load.
[2019.05.02-22.49.16:316][  0]LogUObjectAllocator: 6899216 out of 0 bytes used by permanent object pool.
[2019.05.02-22.49.16:316][  0]LogUObjectArray: CloseDisregardForGC: 0/0 objects in disregard for GC pool
[2019.05.02-22.49.17:104][  0]LogTcpMessaging: Initializing TcpMessaging bridge
[2019.05.02-22.49.17:118][  0]LogUdpMessaging: Initializing bridge on interface 0.0.0.0:0 to multicast group 230.0.0.1:6666.
[2019.05.02-22.49.17:118][  0]LogDirectoryWatcher: A directory notification failed for 'Z:/IGMProfile/Documents/GroupDFinal/demo2/Content/' because it was empty or there was a buffer overflow. Attemping another request...
[2019.05.02-22.49.17:254][  0]SourceControl: Source control is disabled
[2019.05.02-22.49.17:254][  0]SourceControl: Source control is disabled
[2019.05.02-22.49.17:255][  0]SourceControl: Source control is disabled
[2019.05.02-22.49.17:256][  0]SourceControl: Source control is disabled
[2019.05.02-22.49.17:447][  0]LogAndroidPermission: UAndroidPermissionCallbackProxy::GetInstance
[2019.05.02-22.49.17:702][  0]LogEngine: Initializing Engine...
[2019.05.02-22.49.17:705][  0]LogStats: UGameplayTagsManager::ConstructGameplayTagTree: ImportINI prefixes -  0.000 s
[2019.05.02-22.49.17:705][  0]LogStats: UGameplayTagsManager::ConstructGameplayTagTree: Construct from data asset -  0.000 s
[2019.05.02-22.49.17:706][  0]LogStats: UGameplayTagsManager::ConstructGameplayTagTree: ImportINI -  0.001 s
[2019.05.02-22.49.17:706][  0]LogStats: UGameplayTagsManager::ConstructGameplayTagTree: GameplayTagTreeChangedEvent.Broadcast -  0.000 s
[2019.05.02-22.49.17:956][  0]LogInit: Initializing FReadOnlyCVARCache
[2019.05.02-22.49.17:970][  0]LogAIModule: Creating AISystem for world Untitled
[2019.05.02-22.49.18:006][  0]LogInit: XAudio2 using 'DELL U2718Q (NVIDIA High Definition Audio)' : 2 channels at 48 kHz using 16 bits per sample (channel mask 0x3)
[2019.05.02-22.49.18:026][  0]LogInit: FAudioDevice initialized.
[2019.05.02-22.49.18:026][  0]LogNetVersion: Set ProjectVersion to 1.0.0.0. Version Checksum will be recalculated on next use.
[2019.05.02-22.49.18:131][  0]LogDerivedDataCache: Saved boot cache 0.10s 68MB D:/Profiles/kwb6721/AppData/Local/UnrealEngine/4.21/DerivedDataCache/Boot.ddc.
[2019.05.02-22.49.18:137][  0]LogInit: Texture streaming: Enabled
[2019.05.02-22.49.18:159][  0]LogEngineSessionManager: EngineSessionManager initialized
[2019.05.02-22.49.18:178][  0]LogInit: Transaction tracking system initialized
[2019.05.02-22.49.18:207][  0]BlueprintLog: New page: Editor Load
[2019.05.02-22.49.18:280][  0]LocalizationService: Localization service is disabled
[2019.05.02-22.49.18:848][  0]LogCook: Display: Max memory allowance for cook 16384mb min free memory 0mb
[2019.05.02-22.49.18:848][  0]LogCook: Display: Mobile HDR setting 1
[2019.05.02-22.49.18:848][  0]LogGameplayTags: Display: UGameplayTagsManager::DoneAddingNativeTags. DelegateIsBound: 0
[2019.05.02-22.49.18:848][  0]LogStats: UGameplayTagsManager::ConstructGameplayTagTree: ImportINI prefixes -  0.000 s
[2019.05.02-22.49.18:848][  0]LogStats: UGameplayTagsManager::ConstructGameplayTagTree: Construct from data asset -  0.000 s
[2019.05.02-22.49.18:848][  0]LogStats: UGameplayTagsManager::ConstructGameplayTagTree: ImportINI -  0.000 s
[2019.05.02-22.49.18:848][  0]LogStats: UGameplayTagsManager::ConstructGameplayTagTree: GameplayTagTreeChangedEvent.Broadcast -  0.000 s
[2019.05.02-22.49.19:010][  0]LogFileCache: Scanning file cache for directory 'Z:/IGMProfile/Documents/GroupDFinal/demo2/Content/' took 0.06s
[2019.05.02-22.49.19:010][  0]SourceControl: Source control is disabled
[2019.05.02-22.49.19:011][  0]Cmd: MAP LOAD FILE="Z:/IGMProfile/Documents/GroupDFinal/demo2/Content/VirtualRealityBP/Maps/MotionControllerMap.umap" TEMPLATE=0 SHOWPROGRESS=1 FEATURELEVEL=3
[2019.05.02-22.49.19:011][  0]LightingResults: New page: Lighting Build
[2019.05.02-22.49.19:013][  0]MapCheck: New page: Map Check
[2019.05.02-22.49.19:013][  0]LightingResults: New page: Lighting Build
[2019.05.02-22.49.23:519][  0]LogLinker: Warning: Can't find file '/Game/VirtualRealityBP/Maps/lambert1'
[2019.05.02-22.49.23:519][  0]LogLinker: Warning: Can't find file for asset '/Game/VirtualRealityBP/Maps/lambert1' while loading Z:/IGMProfile/Documents/GroupDFinal/demo2/Content/VirtualRealityBP/Models/Keycard_01.uasset.
[2019.05.02-22.49.23:519][  0]LoadErrors: Error: /Game/VirtualRealityBP/Models/Keycard_01 : Can't find file for asset. /Game/VirtualRealityBP/Maps/lambert1
[2019.05.02-22.49.23:519][  0]LogLinker: Warning: Can't find file '/Game/VirtualRealityBP/Maps/lambert1'
[2019.05.02-22.49.23:519][  0]LogLinker: Warning: Can't find file for asset '/Game/VirtualRealityBP/Maps/lambert1' while loading Z:/IGMProfile/Documents/GroupDFinal/demo2/Content/VirtualRealityBP/Models/Keycard_01.uasset.
[2019.05.02-22.49.23:519][  0]LoadErrors: Error: /Game/VirtualRealityBP/Models/Keycard_01 : Can't find file for asset. /Game/VirtualRealityBP/Maps/lambert1
[2019.05.02-22.49.23:806][  0]LogLinker: Warning: Can't find file '/Game/VirtualRealityBP/Maps/MotionControllerMap_BuiltData'
[2019.05.02-22.49.23:807][  0]LogLinker: Warning: Can't find file for asset '/Game/VirtualRealityBP/Maps/MotionControllerMap_BuiltData' while loading Z:/IGMProfile/Documents/GroupDFinal/demo2/Content/VirtualRealityBP/Maps/MotionControllerMap.umap.
[2019.05.02-22.49.23:807][  0]LoadErrors: Error: /Game/VirtualRealityBP/Maps/MotionControllerMap : Can't find file for asset. /Game/VirtualRealityBP/Maps/MotionControllerMap_BuiltData
[2019.05.02-22.49.24:008][  0]LogLinker: Warning: Can't find file '/Game/VirtualRealityBP/Maps/MotionControllerMap_BuiltData'
[2019.05.02-22.49.24:008][  0]LogLinker: Warning: Can't find file for asset '/Game/VirtualRealityBP/Maps/MotionControllerMap_BuiltData' while loading Z:/IGMProfile/Documents/GroupDFinal/demo2/Content/VirtualRealityBP/Maps/MotionControllerMap.umap.
[2019.05.02-22.49.24:008][  0]LoadErrors: Error: /Game/VirtualRealityBP/Maps/MotionControllerMap : Can't find file for asset. /Game/VirtualRealityBP/Maps/MotionControllerMap_BuiltData
[2019.05.02-22.49.24:027][  0]LogLinker: Warning: Can't find file '/Game/VirtualRealityBP/Maps/MotionControllerMap_BuiltData'
[2019.05.02-22.49.24:027][  0]LogLinker: Warning: Can't find file for asset '/Game/VirtualRealityBP/Maps/MotionControllerMap_BuiltData' while loading NULL.
[2019.05.02-22.49.24:028][  0]LogLinker: Warning: Can't find file '/Game/VirtualRealityBP/Maps/MotionControllerMap_BuiltData'
[2019.05.02-22.49.24:028][  0]LogLinker: Warning: Can't find file for asset '/Game/VirtualRealityBP/Maps/MotionControllerMap_BuiltData' while loading NULL.
[2019.05.02-22.49.24:311][  0]LogLinker: Warning: Can't find file '/Game/VirtualRealityBP/Maps/MotionControllerMap_BuiltData'
[2019.05.02-22.49.24:311][  0]LoadErrors: Failed to load /Game/VirtualRealityBP/Maps/MotionControllerMap_BuiltData.MotionControllerMap_BuiltData Referenced by PersistentLevel
[2019.05.02-22.49.24:311][  0]LogLinker: Warning: Can't find file for asset '/Game/VirtualRealityBP/Maps/MotionControllerMap_BuiltData' while loading NULL.
[2019.05.02-22.49.24:311][  0]LoadErrors: Failed to load /Game/VirtualRealityBP/Maps/MotionControllerMap_BuiltData.MotionControllerMap_BuiltData Referenced by PersistentLevel
[2019.05.02-22.49.24:378][  0]LogLinker: Warning: Can't find file '/Game/VirtualRealityBP/Maps/lambert1'
[2019.05.02-22.49.24:379][  0]LoadErrors: Failed to load /Game/VirtualRealityBP/Maps/lambert1.lambert1 Referenced by Keycard_01
[2019.05.02-22.49.24:379][  0]LogLinker: Warning: Can't find file for asset '/Game/VirtualRealityBP/Maps/lambert1' while loading NULL.
[2019.05.02-22.49.24:379][  0]LoadErrors: Failed to load /Game/VirtualRealityBP/Maps/lambert1.lambert1 Referenced by Keycard_01
[2019.05.02-22.49.24:379][  0]LogLinker: Warning: Can't find file '/Game/VirtualRealityBP/Maps/lambert1'
[2019.05.02-22.49.24:379][  0]LoadErrors: Failed to load /Game/VirtualRealityBP/Maps/lambert1.lambert1 Referenced by Keycard_01
[2019.05.02-22.49.24:379][  0]LogLinker: Warning: Can't find file for asset '/Game/VirtualRealityBP/Maps/lambert1' while loading NULL.
[2019.05.02-22.49.24:379][  0]LoadErrors: Failed to load /Game/VirtualRealityBP/Maps/lambert1.lambert1 Referenced by Keycard_01
[2019.05.02-22.49.25:302][  0]LogAIModule: Creating AISystem for world MotionControllerMap
[2019.05.02-22.49.25:339][  0]LogEditorServer: Finished looking for orphan Actors (0.000 secs)
[2019.05.02-22.49.25:383][  0]Cmd: MAP CHECKDEP NOCLEARLOG
[2019.05.02-22.49.25:384][  0]MapCheck: Map check complete: 0 Error(s), 0 Warning(s), took 0.384ms to complete.
[2019.05.02-22.49.25:384][  0]LogFileHelpers: Loading map 'MotionControllerMap' took 6.374
[2019.05.02-22.49.25:472][  0]LogSlate: Updating window title bar state: overlay mode, drag disabled, window buttons hidden, title bar hidden
[2019.05.02-22.49.25:478][  0]LogSlate: Updating window title bar state: overlay mode, drag disabled, window buttons hidden, title bar hidden
[2019.05.02-22.49.25:483][  0]LogSlate: Updating window title bar state: overlay mode, drag disabled, window buttons hidden, title bar hidden
[2019.05.02-22.49.25:488][  0]LogSlate: Updating window title bar state: overlay mode, drag disabled, window buttons hidden, title bar hidden
[2019.05.02-22.49.25:495][  0]LogCollectionManager: Loaded 0 collections in 0.003602 seconds
[2019.05.02-22.49.25:545][  0]LogFileCache: Scanning file cache for directory 'Z:/IGMProfile/Documents/GroupDFinal/demo2/Saved/Collections/' took 0.01s
[2019.05.02-22.49.25:545][  0]LogFileCache: Scanning file cache for directory 'Z:/IGMProfile/Documents/GroupDFinal/demo2/Content/Developers/kwb6721/Collections/' took 0.01s
[2019.05.02-22.49.25:545][  0]LogFileCache: Scanning file cache for directory 'Z:/IGMProfile/Documents/GroupDFinal/demo2/Content/Collections/' took 0.01s
[2019.05.02-22.49.25:545][  0]LogCollectionManager: Rebuilt the GUID cache for 0 collections in 0.000001 seconds
[2019.05.02-22.49.25:561][  0]LogContentBrowser: Native class hierarchy populated in 0.0163 seconds. Added 2673 classes and 631 folders.
[2019.05.02-22.49.25:569][  0]LogContentBrowser: Native class hierarchy updated for 'WidgetCarousel' in 0.0003 seconds. Added 0 classes and 0 folders.
[2019.05.02-22.49.25:570][  0]LogPakFile: Registered encryption key '00000000000000000000000000000000': 0 pak files mounted, 0 remain pending
[2019.05.02-22.49.25:571][  0]LogPakFile: Registered encryption key '00000000000000000000000000000000': 0 pak files mounted, 0 remain pending
[2019.05.02-22.49.25:571][  0]LogPakFile: Registered encryption key '00000000000000000000000000000000': 0 pak files mounted, 0 remain pending
[2019.05.02-22.49.25:572][  0]LogPakFile: Registered encryption key '00000000000000000000000000000000': 0 pak files mounted, 0 remain pending
[2019.05.02-22.49.25:572][  0]LogPakFile: Registered encryption key '00000000000000000000000000000000': 0 pak files mounted, 0 remain pending
[2019.05.02-22.49.25:573][  0]LogPakFile: Registered encryption key '00000000000000000000000000000000': 0 pak files mounted, 0 remain pending
[2019.05.02-22.49.25:573][  0]LogPakFile: Registered encryption key '00000000000000000000000000000000': 0 pak files mounted, 0 remain pending
[2019.05.02-22.49.25:573][  0]LogPakFile: Registered encryption key '00000000000000000000000000000000': 0 pak files mounted, 0 remain pending
[2019.05.02-22.49.25:574][  0]LogPakFile: Registered encryption key '00000000000000000000000000000000': 0 pak files mounted, 0 remain pending
[2019.05.02-22.49.25:574][  0]LogPakFile: Registered encryption key '00000000000000000000000000000000': 0 pak files mounted, 0 remain pending
[2019.05.02-22.49.25:575][  0]LogPakFile: Registered encryption key '00000000000000000000000000000000': 0 pak files mounted, 0 remain pending
[2019.05.02-22.49.25:575][  0]LogPakFile: Registered encryption key '00000000000000000000000000000000': 0 pak files mounted, 0 remain pending
[2019.05.02-22.49.25:576][  0]LogPakFile: Registered encryption key '00000000000000000000000000000000': 0 pak files mounted, 0 remain pending
[2019.05.02-22.49.25:576][  0]LogPakFile: Registered encryption key '00000000000000000000000000000000': 0 pak files mounted, 0 remain pending
[2019.05.02-22.49.25:576][  0]LogPakFile: Registered encryption key '00000000000000000000000000000000': 0 pak files mounted, 0 remain pending
[2019.05.02-22.49.25:577][  0]LogPakFile: Registered encryption key '00000000000000000000000000000000': 0 pak files mounted, 0 remain pending
[2019.05.02-22.49.25:577][  0]LogPakFile: Registered encryption key '00000000000000000000000000000000': 0 pak files mounted, 0 remain pending
[2019.05.02-22.49.25:578][  0]LogPakFile: Registered encryption key '00000000000000000000000000000000': 0 pak files mounted, 0 remain pending
[2019.05.02-22.49.25:578][  0]LogPakFile: Registered encryption key '00000000000000000000000000000000': 0 pak files mounted, 0 remain pending
[2019.05.02-22.49.25:578][  0]LogPakFile: Registered encryption key '00000000000000000000000000000000': 0 pak files mounted, 0 remain pending
[2019.05.02-22.49.25:579][  0]LogPakFile: Registered encryption key '00000000000000000000000000000000': 0 pak files mounted, 0 remain pending
[2019.05.02-22.49.25:579][  0]LogPakFile: Registered encryption key '00000000000000000000000000000000': 0 pak files mounted, 0 remain pending
[2019.05.02-22.49.25:580][  0]LogPakFile: Registered encryption key '00000000000000000000000000000000': 0 pak files mounted, 0 remain pending
[2019.05.02-22.49.25:580][  0]LogPakFile: Registered encryption key '00000000000000000000000000000000': 0 pak files mounted, 0 remain pending
[2019.05.02-22.49.25:580][  0]LogPakFile: Registered encryption key '00000000000000000000000000000000': 0 pak files mounted, 0 remain pending
[2019.05.02-22.49.25:581][  0]LogPakFile: Registered encryption key '00000000000000000000000000000000': 0 pak files mounted, 0 remain pending
[2019.05.02-22.49.25:601][  0]LogContentBrowser: Native class hierarchy updated for 'AddContentDialog' in 0.0002 seconds. Added 0 classes and 0 folders.
[2019.05.02-22.49.25:605][  0]LogContentBrowser: Native class hierarchy updated for 'SceneOutliner' in 0.0002 seconds. Added 1 classes and 2 folders.
[2019.05.02-22.49.25:623][  0]LogSlate: Took 0.000143 seconds to synchronously load lazily loaded font '../../../Engine/Content/Slate/Fonts/Roboto-Regular.ttf' (155K)
[2019.05.02-22.49.25:624][  0]LogSlate: Took 0.000114 seconds to synchronously load lazily loaded font '../../../Engine/Content/Slate/Fonts/Roboto-Bold.ttf' (160K)
[2019.05.02-22.49.25:627][  0]LogSlate: Took 0.000153 seconds to synchronously load lazily loaded font '../../../Engine/Content/Editor/Slate/Fonts/FontAwesome.ttf' (139K)
[2019.05.02-22.49.25:703][  0]LogRenderer: Reallocating scene render targets to support 720x720 Format 10 NumSamples 1 (Frame:1).
[2019.05.02-22.49.25:747][  0]LogRenderer: Reallocating scene render targets to support 1288x720 Format 26 NumSamples 1 (Frame:1).
[2019.05.02-22.49.25:873][  0]LogContentBrowser: Native class hierarchy updated for 'HierarchicalLODOutliner' in 0.0006 seconds. Added 0 classes and 0 folders.
[2019.05.02-22.49.25:874][  0]LogLoad: (Engine Initialization) Total time: 19.26 seconds
[2019.05.02-22.49.25:874][  0]LogLoad: (Engine Initialization) Total Blueprint compile time: 0.00 seconds
[2019.05.02-22.49.25:956][  0]LogDirectoryWatcher: A directory notification failed for 'Z:/IGMProfile/Documents/GroupDFinal/demo2/Content/' because it was empty or there was a buffer overflow. Attemping another request...
[2019.05.02-22.49.25:957][  0]LogDirectoryWatcher: A directory notification failed for 'Z:/IGMProfile/Documents/GroupDFinal/demo2/Content/', and we were unable to create a new request.
[2019.05.02-22.49.25:957][  0]LogDirectoryWatcher: A directory notification failed for 'Z:/IGMProfile/Documents/GroupDFinal/demo2/Saved/Collections/' because it was empty or there was a buffer overflow. Attemping another request...
[2019.05.02-22.49.25:957][  0]LogDirectoryWatcher: A directory notification failed for 'Z:/IGMProfile/Documents/GroupDFinal/demo2/Content/Developers/kwb6721/Collections/' because it was empty or there was a buffer overflow. Attemping another request...
[2019.05.02-22.49.25:957][  0]LogDirectoryWatcher: A directory notification failed for 'Z:/IGMProfile/Documents/GroupDFinal/demo2/Content/Collections/' because it was empty or there was a buffer overflow. Attemping another request...
[2019.05.02-22.49.25:959][  0]LogContentStreaming: Texture pool size now 1000 MB
[2019.05.02-22.49.25:961][  0]LogSlate: FSceneViewport::OnFocusLost() reason 2
[2019.05.02-22.49.26:015][  1]LogFileCache: Retrieving MD5 hashes for directory 'Z:/IGMProfile/Documents/GroupDFinal/demo2/Content/' took 0.12s
[2019.05.02-22.49.26:073][  1]LogDirectoryWatcher: A directory notification failed for 'Z:/IGMProfile/Documents/GroupDFinal/demo2/Saved/Collections/' because it was empty or there was a buffer overflow. Attemping another request...
[2019.05.02-22.49.26:074][  1]LogDirectoryWatcher: A directory notification failed for 'Z:/IGMProfile/Documents/GroupDFinal/demo2/Saved/Collections/', and we were unable to create a new request.
[2019.05.02-22.49.26:074][  1]LogDirectoryWatcher: A directory notification failed for 'Z:/IGMProfile/Documents/GroupDFinal/demo2/Content/Developers/kwb6721/Collections/' because it was empty or there was a buffer overflow. Attemping another request...
[2019.05.02-22.49.26:074][  1]LogDirectoryWatcher: A directory notification failed for 'Z:/IGMProfile/Documents/GroupDFinal/demo2/Content/Developers/kwb6721/Collections/', and we were unable to create a new request.
[2019.05.02-22.49.26:074][  1]LogDirectoryWatcher: A directory notification failed for 'Z:/IGMProfile/Documents/GroupDFinal/demo2/Content/Collections/' because it was empty or there was a buffer overflow. Attemping another request...
[2019.05.02-22.49.26:075][  1]LogDirectoryWatcher: A directory notification failed for 'Z:/IGMProfile/Documents/GroupDFinal/demo2/Content/Collections/', and we were unable to create a new request.
[2019.05.02-22.49.26:238][  4]LogAssetRegistry: Asset discovery search completed in 12.6395 seconds
[2019.05.02-22.49.26:239][  4]LogCollectionManager: Rebuilt the object cache for 0 collections in 0.000000 seconds (found 0 objects)
[2019.05.02-22.49.26:239][  4]LogCollectionManager: Fixed up redirectors for 0 collections in 0.000040 seconds (updated 0 objects)
[2019.05.02-22.49.26:909][ 75]LogSlate: Took 0.000145 seconds to synchronously load lazily loaded font '../../../Engine/Content/Slate/Fonts/Roboto-Light.ttf' (167K)
[2019.05.02-22.49.30:867][531]LogSlate: Window 'Message Log' being destroyed
[2019.05.02-22.49.30:869][531]LogSlate: Window 'Message Log' being destroyed
[2019.05.02-22.49.55:137][991]LogSlate: FSceneViewport::OnFocusLost() reason 0
[2019.05.02-22.49.55:600][  6]LogSlate: Window 'VRLevel - Unreal Editor' being destroyed
[2019.05.02-22.49.55:602][  6]LogWindowsTextInputMethodSystem: Display: IME system now deactivated.
[2019.05.02-22.49.55:915][  7]Cmd: QUIT_EDITOR
[2019.05.02-22.49.56:057][  7]LogExit: Preparing to exit.
[2019.05.02-22.49.57:219][  7]LogExit: Editor shut down
[2019.05.02-22.49.57:219][  7]LogExit: Transaction tracking system shut down
[2019.05.02-22.49.57:917][  7]LogExit: Object subsystem successfully closed.
[2019.05.02-22.49.57:952][  7]LogShaderCompilers: Display: Shaders left to compile 0
[2019.05.02-22.49.57:958][  7]LogD3D11RHI: Shutdown
[2019.05.02-22.49.57:958][  7]LogD3D11RHI: CleanupD3DDevice
[2019.05.02-22.49.57:960][  7]LogD3D11RHI: ~FD3D11DynamicRHI
[2019.05.02-22.49.57:976][  7]LogModuleManager: Shutting down and abandoning module HierarchicalLODOutliner (632)
[2019.05.02-22.49.57:976][  7]LogModuleManager: Shutting down and abandoning module SceneOutliner (630)
[2019.05.02-22.49.57:976][  7]LogModuleManager: Shutting down and abandoning module AddContentDialog (628)
[2019.05.02-22.49.57:977][  7]LogModuleManager: Shutting down and abandoning module WidgetCarousel (627)
[2019.05.02-22.49.57:977][  7]LogModuleManager: Shutting down and abandoning module EditorWidgets (624)
[2019.05.02-22.49.57:977][  7]LogModuleManager: Shutting down and abandoning module CollectionManager (622)
[2019.05.02-22.49.57:977][  7]LogModuleManager: Shutting down and abandoning module StatsViewer (620)
[2019.05.02-22.49.57:977][  7]LogModuleManager: Shutting down and abandoning module FoliageEdit (618)
[2019.05.02-22.49.57:977][  7]LogModuleManager: Shutting down and abandoning module LandscapeEditor (616)
[2019.05.02-22.49.57:977][  7]LogModuleManager: Shutting down and abandoning module MeshPaintMode (614)
[2019.05.02-22.49.57:977][  7]LogModuleManager: Shutting down and abandoning module SceneDepthPickerMode (612)
[2019.05.02-22.49.57:977][  7]LogModuleManager: Shutting down and abandoning module ActorPickerMode (610)
[2019.05.02-22.49.57:977][  7]LogModuleManager: Shutting down and abandoning module GeometryMode (608)
[2019.05.02-22.49.57:977][  7]LogModuleManager: Shutting down and abandoning module TextureAlignMode (606)
[2019.05.02-22.49.57:977][  7]LogModuleManager: Shutting down and abandoning module BspMode (604)
[2019.05.02-22.49.57:977][  7]LogModuleManager: Shutting down and abandoning module PIEPreviewDeviceProfileSelector (602)
[2019.05.02-22.49.57:977][  7]LogModuleManager: Shutting down and abandoning module SequenceRecorderSections (600)
[2019.05.02-22.49.57:977][  7]LogModuleManager: Shutting down and abandoning module AutomationWorker (598)
[2019.05.02-22.49.57:977][  7]LogModuleManager: Shutting down and abandoning module MixedRealityCaptureFramework (596)
[2019.05.02-22.49.57:977][  7]LogModuleManager: Shutting down and abandoning module AudioCaptureEditor (594)
[2019.05.02-22.49.57:977][  7]LogModuleManager: Shutting down and abandoning module MatineeToLevelSequence (592)
[2019.05.02-22.49.57:977][  7]LogModuleManager: Shutting down and abandoning module LevelSequenceEditor (590)
[2019.05.02-22.49.57:977][  7]LogModuleManager: Shutting down and abandoning module PlacementMode (589)
[2019.05.02-22.49.57:977][  7]LogModuleManager: Shutting down and abandoning module MaterialEditor (588)
[2019.05.02-22.49.57:977][  7]LogModuleManager: Shutting down and abandoning module WmfMediaFactory (584)
[2019.05.02-22.49.57:977][  7]LogModuleManager: Shutting down and abandoning module WmfMediaEditor (582)
[2019.05.02-22.49.57:977][  7]LogModuleManager: Shutting down and abandoning module WebMMediaFactory (580)
[2019.05.02-22.49.57:977][  7]LogModuleManager: Shutting down and abandoning module WebMMediaEditor (578)
[2019.05.02-22.49.57:977][  7]LogModuleManager: Shutting down and abandoning module WebMMedia (576)
[2019.05.02-22.49.57:977][  7]LogModuleManager: Shutting down and abandoning module MediaPlayerEditor (574)
[2019.05.02-22.49.57:977][  7]LogModuleManager: Shutting down and abandoning module MediaCompositingEditor (572)
[2019.05.02-22.49.57:977][  7]LogModuleManager: Shutting down and abandoning module SequenceRecorder (571)
[2019.05.02-22.49.57:977][  7]LogModuleManager: Shutting down and abandoning module OpenExrWrapper (568)
[2019.05.02-22.49.57:977][  7]LogModuleManager: Shutting down and abandoning module ImgMediaFactory (566)
[2019.05.02-22.49.57:977][  7]LogModuleManager: Shutting down and abandoning module ImgMediaEditor (564)
[2019.05.02-22.49.57:977][  7]LogModuleManager: Shutting down and abandoning module AvfMediaFactory (562)
[2019.05.02-22.49.57:977][  7]LogModuleManager: Shutting down and abandoning module AvfMediaEditor (560)
[2019.05.02-22.49.57:977][  7]LogModuleManager: Shutting down and abandoning module AndroidMediaFactory (558)
[2019.05.02-22.49.57:977][  7]LogModuleManager: Shutting down and abandoning module AndroidMediaEditor (556)
[2019.05.02-22.49.57:977][  7]LogModuleManager: Shutting down and abandoning module MagicLeapCameraPreviewFactory (554)
[2019.05.02-22.49.57:977][  7]LogModuleManager: Shutting down and abandoning module MagicLeapMediaFactory (552)
[2019.05.02-22.49.57:978][  7]LogModuleManager: Shutting down and abandoning module MagicLeapMediaEditor (550)
[2019.05.02-22.49.57:978][  7]LogModuleManager: Shutting down and abandoning module CharacterAI (548)
[2019.05.02-22.49.57:978][  7]LogModuleManager: Shutting down and abandoning module SmartSnapping (546)
[2019.05.02-22.49.57:978][  7]LogModuleManager: Shutting down and abandoning module SessionServices (544)
[2019.05.02-22.49.57:978][  7]LogModuleManager: Shutting down and abandoning module ViewportSnapping (542)
[2019.05.02-22.49.57:978][  7]LogModuleManager: Shutting down and abandoning module ViewportInteraction (540)
[2019.05.02-22.49.57:978][  7]LogModuleManager: Shutting down and abandoning module ClothPainter (538)
[2019.05.02-22.49.57:978][  7]LogModuleManager: Shutting down and abandoning module SkeletalMeshEditor (537)
[2019.05.02-22.49.57:978][  7]LogModuleManager: Shutting down and abandoning module LogVisualizer (534)
[2019.05.02-22.49.57:978][  7]LogModuleManager: Shutting down and abandoning module IntroTutorials (532)
[2019.05.02-22.49.57:978][  7]LogModuleManager: Shutting down and abandoning module GameProjectGeneration (531)
[2019.05.02-22.49.57:978][  7]LogModuleManager: Shutting down and abandoning module LuminPlatformEditor (528)
[2019.05.02-22.49.57:978][  7]LogModuleManager: Shutting down and abandoning module IOSPlatformEditor (526)
[2019.05.02-22.49.57:978][  7]LogModuleManager: Shutting down and abandoning module HTML5PlatformEditor (524)
[2019.05.02-22.49.57:978][  7]LogModuleManager: Shutting down and abandoning module AndroidPlatformEditor (522)
[2019.05.02-22.49.57:978][  7]LogModuleManager: Shutting down and abandoning module AndroidDeviceDetection (521)
[2019.05.02-22.49.58:642][  7]LogModuleManager: Shutting down and abandoning module WindowsPlatformEditor (518)
[2019.05.02-22.49.58:643][  7]LogModuleManager: Shutting down and abandoning module LuminRuntimeSettings (516)
[2019.05.02-22.49.58:643][  7]LogModuleManager: Shutting down and abandoning module IOSRuntimeSettings (514)
[2019.05.02-22.49.58:643][  7]LogModuleManager: Shutting down and abandoning module AndroidRuntimeSettings (512)
[2019.05.02-22.49.58:643][  7]LogModuleManager: Shutting down and abandoning module TimeManagementEditor (510)
[2019.05.02-22.49.58:643][  7]LogModuleManager: Shutting down and abandoning module InputBindingEditor (508)
[2019.05.02-22.49.58:643][  7]LogModuleManager: Shutting down and abandoning module MergeActors (506)
[2019.05.02-22.49.58:643][  7]LogModuleManager: Shutting down and abandoning module LocalizationDashboard (504)
[2019.05.02-22.49.58:643][  7]LogModuleManager: Shutting down and abandoning module LocalizationService (503)
[2019.05.02-22.49.58:643][  7]LogModuleManager: Shutting down and abandoning module HardwareTargeting (500)
[2019.05.02-22.49.58:643][  7]LogModuleManager: Shutting down and abandoning module DeviceProfileEditor (498)
[2019.05.02-22.49.58:643][  7]LogModuleManager: Shutting down and abandoning module UndoHistory (496)
[2019.05.02-22.49.58:643][  7]LogModuleManager: Shutting down and abandoning module XmlParser (494)
[2019.05.02-22.49.58:643][  7]LogModuleManager: Shutting down and abandoning module Blutility (492)
[2019.05.02-22.49.58:643][  7]LogModuleManager: Shutting down and abandoning module ProjectSettingsViewer (490)
[2019.05.02-22.49.58:643][  7]LogModuleManager: Shutting down and abandoning module ProjectTargetPlatformEditor (489)
[2019.05.02-22.49.58:643][  7]LogModuleManager: Shutting down and abandoning module EditorSettingsViewer (486)
[2019.05.02-22.49.58:643][  7]LogModuleManager: Shutting down and abandoning module SettingsEditor (484)
[2019.05.02-22.49.58:645][  7]LogModuleManager: Shutting down and abandoning module ProjectLauncher (482)
[2019.05.02-22.49.58:645][  7]LogModuleManager: Shutting down and abandoning module SessionFrontend (480)
[2019.05.02-22.49.58:645][  7]LogModuleManager: Shutting down and abandoning module ProfilerClient (478)
[2019.05.02-22.49.58:645][  7]LogModuleManager: Shutting down and abandoning module DeviceManager (476)
[2019.05.02-22.49.58:645][  7]LogModuleManager: Shutting down and abandoning module TargetDeviceServices (475)
[2019.05.02-22.49.58:709][  7]LogModuleManager: Shutting down and abandoning module AutomationController (472)
[2019.05.02-22.49.58:709][  7]LogModuleManager: Shutting down and abandoning module AutomationWindow (470)
[2019.05.02-22.49.58:709][  7]LogModuleManager: Shutting down and abandoning module Layers (468)
[2019.05.02-22.49.58:709][  7]LogModuleManager: Shutting down and abandoning module ComponentVisualizers (466)
[2019.05.02-22.49.58:709][  7]LogModuleManager: Shutting down and abandoning module DetailCustomizations (464)
[2019.05.02-22.49.58:709][  7]LogModuleManager: Shutting down and abandoning module PackagesDialog (462)
[2019.05.02-22.49.58:709][  7]LogModuleManager: Shutting down and abandoning module Persona (460)
[2019.05.02-22.49.58:709][  7]LogModuleManager: Shutting down and abandoning module AdvancedPreviewScene (459)
[2019.05.02-22.49.58:709][  7]LogModuleManager: Shutting down and abandoning module AnimGraph (457)
[2019.05.02-22.49.58:709][  7]LogModuleManager: Shutting down and abandoning module Kismet (454)
[2019.05.02-22.49.58:710][  7]LogModuleManager: Shutting down and abandoning module GraphEditor (452)
[2019.05.02-22.49.58:711][  7]LogModuleManager: Shutting down and abandoning module ClassViewer (450)
[2019.05.02-22.49.58:711][  7]LogModuleManager: Shutting down and abandoning module Toolbox (448)
[2019.05.02-22.49.58:711][  7]LogModuleManager: Shutting down and abandoning module ModuleUI (446)
[2019.05.02-22.49.58:711][  7]LogModuleManager: Shutting down and abandoning module MovieSceneTools (444)
[2019.05.02-22.49.58:711][  7]LogModuleManager: Shutting down and abandoning module OutputLog (442)
[2019.05.02-22.49.58:711][  7]LogModuleManager: Shutting down and abandoning module GammaUI (440)
[2019.05.02-22.49.58:711][  7]LogModuleManager: Shutting down and abandoning module Documentation (438)
[2019.05.02-22.49.58:711][  7]LogModuleManager: Shutting down and abandoning module MovieSceneTracks (436)
[2019.05.02-22.49.58:711][  7]LogModuleManager: Shutting down and abandoning module MovieScene (434)
[2019.05.02-22.49.58:711][  7]LogModuleManager: Shutting down and abandoning module StreamingPauseRendering (432)
[2019.05.02-22.49.58:711][  7]LogModuleManager: Shutting down and abandoning module LauncherPlatform (430)
[2019.05.02-22.49.58:711][  7]LogModuleManager: Shutting down and abandoning module AnalyticsET (428)
[2019.05.02-22.49.58:711][  7]LogModuleManager: Shutting down and abandoning module PortalServices (426)
[2019.05.02-22.49.58:711][  7]LogModuleManager: Shutting down and abandoning module PortalRpc (424)
[2019.05.02-22.49.58:711][  7]LogModuleManager: Shutting down and abandoning module MessagingRpc (422)
[2019.05.02-22.49.58:711][  7]LogModuleManager: Shutting down and abandoning module AIModule (420)
[2019.05.02-22.49.58:711][  7]LogModuleManager: Shutting down and abandoning module GameplayDebugger (419)
[2019.05.02-22.49.58:712][  7]LogModuleManager: Shutting down and abandoning module AITestSuite (417)
[2019.05.02-22.49.58:712][  7]LogModuleManager: Shutting down and abandoning module NavigationSystem (415)
[2019.05.02-22.49.58:712][  7]LogModuleManager: Shutting down and abandoning module DesktopPlatform (412)
[2019.05.02-22.49.58:712][  7]LogModuleManager: Shutting down and abandoning module ImageWriteQueue (410)
[2019.05.02-22.49.58:719][  7]LogModuleManager: Shutting down and abandoning module ProfilerService (408)
[2019.05.02-22.49.58:899][  7]LogModuleManager: Shutting down and abandoning module TaskGraph (406)
[2019.05.02-22.49.58:899][  7]LogModuleManager: Shutting down and abandoning module SteamVRController (404)
[2019.05.02-22.49.58:899][  7]LogModuleManager: Shutting down and abandoning module ProceduralMeshComponentEditor (402)
[2019.05.02-22.49.58:899][  7]LogModuleManager: Shutting down and abandoning module ProceduralMeshComponent (400)
[2019.05.02-22.49.58:899][  7]LogModuleManager: Shutting down and abandoning module MobilePatchingUtils (398)
[2019.05.02-22.49.58:899][  7]LogModuleManager: Shutting down and abandoning module EditableMesh (396)
[2019.05.02-22.49.58:899][  7]LogModuleManager: Shutting down and abandoning module CustomMeshComponent (394)
[2019.05.02-22.49.58:899][  7]LogModuleManager: Shutting down and abandoning module CableComponent (392)
[2019.05.02-22.49.58:900][  7]LogModuleManager: Shutting down and abandoning module AudioCapture (390)
[2019.05.02-22.49.58:900][  7]LogModuleManager: Shutting down and abandoning module ArchVisCharacter (388)
[2019.05.02-22.49.58:900][  7]LogModuleManager: Shutting down and abandoning module AndroidPermission (386)
[2019.05.02-22.49.58:900][  7]LogModuleManager: Shutting down and abandoning module NUTUnrealEngine4 (384)
[2019.05.02-22.49.58:900][  7]LogModuleManager: Shutting down and abandoning module NetcodeUnitTest (382)
[2019.05.02-22.49.58:900][  7]LogModuleManager: Shutting down and abandoning module MediaCompositing (380)
[2019.05.02-22.49.58:900][  7]LogModuleManager: Shutting down and abandoning module LinearTimecode (378)
[2019.05.02-22.49.58:900][  7]LogModuleManager: Shutting down and abandoning module ImgMedia (376)
[2019.05.02-22.49.58:909][  7]LogModuleManager: Shutting down and abandoning module HTML5Networking (374)
[2019.05.02-22.49.58:910][  7]LogModuleManager: Shutting down and abandoning module GeometryCacheTracks (372)
[2019.05.02-22.49.58:910][  7]LogModuleManager: Shutting down and abandoning module GeometryCacheSequencer (370)
[2019.05.02-22.49.58:910][  7]LogModuleManager: Shutting down and abandoning module BackChannel (368)
[2019.05.02-22.49.58:910][  7]LogModuleManager: Shutting down and abandoning module AppleVision (366)
[2019.05.02-22.49.58:910][  7]LogModuleManager: Shutting down and abandoning module AppleImageUtilsBlueprintSupport (364)
[2019.05.02-22.49.58:910][  7]LogModuleManager: Shutting down and abandoning module AppleImageUtils (362)
[2019.05.02-22.49.58:910][  7]LogModuleManager: Shutting down and abandoning module AlembicImporter (360)
[2019.05.02-22.49.58:910][  7]LogModuleManager: Shutting down and abandoning module AlembicLibrary (359)
[2019.05.02-22.49.58:910][  7]LogModuleManager: Shutting down and abandoning module GeometryCache (358)
[2019.05.02-22.49.58:910][  7]LogModuleManager: Shutting down and abandoning module GeometryCacheEd (357)
[2019.05.02-22.49.58:910][  7]LogModuleManager: Shutting down and abandoning module VariantManagerContent (352)
[2019.05.02-22.49.58:910][  7]LogModuleManager: Shutting down and abandoning module DatasmithContentEditor (350)
[2019.05.02-22.49.58:910][  7]LogModuleManager: Shutting down and abandoning module SpeedTreeImporter (348)
[2019.05.02-22.49.58:910][  7]LogModuleManager: Shutting down and abandoning module PluginBrowser (346)
[2019.05.02-22.49.58:910][  7]LogModuleManager: Shutting down and abandoning module MobileLauncherProfileWizard (344)
[2019.05.02-22.49.58:910][  7]LogModuleManager: Shutting down and abandoning module PolygonModeling (342)
[2019.05.02-22.49.58:910][  7]LogModuleManager: Shutting down and abandoning module MeshEditor (340)
[2019.05.02-22.49.58:910][  7]LogModuleManager: Shutting down and abandoning module CryptoKeysOpenSSL (338)
[2019.05.02-22.49.58:910][  7]LogModuleManager: Shutting down and abandoning module CryptoKeys (336)
[2019.05.02-22.49.58:910][  7]LogModuleManager: Shutting down and abandoning module VisualStudioSourceCodeAccess (334)
[2019.05.02-22.49.58:910][  7]LogModuleManager: Shutting down and abandoning module VisualStudioCodeSourceCodeAccess (332)
[2019.05.02-22.49.58:910][  7]LogModuleManager: Shutting down and abandoning module UObjectPlugin (330)
[2019.05.02-22.49.58:910][  7]LogModuleManager: Shutting down and abandoning module SubversionSourceControl (328)
[2019.05.02-22.49.58:911][  7]LogModuleManager: Shutting down and abandoning module PerforceSourceControl (326)
[2019.05.02-22.49.58:911][  7]LogModuleManager: Shutting down and abandoning module GitSourceControl (324)
[2019.05.02-22.49.58:911][  7]LogModuleManager: Shutting down and abandoning module SourceControl (323)
[2019.05.02-22.49.58:911][  7]LogModuleManager: Shutting down and abandoning module CLionSourceCodeAccess (320)
[2019.05.02-22.49.58:911][  7]LogModuleManager: Shutting down and abandoning module ActorLayerUtilitiesEditor (318)
[2019.05.02-22.49.58:911][  7]LogModuleManager: Shutting down and abandoning module ActorLayerUtilities (316)
[2019.05.02-22.49.58:911][  7]LogModuleManager: Shutting down and abandoning module LightPropagationVolumeEditor (314)
[2019.05.02-22.49.58:911][  7]LogModuleManager: Shutting down and abandoning module PaperTiledImporter (312)
[2019.05.02-22.49.58:911][  7]LogModuleManager: Shutting down and abandoning module PaperSpriteSheetImporter (310)
[2019.05.02-22.49.58:911][  7]LogModuleManager: Shutting down and abandoning module Paper2DEditor (308)
[2019.05.02-22.49.58:912][  7]LogModuleManager: Shutting down and abandoning module MeshPaint (307)
[2019.05.02-22.49.58:912][  7]LogModuleManager: Shutting down and abandoning module RuntimePhysXCooking (304)
[2019.05.02-22.49.58:912][  7]LogModuleManager: Shutting down and abandoning module PhysXVehiclesEditor (302)
[2019.05.02-22.49.58:912][  7]LogModuleManager: Shutting down and abandoning module PhysXVehicles (300)
[2019.05.02-22.49.58:912][  7]LogModuleManager: Shutting down and abandoning module LocationServicesBPLibrary (298)
[2019.05.02-22.49.58:912][  7]LogModuleManager: Shutting down and abandoning module ApexDestructionEditor (296)
[2019.05.02-22.49.58:912][  7]LogModuleManager: Shutting down and abandoning module ApexDestruction (294)
[2019.05.02-22.49.58:912][  7]LogModuleManager: Shutting down and abandoning module ActorSequence (292)
[2019.05.02-22.49.58:912][  7]LogModuleManager: Shutting down and abandoning module UdpMessaging (290)
[2019.05.02-22.49.59:013][  7]LogModuleManager: Shutting down and abandoning module TcpMessaging (288)
[2019.05.02-22.49.59:114][  7]LogModuleManager: Shutting down and abandoning module MagicLeapAudio (286)
[2019.05.02-22.49.59:114][  7]LogModuleManager: Shutting down and abandoning module GameplayTagsEditor (284)
[2019.05.02-22.49.59:114][  7]LogModuleManager: Shutting down and abandoning module FacialAnimationEditor (282)
[2019.05.02-22.49.59:114][  7]LogModuleManager: Shutting down and abandoning module FacialAnimation (280)
[2019.05.02-22.49.59:114][  7]LogModuleManager: Shutting down and abandoning module DataValidation (278)
[2019.05.02-22.49.59:114][  7]LogModuleManager: Shutting down and abandoning module AssetManagerEditor (276)
[2019.05.02-22.49.59:115][  7]LogModuleManager: Shutting down and abandoning module LevelEditor (275)
[2019.05.02-22.49.59:116][  7]LogModuleManager: Shutting down and abandoning module PixelInspectorModule (274)
[2019.05.02-22.49.59:116][  7]LogModuleManager: Shutting down and abandoning module CommonMenuExtensions (272)
[2019.05.02-22.49.59:116][  7]LogModuleManager: Shutting down and abandoning module MainFrame (270)
[2019.05.02-22.49.59:117][  7]LogModuleManager: Shutting down and abandoning module HotReload (269)
[2019.05.02-22.49.59:117][  7]LogModuleManager: Shutting down and abandoning module ContentBrowser (265)
[2019.05.02-22.49.59:119][  7]LogModuleManager: Shutting down and abandoning module TreeMap (263)
[2019.05.02-22.49.59:119][  7]LogModuleManager: Shutting down and abandoning module LightPropagationVolumeRuntime (260)
[2019.05.02-22.49.59:119][  7]LogModuleManager: Shutting down and abandoning module AISupportModule (258)
[2019.05.02-22.49.59:119][  7]LogModuleManager: Shutting down and abandoning module Paper2D (256)
[2019.05.02-22.49.59:119][  7]LogModuleManager: Shutting down and abandoning module WindowsMoviePlayer (254)
[2019.05.02-22.49.59:119][  7]LogModuleManager: Shutting down and abandoning module WebMMoviePlayer (252)
[2019.05.02-22.49.59:119][  7]LogModuleManager: Shutting down and abandoning module WmfMedia (250)
[2019.05.02-22.49.59:122][  7]LogModuleManager: Shutting down and abandoning module Media (249)
[2019.05.02-22.49.59:130][  7]LogModuleManager: Shutting down and abandoning module PacketHandler (246)
[2019.05.02-22.49.59:130][  7]LogModuleManager: Shutting down and abandoning module ClothingSystemEditor (244)
[2019.05.02-22.49.59:130][  7]LogModuleManager: Shutting down and abandoning module ClothingSystemRuntime (242)
[2019.05.02-22.49.59:130][  7]LogModuleManager: Shutting down and abandoning module MediaAssets (240)
[2019.05.02-22.49.59:131][  7]LogModuleManager: Shutting down and abandoning module Overlay (238)
[2019.05.02-22.49.59:131][  7]LogModuleManager: Shutting down and abandoning module OverlayEditor (237)
[2019.05.02-22.49.59:131][  7]LogModuleManager: Shutting down and abandoning module VREditor (234)
[2019.05.02-22.49.59:131][  7]LogModuleManager: Shutting down and abandoning module StringTableEditor (232)
[2019.05.02-22.49.59:131][  7]LogModuleManager: Shutting down and abandoning module GameplayTasksEditor (230)
[2019.05.02-22.49.59:131][  7]LogModuleManager: Shutting down and abandoning module BehaviorTreeEditor (228)
[2019.05.02-22.49.59:131][  7]LogModuleManager: Shutting down and abandoning module FunctionalTesting (226)
[2019.05.02-22.49.59:131][  7]LogModuleManager: Shutting down and abandoning module CollisionAnalyzer (224)
[2019.05.02-22.49.59:131][  7]LogModuleManager: Shutting down and abandoning module WorkspaceMenuStructure (223)
[2019.05.02-22.49.59:131][  7]LogModuleManager: Shutting down and abandoning module UMG (220)
[2019.05.02-22.49.59:131][  7]LogModuleManager: Shutting down and abandoning module UMGEditor (219)
[2019.05.02-22.49.59:131][  7]LogModuleManager: Shutting down and abandoning module Sequencer (218)
[2019.05.02-22.49.59:132][  7]LogModuleManager: Shutting down and abandoning module MessageLog (215)
[2019.05.02-22.49.59:132][  7]LogModuleManager: Shutting down and abandoning module SlateReflector (210)
[2019.05.02-22.49.59:132][  7]LogModuleManager: Shutting down and abandoning module Slate (208)
[2019.05.02-22.49.59:132][  7]LogModuleManager: Shutting down and abandoning module EditorStyle (206)
[2019.05.02-22.49.59:135][  7]LogModuleManager: Shutting down and abandoning module MRMesh (204)
[2019.05.02-22.49.59:135][  7]LogModuleManager: Shutting down and abandoning module SourceCodeAccess (202)
[2019.05.02-22.49.59:135][  7]LogModuleManager: Shutting down and abandoning module HeadMountedDisplay (200)
[2019.05.02-22.49.59:135][  7]LogModuleManager: Shutting down and abandoning module XAudio2 (198)
[2019.05.02-22.49.59:135][  7]LogModuleManager: Shutting down and abandoning module Networking (196)
[2019.05.02-22.49.59:135][  7]LogModuleManager: Shutting down and abandoning module Core (194)
[2019.05.02-22.49.59:135][  7]LogModuleManager: Shutting down and abandoning module LevelSequence (192)
[2019.05.02-22.49.59:135][  7]LogModuleManager: Shutting down and abandoning module KismetCompiler (190)
[2019.05.02-22.49.59:135][  7]LogModuleManager: Shutting down and abandoning module MeshUtilities (188)
[2019.05.02-22.49.59:135][  7]LogModuleManager: Shutting down and abandoning module MeshMergeUtilities (187)
[2019.05.02-22.49.59:135][  7]LogModuleManager: Shutting down and abandoning module MeshReductionInterface (186)
[2019.05.02-22.49.59:136][  7]LogModuleManager: Shutting down and abandoning module SimplygonSwarm (185)
[2019.05.02-22.49.59:136][  7]LogModuleManager: Shutting down and abandoning module ProxyLODMeshReduction (183)
[2019.05.02-22.49.59:136][  7]LogModuleManager: Shutting down and abandoning module SimplygonMeshReduction (181)
[2019.05.02-22.49.59:136][  7]LogModuleManager: Shutting down and abandoning module QuadricMeshReduction (179)
[2019.05.02-22.49.59:136][  7]LogModuleManager: Shutting down and abandoning module MaterialBaking (175)
[2019.05.02-22.49.59:136][  7]LogModuleManager: Shutting down and abandoning module DirectoryWatcher (171)
[2019.05.02-22.49.59:136][  7]LogModuleManager: Shutting down and abandoning module DerivedDataCache (168)
[2019.05.02-22.49.59:563][  7]LogDerivedDataCache: Shutdown
[2019.05.02-22.49.59:563][  7]LogModuleManager: Shutting down and abandoning module XGEController (166)
[2019.05.02-22.49.59:563][  7]LogModuleManager: Shutting down and abandoning module TargetPlatform (164)
[2019.05.02-22.49.59:563][  7]LogModuleManager: Shutting down and abandoning module VulkanShaderFormat (163)
[2019.05.02-22.49.59:563][  7]LogModuleManager: Shutting down and abandoning module ShaderFormatVectorVM (161)
[2019.05.02-22.49.59:563][  7]LogModuleManager: Shutting down and abandoning module ShaderFormatOpenGL (159)
[2019.05.02-22.49.59:563][  7]LogModuleManager: Shutting down and abandoning module ShaderFormatD3D (157)
[2019.05.02-22.49.59:563][  7]LogModuleManager: Shutting down and abandoning module MetalShaderFormat (155)
[2019.05.02-22.49.59:563][  7]LogModuleManager: Shutting down and abandoning module TextureFormatUncompressed (153)
[2019.05.02-22.49.59:563][  7]LogModuleManager: Shutting down and abandoning module TextureFormatPVR (151)
[2019.05.02-22.49.59:563][  7]LogModuleManager: Shutting down and abandoning module TextureFormatDXT (149)
[2019.05.02-22.49.59:563][  7]LogModuleManager: Shutting down and abandoning module TextureFormatIntelISPCTexComp (147)
[2019.05.02-22.49.59:565][  7]LogModuleManager: Shutting down and abandoning module TextureFormatASTC (145)
[2019.05.02-22.49.59:565][  7]LogModuleManager: Shutting down and abandoning module ImageWrapper (144)
[2019.05.02-22.49.59:565][  7]LogModuleManager: Shutting down and abandoning module TextureFormatAndroid (141)
[2019.05.02-22.49.59:565][  7]LogModuleManager: Shutting down and abandoning module AudioFormatOpus (139)
[2019.05.02-22.49.59:565][  7]LogModuleManager: Shutting down and abandoning module AudioFormatOgg (137)
[2019.05.02-22.49.59:565][  7]LogModuleManager: Shutting down and abandoning module AudioFormatADPCM (135)
[2019.05.02-22.49.59:565][  7]LogModuleManager: Shutting down and abandoning module LuminTargetPlatform (133)
[2019.05.02-22.49.59:565][  7]LogModuleManager: Shutting down and abandoning module LinuxTargetPlatform (131)
[2019.05.02-22.49.59:565][  7]LogModuleManager: Shutting down and abandoning module LinuxServerTargetPlatform (129)
[2019.05.02-22.49.59:565][  7]LogModuleManager: Shutting down and abandoning module LinuxNoEditorTargetPlatform (127)
[2019.05.02-22.49.59:565][  7]LogModuleManager: Shutting down and abandoning module LinuxClientTargetPlatform (125)
[2019.05.02-22.49.59:565][  7]LogModuleManager: Shutting down and abandoning module TVOSTargetPlatform (123)
[2019.05.02-22.49.59:567][  7]LogModuleManager: Shutting down and abandoning module Messaging (121)
[2019.05.02-22.49.59:567][  7]LogModuleManager: Shutting down and abandoning module IOSTargetPlatform (119)
[2019.05.02-22.49.59:569][  7]LogModuleManager: Shutting down and abandoning module HTML5TargetPlatform (117)
[2019.05.02-22.49.59:569][  7]LogModuleManager: Shutting down and abandoning module AndroidTargetPlatform (115)
[2019.05.02-22.49.59:580][  7]LogModuleManager: Shutting down and abandoning module WindowsTargetPlatform (113)
[2019.05.02-22.49.59:580][  7]LogModuleManager: Shutting down and abandoning module WindowsServerTargetPlatform (111)
[2019.05.02-22.49.59:582][  7]LogModuleManager: Shutting down and abandoning module WindowsNoEditorTargetPlatform (109)
[2019.05.02-22.49.59:582][  7]LogModuleManager: Shutting down and abandoning module WindowsClientTargetPlatform (107)
[2019.05.02-22.49.59:582][  7]LogModuleManager: Shutting down and abandoning module MacTargetPlatform (105)
[2019.05.02-22.49.59:582][  7]LogModuleManager: Shutting down and abandoning module MacServerTargetPlatform (103)
[2019.05.02-22.49.59:582][  7]LogModuleManager: Shutting down and abandoning module MacNoEditorTargetPlatform (101)
[2019.05.02-22.49.59:582][  7]LogModuleManager: Shutting down and abandoning module MacClientTargetPlatform (99)
[2019.05.02-22.49.59:582][  7]LogModuleManager: Shutting down and abandoning module AllDesktopTargetPlatform (97)
[2019.05.02-22.49.59:582][  7]LogModuleManager: Shutting down and abandoning module InputCore (94)
[2019.05.02-22.49.59:582][  7]LogModuleManager: Shutting down and abandoning module Settings (92)
[2019.05.02-22.49.59:582][  7]LogModuleManager: Shutting down and abandoning module PhysXCooking (90)
[2019.05.02-22.49.59:582][  7]LogModuleManager: Shutting down and abandoning module WindowsMixedRealitySpatialInput (88)
[2019.05.02-22.49.59:582][  7]LogModuleManager: Shutting down and abandoning module WindowsMixedRealityHMD (86)
[2019.05.02-22.49.59:582][  7]LogModuleManager: Shutting down and abandoning module SteamVR (84)
[2019.05.02-22.49.59:582][  7]LogHMD: Freeing OpenVRDLLHandle.
[2019.05.02-22.49.59:582][  7]LogModuleManager: Shutting down and abandoning module ExampleDeviceProfileSelector (82)
[2019.05.02-22.49.59:582][  7]LogModuleManager: Shutting down and abandoning module LauncherChunkInstaller (80)
[2019.05.02-22.49.59:582][  7]LogModuleManager: Shutting down and abandoning module OnlineBlueprintSupport (78)
[2019.05.02-22.49.59:582][  7]LogModuleManager: Shutting down and abandoning module OnlineSubsystem (74)
[2019.05.02-22.49.59:584][  7]LogModuleManager: Shutting down and abandoning module XMPP (69)
[2019.05.02-22.49.59:584][  7]LogModuleManager: Shutting down and abandoning module WebSockets (68)
[2019.05.02-22.49.59:608][  7]LogModuleManager: Shutting down and abandoning module HTTP (65)
[2019.05.02-22.49.59:608][  7]LogHttp: Display: Http module shutting down, but needs to wait on 1 outstanding Http requests:
[2019.05.02-22.49.59:608][  7]LogHttp: Display: 	verb=[POST] url=[https://datarouter.ol.epicgames.com/datarouter/api/v1/public/data?SessionID=%7B66752A4F-472E-D065-FF88-459C936061D7%7D&AppID=UEEditor.Rocket.Release&AppVersion=4.21.1-4613538%2B%2B%2BUE4%2BRelease-4.21&UserID=ff678eaf4eec8c128e8e8baa56e7e61c%7C%7C9fd184a3-08a3-43ce-849b-391e79e81a39&AppEnvironment=datacollector-binary&UploadType=eteventstream] status=Processing
[2019.05.02-22.49.59:640][  7]LogModuleManager: Shutting down and abandoning module SSL (64)
[2019.05.02-22.49.59:643][  7]LogModuleManager: Shutting down and abandoning module MagicLeapIdentity (60)
[2019.05.02-22.49.59:643][  7]LogModuleManager: Shutting down and abandoning module MagicLeapHelperVulkan (58)
[2019.05.02-22.49.59:643][  7]LogModuleManager: Shutting down and abandoning module MagicLeapHelperOpenGL (56)
[2019.05.02-22.49.59:643][  7]LogModuleManager: Shutting down and abandoning module MagicLeapSecureStorage (54)
[2019.05.02-22.49.59:643][  7]LogModuleManager: Shutting down and abandoning module MagicLeapHandTracking (52)
[2019.05.02-22.49.59:644][  7]LogModuleManager: Shutting down and abandoning module MagicLeapEyeTracker (50)
[2019.05.02-22.49.59:644][  7]LogModuleManager: Shutting down and abandoning module MagicLeapController (48)
[2019.05.02-22.49.59:644][  7]LogSlate: Slate User Destroyed.  User Index 0, Is Virtual User: 0
[2019.05.02-22.49.59:644][  7]LogModuleManager: Shutting down and abandoning module MagicLeap (46)
[2019.05.02-22.49.59:644][  7]LogModuleManager: Shutting down and abandoning module DatasmithContent (44)
[2019.05.02-22.49.59:648][  7]LogModuleManager: Shutting down and abandoning module OpenCVHelper (42)
[2019.05.02-22.49.59:650][  7]LogModuleManager: Shutting down and abandoning module OpenCVLensDistortion (40)
[2019.05.02-22.49.59:650][  7]LogModuleManager: Shutting down and abandoning module OpenCVLensCalibration (38)
[2019.05.02-22.49.59:650][  7]LogModuleManager: Shutting down and abandoning module AnimationModifiers (36)
[2019.05.02-22.49.59:650][  7]LogModuleManager: Shutting down and abandoning module PropertyEditor (35)
[2019.05.02-22.49.59:650][  7]LogModuleManager: Shutting down and abandoning module AudioEditor (32)
[2019.05.02-22.49.59:650][  7]LogModuleManager: Shutting down and abandoning module TextureCompressor (30)
[2019.05.02-22.49.59:657][  7]LogModuleManager: Shutting down and abandoning module ShaderCore (28)
[2019.05.02-22.49.59:657][  7]LogModuleManager: Shutting down and abandoning module Landscape (26)
[2019.05.02-22.49.59:657][  7]LogModuleManager: Shutting down and abandoning module SlateRHIRenderer (24)
[2019.05.02-22.49.59:657][  7]LogModuleManager: Shutting down and abandoning module OpenGLDrv (22)
[2019.05.02-22.49.59:658][  7]LogModuleManager: Shutting down and abandoning module D3D11RHI (20)
[2019.05.02-22.49.59:658][  7]LogModuleManager: Shutting down and abandoning module AnimGraphRuntime (18)
[2019.05.02-22.49.59:658][  7]LogModuleManager: Shutting down and abandoning module Renderer (16)
[2019.05.02-22.49.59:658][  7]LogModuleManager: Shutting down and abandoning module Engine (14)
[2019.05.02-22.49.59:658][  7]LogModuleManager: Shutting down and abandoning module CoreUObject (12)
[2019.05.02-22.49.59:658][  7]LogModuleManager: Shutting down and abandoning module NetworkFile (10)
[2019.05.02-22.49.59:658][  7]LogModuleManager: Shutting down and abandoning module CookedIterativeFile (8)
[2019.05.02-22.49.59:658][  7]LogModuleManager: Shutting down and abandoning module StreamingFile (6)
[2019.05.02-22.49.59:658][  7]LogModuleManager: Shutting down and abandoning module SandboxFile (4)
[2019.05.02-22.49.59:658][  7]LogModuleManager: Shutting down and abandoning module PakFile (2)
[2019.05.02-22.49.59:700][  7]LogExit: Exiting.
[2019.05.02-22.49.59:708][  7]Log file closed, 05/02/19 18:49:59
